{"@timestamp":"2019-10-27T06:41:41.408Z","@metadata":{"beat":"winlogbeat","type":"_doc","version":"7.4.0","topic":"winlogbeat"},"host":{"name":"WECServer"},"agent":{"version":"7.4.0","type":"winlogbeat","ephemeral_id":"81582c0c-9ac2-4a94-ad39-6e6f4ce9d096","hostname":"WECServer","id":"72887cd5-18d3-415c-ada9-cfb237f9309f"},"winlog":{"version":5,"event_id":3,"task":"Network connection detected (rule: NetworkConnect)","api":"wineventlog","event_data":{"DestinationIp":"172.18.39.5","ProcessId":"4","User":"NT AUTHORITY\\SYSTEM","SourceIsIpv6":"false","DestinationHostname":"HFDC01.shire.com","Initiated":"false","UtcTime":"2019-10-27 06:41:39.515","SourceIp":"172.18.39.105","DestinationPort":"445","Protocol":"tcp","SourceHostname":"ip-172-18-39-105.ec2.internal","ProcessGuid":"{e7604876-0803-5db5-0000-0010eb030000}","DestinationPortName":"microsoft-ds","Image":"System","SourcePort":"51545","DestinationIsIpv6":"false"},"computer_name":"HFDC01.shire.com","opcode":"Info","channel":"Microsoft-Windows-Sysmon/Operational","record_id":254668,"user":{"identifier":"S-1-5-18","name":"SYSTEM","domain":"NT AUTHORITY","type":"User"},"provider_name":"Microsoft-Windows-Sysmon","provider_guid":"{5770385f-c22a-43e0-bf4c-06f5698ffbd9}","process":{"pid":2860,"thread":{"id":3684}}},"event":{"code":3,"action":"Network connection detected (rule: NetworkConnect)","created":"2019-10-27T06:41:44.500Z","kind":"event"},"log":{"level":"information"},"message":"Network connection detected:\nRuleName: \nUtcTime: 2019-10-27 06:41:39.515\nProcessGuid: {e7604876-0803-5db5-0000-0010eb030000}\nProcessId: 4\nImage: System\nUser: NT AUTHORITY\\SYSTEM\nProtocol: tcp\nInitiated: false\nSourceIsIpv6: false\nSourceIp: 172.18.39.105\nSourceHostname: ip-172-18-39-105.ec2.internal\nSourcePort: 51545\nSourcePortName: \nDestinationIsIpv6: false\nDestinationIp: 172.18.39.5\nDestinationHostname: HFDC01.shire.com\nDestinationPort: 445\nDestinationPortName: microsoft-ds","ecs":{"version":"1.1.0"}}
{"@timestamp":"2019-10-27T06:41:41.480Z","@metadata":{"beat":"winlogbeat","type":"_doc","version":"7.4.0","topic":"winlogbeat"},"agent":{"type":"winlogbeat","ephemeral_id":"81582c0c-9ac2-4a94-ad39-6e6f4ce9d096","hostname":"WECServer","id":"72887cd5-18d3-415c-ada9-cfb237f9309f","version":"7.4.0"},"winlog":{"user":{"identifier":"S-1-5-18","name":"SYSTEM","domain":"NT AUTHORITY","type":"User"},"event_data":{"Initiated":"true","ProcessId":"4","SourceIp":"172.18.39.105","Image":"System","Protocol":"tcp","UtcTime":"2019-10-27 06:41:39.550","DestinationIsIpv6":"false","DestinationPort":"445","User":"NT AUTHORITY\\SYSTEM","DestinationHostname":"ip-172-18-39-5.ec2.internal","SourceIsIpv6":"false","SourceHostname":"IT001.shire.com","ProcessGuid":"{a158f72c-0ab2-5db5-0000-0010eb030000}","DestinationIp":"172.18.39.5","SourcePort":"51545","DestinationPortName":"microsoft-ds"},"event_id":3,"api":"wineventlog","computer_name":"IT001.shire.com","provider_name":"Microsoft-Windows-Sysmon","channel":"Microsoft-Windows-Sysmon/Operational","provider_guid":"{5770385f-c22a-43e0-bf4c-06f5698ffbd9}","process":{"pid":3168,"thread":{"id":4076}},"record_id":273711,"task":"Network connection detected (rule: NetworkConnect)","opcode":"Info","version":5},"event":{"created":"2019-10-27T06:41:44.500Z","kind":"event","code":3,"action":"Network connection detected (rule: NetworkConnect)"},"log":{"level":"information"},"message":"Network connection detected:\nRuleName: \nUtcTime: 2019-10-27 06:41:39.550\nProcessGuid: {a158f72c-0ab2-5db5-0000-0010eb030000}\nProcessId: 4\nImage: System\nUser: NT AUTHORITY\\SYSTEM\nProtocol: tcp\nInitiated: true\nSourceIsIpv6: false\nSourceIp: 172.18.39.105\nSourceHostname: IT001.shire.com\nSourcePort: 51545\nSourcePortName: \nDestinationIsIpv6: false\nDestinationIp: 172.18.39.5\nDestinationHostname: ip-172-18-39-5.ec2.internal\nDestinationPort: 445\nDestinationPortName: microsoft-ds","ecs":{"version":"1.1.0"},"host":{"name":"WECServer"}}
{"@timestamp":"2019-10-27T06:41:42.816Z","@metadata":{"beat":"winlogbeat","type":"_doc","version":"7.4.0","topic":"winlogbeat"},"ecs":{"version":"1.1.0"},"host":{"name":"WECServer"},"agent":{"hostname":"WECServer","id":"72887cd5-18d3-415c-ada9-cfb237f9309f","version":"7.4.0","type":"winlogbeat","ephemeral_id":"81582c0c-9ac2-4a94-ad39-6e6f4ce9d096"},"winlog":{"record_id":254669,"opcode":"Info","user":{"identifier":"S-1-5-18","name":"SYSTEM","domain":"NT AUTHORITY","type":"User"},"task":"Process accessed (rule: ProcessAccess)","event_data":{"SourceProcessId":"620","UtcTime":"2019-10-27 06:41:42.814","SourceThreadId":"3164","TargetProcessId":"508","GrantedAccess":"0x1000","CallTrace":"C:\\Windows\\SYSTEM32\\ntdll.dll+9fc24|C:\\Windows\\System32\\KERNELBASE.dll+6bcc5|c:\\windows\\system32\\lsm.dll+e575|C:\\Windows\\System32\\RPCRT4.dll+77823|C:\\Windows\\System32\\RPCRT4.dll+db4a6|C:\\Windows\\System32\\RPCRT4.dll+10d20|C:\\Windows\\System32\\RPCRT4.dll+54a38|C:\\Windows\\System32\\RPCRT4.dll+304b0|C:\\Windows\\System32\\RPCRT4.dll+2fe5b|C:\\Windows\\System32\\RPCRT4.dll+221ff|C:\\Windows\\System32\\RPCRT4.dll+2165a|C:\\Windows\\System32\\RPCRT4.dll+20c21|C:\\Windows\\System32\\RPCRT4.dll+20692|C:\\Windows\\System32\\RPCRT4.dll+17465|C:\\Windows\\SYSTEM32\\ntdll.dll+4f4c0|C:\\Windows\\SYSTEM32\\ntdll.dll+50348|C:\\Windows\\System32\\KERNEL32.DLL+17974|C:\\Windows\\SYSTEM32\\ntdll.dll+6a271","SourceProcessGUID":"{e7604876-0809-5db5-0000-001022b50000}","TargetProcessGUID":"{e7604876-0894-5db5-0000-001035540500}","SourceImage":"C:\\Windows\\system32\\svchost.exe","TargetImage":"C:\\Windows\\System32\\svchost.exe"},"provider_guid":"{5770385f-c22a-43e0-bf4c-06f5698ffbd9}","version":3,"process":{"pid":2860,"thread":{"id":3700}},"provider_name":"Microsoft-Windows-Sysmon","computer_name":"HFDC01.shire.com","channel":"Microsoft-Windows-Sysmon/Operational","event_id":10,"api":"wineventlog"},"event":{"code":10,"action":"Process accessed (rule: ProcessAccess)","created":"2019-10-27T06:41:45.507Z","kind":"event"},"log":{"level":"information"},"message":"Process accessed:\nRuleName: \nUtcTime: 2019-10-27 06:41:42.814\nSourceProcessGUID: {e7604876-0809-5db5-0000-001022b50000}\nSourceProcessId: 620\nSourceThreadId: 3164\nSourceImage: C:\\Windows\\system32\\svchost.exe\nTargetProcessGUID: {e7604876-0894-5db5-0000-001035540500}\nTargetProcessId: 508\nTargetImage: C:\\Windows\\System32\\svchost.exe\nGrantedAccess: 0x1000\nCallTrace: C:\\Windows\\SYSTEM32\\ntdll.dll+9fc24|C:\\Windows\\System32\\KERNELBASE.dll+6bcc5|c:\\windows\\system32\\lsm.dll+e575|C:\\Windows\\System32\\RPCRT4.dll+77823|C:\\Windows\\System32\\RPCRT4.dll+db4a6|C:\\Windows\\System32\\RPCRT4.dll+10d20|C:\\Windows\\System32\\RPCRT4.dll+54a38|C:\\Windows\\System32\\RPCRT4.dll+304b0|C:\\Windows\\System32\\RPCRT4.dll+2fe5b|C:\\Windows\\System32\\RPCRT4.dll+221ff|C:\\Windows\\System32\\RPCRT4.dll+2165a|C:\\Windows\\System32\\RPCRT4.dll+20c21|C:\\Windows\\System32\\RPCRT4.dll+20692|C:\\Windows\\System32\\RPCRT4.dll+17465|C:\\Windows\\SYSTEM32\\ntdll.dll+4f4c0|C:\\Windows\\SYSTEM32\\ntdll.dll+50348|C:\\Windows\\System32\\KERNEL32.DLL+17974|C:\\Windows\\SYSTEM32\\ntdll.dll+6a271"}
{"@timestamp":"2019-10-27T06:41:42.816Z","@metadata":{"beat":"winlogbeat","type":"_doc","version":"7.4.0","topic":"winlogbeat"},"winlog":{"record_id":254670,"task":"Process accessed (rule: ProcessAccess)","api":"wineventlog","provider_guid":"{5770385f-c22a-43e0-bf4c-06f5698ffbd9}","provider_name":"Microsoft-Windows-Sysmon","user":{"identifier":"S-1-5-18","name":"SYSTEM","domain":"NT AUTHORITY","type":"User"},"opcode":"Info","event_data":{"TargetImage":"C:\\Windows\\System32\\svchost.exe","GrantedAccess":"0x1000","SourceImage":"C:\\Windows\\system32\\svchost.exe","TargetProcessId":"508","SourceProcessId":"620","TargetProcessGUID":"{e7604876-0894-5db5-0000-001035540500}","CallTrace":"C:\\Windows\\SYSTEM32\\ntdll.dll+9fc24|C:\\Windows\\System32\\KERNELBASE.dll+6bcc5|c:\\windows\\system32\\lsm.dll+ebf0|C:\\Windows\\System32\\RPCRT4.dll+77823|C:\\Windows\\System32\\RPCRT4.dll+db4a6|C:\\Windows\\System32\\RPCRT4.dll+10d20|C:\\Windows\\System32\\RPCRT4.dll+54a38|C:\\Windows\\System32\\RPCRT4.dll+304b0|C:\\Windows\\System32\\RPCRT4.dll+2fe5b|C:\\Windows\\System32\\RPCRT4.dll+221ff|C:\\Windows\\System32\\RPCRT4.dll+2165a|C:\\Windows\\System32\\RPCRT4.dll+20c21|C:\\Windows\\System32\\RPCRT4.dll+20692|C:\\Windows\\System32\\RPCRT4.dll+17465|C:\\Windows\\SYSTEM32\\ntdll.dll+4f4c0|C:\\Windows\\SYSTEM32\\ntdll.dll+50348|C:\\Windows\\System32\\KERNEL32.DLL+17974|C:\\Windows\\SYSTEM32\\ntdll.dll+6a271","UtcTime":"2019-10-27 06:41:42.814","SourceThreadId":"3164","SourceProcessGUID":"{e7604876-0809-5db5-0000-001022b50000}"},"version":3,"channel":"Microsoft-Windows-Sysmon/Operational","event_id":10,"process":{"pid":2860,"thread":{"id":3700}},"computer_name":"HFDC01.shire.com"},"event":{"kind":"event","code":10,"action":"Process accessed (rule: ProcessAccess)","created":"2019-10-27T06:41:45.507Z"},"log":{"level":"information"},"message":"Process accessed:\nRuleName: \nUtcTime: 2019-10-27 06:41:42.814\nSourceProcessGUID: {e7604876-0809-5db5-0000-001022b50000}\nSourceProcessId: 620\nSourceThreadId: 3164\nSourceImage: C:\\Windows\\system32\\svchost.exe\nTargetProcessGUID: {e7604876-0894-5db5-0000-001035540500}\nTargetProcessId: 508\nTargetImage: C:\\Windows\\System32\\svchost.exe\nGrantedAccess: 0x1000\nCallTrace: C:\\Windows\\SYSTEM32\\ntdll.dll+9fc24|C:\\Windows\\System32\\KERNELBASE.dll+6bcc5|c:\\windows\\system32\\lsm.dll+ebf0|C:\\Windows\\System32\\RPCRT4.dll+77823|C:\\Windows\\System32\\RPCRT4.dll+db4a6|C:\\Windows\\System32\\RPCRT4.dll+10d20|C:\\Windows\\System32\\RPCRT4.dll+54a38|C:\\Windows\\System32\\RPCRT4.dll+304b0|C:\\Windows\\System32\\RPCRT4.dll+2fe5b|C:\\Windows\\System32\\RPCRT4.dll+221ff|C:\\Windows\\System32\\RPCRT4.dll+2165a|C:\\Windows\\System32\\RPCRT4.dll+20c21|C:\\Windows\\System32\\RPCRT4.dll+20692|C:\\Windows\\System32\\RPCRT4.dll+17465|C:\\Windows\\SYSTEM32\\ntdll.dll+4f4c0|C:\\Windows\\SYSTEM32\\ntdll.dll+50348|C:\\Windows\\System32\\KERNEL32.DLL+17974|C:\\Windows\\SYSTEM32\\ntdll.dll+6a271","ecs":{"version":"1.1.0"},"host":{"name":"WECServer"},"agent":{"version":"7.4.0","type":"winlogbeat","ephemeral_id":"81582c0c-9ac2-4a94-ad39-6e6f4ce9d096","hostname":"WECServer","id":"72887cd5-18d3-415c-ada9-cfb237f9309f"}}
{"@timestamp":"2019-10-27T06:41:42.816Z","@metadata":{"beat":"winlogbeat","type":"_doc","version":"7.4.0","topic":"winlogbeat"},"message":"Process accessed:\nRuleName: \nUtcTime: 2019-10-27 06:41:42.814\nSourceProcessGUID: {e7604876-0809-5db5-0000-001022b50000}\nSourceProcessId: 620\nSourceThreadId: 3164\nSourceImage: C:\\Windows\\system32\\svchost.exe\nTargetProcessGUID: {e7604876-0894-5db5-0000-001035540500}\nTargetProcessId: 508\nTargetImage: C:\\Windows\\System32\\svchost.exe\nGrantedAccess: 0x1000\nCallTrace: C:\\Windows\\SYSTEM32\\ntdll.dll+9fc24|C:\\Windows\\System32\\KERNELBASE.dll+6bcc5|c:\\windows\\system32\\lsm.dll+ea4e|C:\\Windows\\System32\\RPCRT4.dll+77823|C:\\Windows\\System32\\RPCRT4.dll+db4a6|C:\\Windows\\System32\\RPCRT4.dll+10d20|C:\\Windows\\System32\\RPCRT4.dll+54a38|C:\\Windows\\System32\\RPCRT4.dll+304b0|C:\\Windows\\System32\\RPCRT4.dll+2fe5b|C:\\Windows\\System32\\RPCRT4.dll+221ff|C:\\Windows\\System32\\RPCRT4.dll+2165a|C:\\Windows\\System32\\RPCRT4.dll+20c21|C:\\Windows\\System32\\RPCRT4.dll+20692|C:\\Windows\\System32\\RPCRT4.dll+17465|C:\\Windows\\SYSTEM32\\ntdll.dll+4f4c0|C:\\Windows\\SYSTEM32\\ntdll.dll+50348|C:\\Windows\\System32\\KERNEL32.DLL+17974|C:\\Windows\\SYSTEM32\\ntdll.dll+6a271","winlog":{"process":{"pid":2860,"thread":{"id":3700}},"channel":"Microsoft-Windows-Sysmon/Operational","event_id":10,"version":3,"task":"Process accessed (rule: ProcessAccess)","provider_guid":"{5770385f-c22a-43e0-bf4c-06f5698ffbd9}","api":"wineventlog","opcode":"Info","event_data":{"GrantedAccess":"0x1000","SourceThreadId":"3164","TargetProcessId":"508","CallTrace":"C:\\Windows\\SYSTEM32\\ntdll.dll+9fc24|C:\\Windows\\System32\\KERNELBASE.dll+6bcc5|c:\\windows\\system32\\lsm.dll+ea4e|C:\\Windows\\System32\\RPCRT4.dll+77823|C:\\Windows\\System32\\RPCRT4.dll+db4a6|C:\\Windows\\System32\\RPCRT4.dll+10d20|C:\\Windows\\System32\\RPCRT4.dll+54a38|C:\\Windows\\System32\\RPCRT4.dll+304b0|C:\\Windows\\System32\\RPCRT4.dll+2fe5b|C:\\Windows\\System32\\RPCRT4.dll+221ff|C:\\Windows\\System32\\RPCRT4.dll+2165a|C:\\Windows\\System32\\RPCRT4.dll+20c21|C:\\Windows\\System32\\RPCRT4.dll+20692|C:\\Windows\\System32\\RPCRT4.dll+17465|C:\\Windows\\SYSTEM32\\ntdll.dll+4f4c0|C:\\Windows\\SYSTEM32\\ntdll.dll+50348|C:\\Windows\\System32\\KERNEL32.DLL+17974|C:\\Windows\\SYSTEM32\\ntdll.dll+6a271","SourceProcessGUID":"{e7604876-0809-5db5-0000-001022b50000}","TargetImage":"C:\\Windows\\System32\\svchost.exe","TargetProcessGUID":"{e7604876-0894-5db5-0000-001035540500}","SourceProcessId":"620","SourceImage":"C:\\Windows\\system32\\svchost.exe","UtcTime":"2019-10-27 06:41:42.814"},"provider_name":"Microsoft-Windows-Sysmon","record_id":254671,"computer_name":"HFDC01.shire.com","user":{"identifier":"S-1-5-18","name":"SYSTEM","domain":"NT AUTHORITY","type":"User"}},"event":{"created":"2019-10-27T06:41:45.507Z","kind":"event","code":10,"action":"Process accessed (rule: ProcessAccess)"},"log":{"level":"information"},"ecs":{"version":"1.1.0"},"host":{"name":"WECServer"},"agent":{"id":"72887cd5-18d3-415c-ada9-cfb237f9309f","version":"7.4.0","type":"winlogbeat","ephemeral_id":"81582c0c-9ac2-4a94-ad39-6e6f4ce9d096","hostname":"WECServer"}}
{"@timestamp":"2019-10-27T06:41:42.948Z","@metadata":{"beat":"winlogbeat","type":"_doc","version":"7.4.0","topic":"winlogbeat"},"host":{"name":"WECServer"},"agent":{"type":"winlogbeat","ephemeral_id":"81582c0c-9ac2-4a94-ad39-6e6f4ce9d096","hostname":"WECServer","id":"72887cd5-18d3-415c-ada9-cfb237f9309f","version":"7.4.0"},"ecs":{"version":"1.1.0"},"message":"File created:\nRuleName: \nUtcTime: 2019-10-27 06:41:42.947\nProcessGuid: {796d2c71-0b04-5db5-0000-0010cdf00000}\nProcessId: 1444\nImage: C:\\Windows\\System32\\svchost.exe\nTargetFilename: C:\\Windows\\ServiceState\\EventLog\\Data\\lastalive1.dat\nCreationUtcTime: 2019-10-27 03:13:04.820","winlog":{"computer_name":"FILE001.shire.com","process":{"pid":2828,"thread":{"id":3456}},"channel":"Microsoft-Windows-Sysmon/Operational","provider_guid":"{5770385f-c22a-43e0-bf4c-06f5698ffbd9}","version":2,"opcode":"Info","user":{"identifier":"S-1-5-18","name":"SYSTEM","domain":"NT AUTHORITY","type":"User"},"event_data":{"Image":"C:\\Windows\\System32\\svchost.exe","TargetFilename":"C:\\Windows\\ServiceState\\EventLog\\Data\\lastalive1.dat","CreationUtcTime":"2019-10-27 03:13:04.820","UtcTime":"2019-10-27 06:41:42.947","ProcessGuid":"{796d2c71-0b04-5db5-0000-0010cdf00000}","ProcessId":"1444"},"api":"wineventlog","event_id":11,"provider_name":"Microsoft-Windows-Sysmon","record_id":138945,"task":"File created (rule: FileCreate)"},"event":{"kind":"event","code":11,"action":"File created (rule: FileCreate)","created":"2019-10-27T06:41:45.507Z"},"log":{"level":"information"}}
{"@timestamp":"2019-10-27T06:41:42.960Z","@metadata":{"beat":"winlogbeat","type":"_doc","version":"7.4.0","topic":"winlogbeat"},"ecs":{"version":"1.1.0"},"host":{"name":"WECServer"},"message":"Image loaded:\nRuleName: \nUtcTime: 2019-10-27 06:41:42.947\nProcessGuid: {796d2c71-0b7f-5db5-0000-001035b00d00}\nProcessId: 4776\nImage: C:\\Windows\\System32\\svchost.exe\nImageLoaded: C:\\Windows\\System32\\perfctrs.dll\nFileVersion: 10.0.17763.1 (WinBuild.160101.0800)\nDescription: Performance Counters\nProduct: Microsoft Windows Operating System\nCompany: Microsoft Corporation\nOriginalFileName: PERFCTRS.DLL\nHashes: SHA1=F81D76B9C3499F8712FA6398554C10D389103930,MD5=27EAC9BA127C20BEEBF0BE4179ECC380,SHA256=28A8E73239C7556FD420A5A09A05CBD04C38230E0CBEAEF7D6874135261221EE,IMPHASH=E8B7A8ECDACB5ADA645B4DF7BF877CFE\nSigned: true\nSignature: Microsoft Windows\nSignatureStatus: Valid","winlog":{"channel":"Microsoft-Windows-Sysmon/Operational","version":3,"process":{"pid":2828,"thread":{"id":3456}},"record_id":138946,"provider_guid":"{5770385f-c22a-43e0-bf4c-06f5698ffbd9}","event_data":{"ProcessGuid":"{796d2c71-0b7f-5db5-0000-001035b00d00}","SignatureStatus":"Valid","Image":"C:\\Windows\\System32\\svchost.exe","OriginalFileName":"PERFCTRS.DLL","ImageLoaded":"C:\\Windows\\System32\\perfctrs.dll","Hashes":"SHA1=F81D76B9C3499F8712FA6398554C10D389103930,MD5=27EAC9BA127C20BEEBF0BE4179ECC380,SHA256=28A8E73239C7556FD420A5A09A05CBD04C38230E0CBEAEF7D6874135261221EE,IMPHASH=E8B7A8ECDACB5ADA645B4DF7BF877CFE","Description":"Performance Counters","Product":"Microsoft Windows Operating System","UtcTime":"2019-10-27 06:41:42.947","Signed":"true","ProcessId":"4776","FileVersion":"10.0.17763.1 (WinBuild.160101.0800)","Company":"Microsoft Corporation","Signature":"Microsoft Windows"},"provider_name":"Microsoft-Windows-Sysmon","task":"Image loaded (rule: ImageLoad)","api":"wineventlog","opcode":"Info","event_id":7,"computer_name":"FILE001.shire.com","user":{"domain":"NT AUTHORITY","type":"User","identifier":"S-1-5-18","name":"SYSTEM"}},"event":{"code":7,"action":"Image loaded (rule: ImageLoad)","created":"2019-10-27T06:41:45.507Z","kind":"event"},"log":{"level":"information"},"agent":{"hostname":"WECServer","id":"72887cd5-18d3-415c-ada9-cfb237f9309f","version":"7.4.0","type":"winlogbeat","ephemeral_id":"81582c0c-9ac2-4a94-ad39-6e6f4ce9d096"}}
{"@timestamp":"2019-10-27T06:41:42.973Z","@metadata":{"beat":"winlogbeat","type":"_doc","version":"7.4.0","topic":"winlogbeat"},"event":{"kind":"event","code":7,"action":"Image loaded (rule: ImageLoad)","created":"2019-10-27T06:41:45.507Z"},"log":{"level":"information"},"message":"Image loaded:\nRuleName: \nUtcTime: 2019-10-27 06:41:42.963\nProcessGuid: {796d2c71-0b7f-5db5-0000-001035b00d00}\nProcessId: 4776\nImage: C:\\Windows\\System32\\svchost.exe\nImageLoaded: C:\\Windows\\System32\\perfctrs.dll\nFileVersion: 10.0.17763.1 (WinBuild.160101.0800)\nDescription: Performance Counters\nProduct: Microsoft Windows Operating System\nCompany: Microsoft Corporation\nOriginalFileName: PERFCTRS.DLL\nHashes: SHA1=F81D76B9C3499F8712FA6398554C10D389103930,MD5=27EAC9BA127C20BEEBF0BE4179ECC380,SHA256=28A8E73239C7556FD420A5A09A05CBD04C38230E0CBEAEF7D6874135261221EE,IMPHASH=E8B7A8ECDACB5ADA645B4DF7BF877CFE\nSigned: true\nSignature: Microsoft Windows\nSignatureStatus: Valid","ecs":{"version":"1.1.0"},"host":{"name":"WECServer"},"agent":{"hostname":"WECServer","id":"72887cd5-18d3-415c-ada9-cfb237f9309f","version":"7.4.0","type":"winlogbeat","ephemeral_id":"81582c0c-9ac2-4a94-ad39-6e6f4ce9d096"},"winlog":{"user":{"identifier":"S-1-5-18","name":"SYSTEM","domain":"NT AUTHORITY","type":"User"},"channel":"Microsoft-Windows-Sysmon/Operational","task":"Image loaded (rule: ImageLoad)","event_data":{"ImageLoaded":"C:\\Windows\\System32\\perfctrs.dll","OriginalFileName":"PERFCTRS.DLL","Signature":"Microsoft Windows","Signed":"true","UtcTime":"2019-10-27 06:41:42.963","SignatureStatus":"Valid","Image":"C:\\Windows\\System32\\svchost.exe","Company":"Microsoft Corporation","ProcessId":"4776","FileVersion":"10.0.17763.1 (WinBuild.160101.0800)","ProcessGuid":"{796d2c71-0b7f-5db5-0000-001035b00d00}","Description":"Performance Counters","Product":"Microsoft Windows Operating System","Hashes":"SHA1=F81D76B9C3499F8712FA6398554C10D389103930,MD5=27EAC9BA127C20BEEBF0BE4179ECC380,SHA256=28A8E73239C7556FD420A5A09A05CBD04C38230E0CBEAEF7D6874135261221EE,IMPHASH=E8B7A8ECDACB5ADA645B4DF7BF877CFE"},"opcode":"Info","version":3,"process":{"pid":2828,"thread":{"id":3456}},"event_id":7,"provider_name":"Microsoft-Windows-Sysmon","record_id":138947,"computer_name":"FILE001.shire.com","provider_guid":"{5770385f-c22a-43e0-bf4c-06f5698ffbd9}","api":"wineventlog"}}
{"@timestamp":"2019-10-27T06:41:42.986Z","@metadata":{"beat":"winlogbeat","type":"_doc","version":"7.4.0","topic":"winlogbeat"},"log":{"level":"information"},"message":"Image loaded:\nRuleName: \nUtcTime: 2019-10-27 06:41:42.978\nProcessGuid: {796d2c71-0b7f-5db5-0000-001035b00d00}\nProcessId: 4776\nImage: C:\\Windows\\System32\\svchost.exe\nImageLoaded: C:\\Windows\\System32\\perfctrs.dll\nFileVersion: 10.0.17763.1 (WinBuild.160101.0800)\nDescription: Performance Counters\nProduct: Microsoft Windows Operating System\nCompany: Microsoft Corporation\nOriginalFileName: PERFCTRS.DLL\nHashes: SHA1=F81D76B9C3499F8712FA6398554C10D389103930,MD5=27EAC9BA127C20BEEBF0BE4179ECC380,SHA256=28A8E73239C7556FD420A5A09A05CBD04C38230E0CBEAEF7D6874135261221EE,IMPHASH=E8B7A8ECDACB5ADA645B4DF7BF877CFE\nSigned: true\nSignature: Microsoft Windows\nSignatureStatus: Valid","winlog":{"version":3,"event_data":{"Hashes":"SHA1=F81D76B9C3499F8712FA6398554C10D389103930,MD5=27EAC9BA127C20BEEBF0BE4179ECC380,SHA256=28A8E73239C7556FD420A5A09A05CBD04C38230E0CBEAEF7D6874135261221EE,IMPHASH=E8B7A8ECDACB5ADA645B4DF7BF877CFE","Company":"Microsoft Corporation","Signature":"Microsoft Windows","Product":"Microsoft Windows Operating System","Image":"C:\\Windows\\System32\\svchost.exe","ProcessGuid":"{796d2c71-0b7f-5db5-0000-001035b00d00}","FileVersion":"10.0.17763.1 (WinBuild.160101.0800)","UtcTime":"2019-10-27 06:41:42.978","Description":"Performance Counters","Signed":"true","SignatureStatus":"Valid","ProcessId":"4776","ImageLoaded":"C:\\Windows\\System32\\perfctrs.dll","OriginalFileName":"PERFCTRS.DLL"},"provider_name":"Microsoft-Windows-Sysmon","computer_name":"FILE001.shire.com","process":{"pid":2828,"thread":{"id":3456}},"user":{"type":"User","identifier":"S-1-5-18","name":"SYSTEM","domain":"NT AUTHORITY"},"channel":"Microsoft-Windows-Sysmon/Operational","opcode":"Info","record_id":138948,"task":"Image loaded (rule: ImageLoad)","event_id":7,"api":"wineventlog","provider_guid":"{5770385f-c22a-43e0-bf4c-06f5698ffbd9}"},"ecs":{"version":"1.1.0"},"host":{"name":"WECServer"},"agent":{"hostname":"WECServer","id":"72887cd5-18d3-415c-ada9-cfb237f9309f","version":"7.4.0","type":"winlogbeat","ephemeral_id":"81582c0c-9ac2-4a94-ad39-6e6f4ce9d096"},"event":{"kind":"event","code":7,"action":"Image loaded (rule: ImageLoad)","created":"2019-10-27T06:41:45.507Z"}}
{"@timestamp":"2019-10-27T06:41:43.027Z","@metadata":{"beat":"winlogbeat","type":"_doc","version":"7.4.0","topic":"winlogbeat"},"agent":{"hostname":"WECServer","id":"72887cd5-18d3-415c-ada9-cfb237f9309f","version":"7.4.0","type":"winlogbeat","ephemeral_id":"81582c0c-9ac2-4a94-ad39-6e6f4ce9d096"},"ecs":{"version":"1.1.0"},"winlog":{"event_id":10,"opcode":"Info","provider_guid":"{5770385f-c22a-43e0-bf4c-06f5698ffbd9}","event_data":{"SourceProcessId":"1432","GrantedAccess":"0x2000","SourceThreadId":"2092","SourceImage":"C:\\Windows\\system32\\svchost.exe","TargetProcessId":"5772","TargetImage":"C:\\Windows\\Explorer.EXE","CallTrace":"C:\\Windows\\SYSTEM32\\ntdll.dll+9c524|C:\\Windows\\System32\\KERNELBASE.dll+2730e|c:\\windows\\system32\\sysmain.dll+163d0|c:\\windows\\system32\\sysmain.dll+16275|c:\\windows\\system32\\sysmain.dll+1c480|c:\\windows\\system32\\sysmain.dll+1bf95|c:\\windows\\system32\\sysmain.dll+74a8a|c:\\windows\\system32\\sysmain.dll+73ae2|c:\\windows\\system32\\sysmain.dll+60223|C:\\Windows\\system32\\svchost.exe+314c|C:\\Windows\\System32\\sechost.dll+2de2|C:\\Windows\\System32\\KERNEL32.DLL+17944|C:\\Windows\\SYSTEM32\\ntdll.dll+6ce71","SourceProcessGUID":"{a158f72c-0abc-5db5-0000-00101c620100}","TargetProcessGUID":"{a158f72c-0ad0-5db5-0000-00100fc90900}","UtcTime":"2019-10-27 06:41:43.027"},"computer_name":"IT001.shire.com","user":{"identifier":"S-1-5-18","name":"SYSTEM","domain":"NT AUTHORITY","type":"User"},"record_id":273712,"provider_name":"Microsoft-Windows-Sysmon","task":"Process accessed (rule: ProcessAccess)","api":"wineventlog","channel":"Microsoft-Windows-Sysmon/Operational","version":3,"process":{"pid":3168,"thread":{"id":3760}}},"event":{"kind":"event","code":10,"action":"Process accessed (rule: ProcessAccess)","created":"2019-10-27T06:41:45.507Z"},"log":{"level":"information"},"message":"Process accessed:\nRuleName: \nUtcTime: 2019-10-27 06:41:43.027\nSourceProcessGUID: {a158f72c-0abc-5db5-0000-00101c620100}\nSourceProcessId: 1432\nSourceThreadId: 2092\nSourceImage: C:\\Windows\\system32\\svchost.exe\nTargetProcessGUID: {a158f72c-0ad0-5db5-0000-00100fc90900}\nTargetProcessId: 5772\nTargetImage: C:\\Windows\\Explorer.EXE\nGrantedAccess: 0x2000\nCallTrace: C:\\Windows\\SYSTEM32\\ntdll.dll+9c524|C:\\Windows\\System32\\KERNELBASE.dll+2730e|c:\\windows\\system32\\sysmain.dll+163d0|c:\\windows\\system32\\sysmain.dll+16275|c:\\windows\\system32\\sysmain.dll+1c480|c:\\windows\\system32\\sysmain.dll+1bf95|c:\\windows\\system32\\sysmain.dll+74a8a|c:\\windows\\system32\\sysmain.dll+73ae2|c:\\windows\\system32\\sysmain.dll+60223|C:\\Windows\\system32\\svchost.exe+314c|C:\\Windows\\System32\\sechost.dll+2de2|C:\\Windows\\System32\\KERNEL32.DLL+17944|C:\\Windows\\SYSTEM32\\ntdll.dll+6ce71","host":{"name":"WECServer"}}
{"@timestamp":"2019-10-27T06:41:43.028Z","@metadata":{"beat":"winlogbeat","type":"_doc","version":"7.4.0","topic":"winlogbeat"},"winlog":{"provider_guid":"{5770385f-c22a-43e0-bf4c-06f5698ffbd9}","event_data":{"GrantedAccess":"0x1000","SourceThreadId":"2092","TargetImage":"C:\\Windows\\Explorer.EXE","SourceImage":"C:\\Windows\\system32\\svchost.exe","TargetProcessGUID":"{a158f72c-0ad0-5db5-0000-00100fc90900}","TargetProcessId":"5772","SourceProcessGUID":"{a158f72c-0abc-5db5-0000-00101c620100}","SourceProcessId":"1432","UtcTime":"2019-10-27 06:41:43.027","CallTrace":"C:\\Windows\\SYSTEM32\\ntdll.dll+9c524|C:\\Windows\\System32\\KERNELBASE.dll+2730e|c:\\windows\\system32\\sysmain.dll+164de|c:\\windows\\system32\\sysmain.dll+163fe|c:\\windows\\system32\\sysmain.dll+16275|c:\\windows\\system32\\sysmain.dll+1c480|c:\\windows\\system32\\sysmain.dll+1bf95|c:\\windows\\system32\\sysmain.dll+74a8a|c:\\windows\\system32\\sysmain.dll+73ae2|c:\\windows\\system32\\sysmain.dll+60223|C:\\Windows\\system32\\svchost.exe+314c|C:\\Windows\\System32\\sechost.dll+2de2|C:\\Windows\\System32\\KERNEL32.DLL+17944|C:\\Windows\\SYSTEM32\\ntdll.dll+6ce71"},"channel":"Microsoft-Windows-Sysmon/Operational","provider_name":"Microsoft-Windows-Sysmon","record_id":273713,"task":"Process accessed (rule: ProcessAccess)","opcode":"Info","user":{"type":"User","identifier":"S-1-5-18","name":"SYSTEM","domain":"NT AUTHORITY"},"process":{"pid":3168,"thread":{"id":3760}},"event_id":10,"api":"wineventlog","computer_name":"IT001.shire.com","version":3},"event":{"created":"2019-10-27T06:41:45.507Z","kind":"event","code":10,"action":"Process accessed (rule: ProcessAccess)"},"log":{"level":"information"},"message":"Process accessed:\nRuleName: \nUtcTime: 2019-10-27 06:41:43.027\nSourceProcessGUID: {a158f72c-0abc-5db5-0000-00101c620100}\nSourceProcessId: 1432\nSourceThreadId: 2092\nSourceImage: C:\\Windows\\system32\\svchost.exe\nTargetProcessGUID: {a158f72c-0ad0-5db5-0000-00100fc90900}\nTargetProcessId: 5772\nTargetImage: C:\\Windows\\Explorer.EXE\nGrantedAccess: 0x1000\nCallTrace: C:\\Windows\\SYSTEM32\\ntdll.dll+9c524|C:\\Windows\\System32\\KERNELBASE.dll+2730e|c:\\windows\\system32\\sysmain.dll+164de|c:\\windows\\system32\\sysmain.dll+163fe|c:\\windows\\system32\\sysmain.dll+16275|c:\\windows\\system32\\sysmain.dll+1c480|c:\\windows\\system32\\sysmain.dll+1bf95|c:\\windows\\system32\\sysmain.dll+74a8a|c:\\windows\\system32\\sysmain.dll+73ae2|c:\\windows\\system32\\sysmain.dll+60223|C:\\Windows\\system32\\svchost.exe+314c|C:\\Windows\\System32\\sechost.dll+2de2|C:\\Windows\\System32\\KERNEL32.DLL+17944|C:\\Windows\\SYSTEM32\\ntdll.dll+6ce71","ecs":{"version":"1.1.0"},"host":{"name":"WECServer"},"agent":{"hostname":"WECServer","id":"72887cd5-18d3-415c-ada9-cfb237f9309f","version":"7.4.0","type":"winlogbeat","ephemeral_id":"81582c0c-9ac2-4a94-ad39-6e6f4ce9d096"}}
{"@timestamp":"2019-10-27T06:41:43.809Z","@metadata":{"beat":"winlogbeat","type":"_doc","version":"7.4.0","topic":"winlogbeat"},"message":"RawAccessRead detected:\nRuleName: \nUtcTime: 2019-10-27 06:41:43.808\nProcessGuid: {a158f72c-0ac1-5db5-0000-001001650300}\nProcessId: 4212\nImage: C:\\Windows\\System32\\svchost.exe\nDevice: \\Device\\HarddiskVolume2","ecs":{"version":"1.1.0"},"host":{"name":"WECServer"},"agent":{"hostname":"WECServer","id":"72887cd5-18d3-415c-ada9-cfb237f9309f","version":"7.4.0","type":"winlogbeat","ephemeral_id":"81582c0c-9ac2-4a94-ad39-6e6f4ce9d096"},"winlog":{"opcode":"Info","provider_guid":"{5770385f-c22a-43e0-bf4c-06f5698ffbd9}","task":"RawAccessRead detected (rule: RawAccessRead)","computer_name":"IT001.shire.com","process":{"thread":{"id":3760},"pid":3168},"provider_name":"Microsoft-Windows-Sysmon","version":2,"event_data":{"UtcTime":"2019-10-27 06:41:43.808","ProcessGuid":"{a158f72c-0ac1-5db5-0000-001001650300}","ProcessId":"4212","Image":"C:\\Windows\\System32\\svchost.exe","Device":"\\Device\\HarddiskVolume2"},"record_id":273714,"api":"wineventlog","user":{"identifier":"S-1-5-18","name":"SYSTEM","domain":"NT AUTHORITY","type":"User"},"channel":"Microsoft-Windows-Sysmon/Operational","event_id":9},"event":{"code":9,"action":"RawAccessRead detected (rule: RawAccessRead)","created":"2019-10-27T06:41:45.507Z","kind":"event"},"log":{"level":"information"}}
{"@timestamp":"2019-10-27T06:41:44.169Z","@metadata":{"beat":"winlogbeat","type":"_doc","version":"7.4.0","topic":"winlogbeat"},"winlog":{"task":"Filtering Platform Connection","provider_name":"Microsoft-Windows-Security-Auditing","api":"wineventlog","keywords":["Audit Success"],"computer_name":"IT001.shire.com","provider_guid":"{54849625-5478-4994-a5ba-3e3b0328c30d}","process":{"pid":4,"thread":{"id":6592}},"event_id":5158,"opcode":"Info","event_data":{"Protocol":"6","FilterRTID":"0","LayerName":"%%14608","LayerRTID":"36","ProcessId":"3192","Application":"\\device\\harddiskvolume2\\windows\\system32\\svchost.exe","SourceAddress":"0.0.0.0","SourcePort":"51546"},"channel":"security","record_id":32103},"event":{"code":5158,"action":"Filtering Platform Connection","created":"2019-10-27T06:41:46.521Z","kind":"event"},"log":{"level":"information"},"agent":{"hostname":"WECServer","id":"72887cd5-18d3-415c-ada9-cfb237f9309f","version":"7.4.0","type":"winlogbeat","ephemeral_id":"81582c0c-9ac2-4a94-ad39-6e6f4ce9d096"},"ecs":{"version":"1.1.0"},"host":{"name":"WECServer"},"message":"The Windows Filtering Platform has permitted a bind to a local port.\n\nApplication Information:\n\tProcess ID:\t\t3192\n\tApplication Name:\t\\device\\harddiskvolume2\\windows\\system32\\svchost.exe\n\nNetwork Information:\n\tSource Address:\t\t0.0.0.0\n\tSource Port:\t\t51546\n\tProtocol:\t\t6\n\nFilter Information:\n\tFilter Run-Time ID:\t0\n\tLayer Name:\t\tResource Assignment\n\tLayer Run-Time ID:\t36"}
{"@timestamp":"2019-10-27T06:41:44.169Z","@metadata":{"beat":"winlogbeat","type":"_doc","version":"7.4.0","topic":"winlogbeat"},"event":{"code":5156,"action":"Filtering Platform Connection","created":"2019-10-27T06:41:46.521Z","kind":"event"},"log":{"level":"information"},"message":"The Windows Filtering Platform has permitted a connection.\n\nApplication Information:\n\tProcess ID:\t\t3192\n\tApplication Name:\t\\device\\harddiskvolume2\\windows\\system32\\svchost.exe\n\nNetwork Information:\n\tDirection:\t\tOutbound\n\tSource Address:\t\t172.18.39.105\n\tSource Port:\t\t51546\n\tDestination Address:\t172.18.39.102\n\tDestination Port:\t\t5985\n\tProtocol:\t\t6\n\nFilter Information:\n\tFilter Run-Time ID:\t67524\n\tLayer Name:\t\tConnect\n\tLayer Run-Time ID:\t48","ecs":{"version":"1.1.0"},"host":{"name":"WECServer"},"agent":{"hostname":"WECServer","id":"72887cd5-18d3-415c-ada9-cfb237f9309f","version":"7.4.0","type":"winlogbeat","ephemeral_id":"81582c0c-9ac2-4a94-ad39-6e6f4ce9d096"},"winlog":{"version":1,"event_id":5156,"record_id":32104,"keywords":["Audit Success"],"opcode":"Info","process":{"thread":{"id":6592},"pid":4},"event_data":{"LayerName":"%%14611","RemoteUserID":"S-1-0-0","RemoteMachineID":"S-1-0-0","Direction":"%%14593","DestAddress":"172.18.39.102","LayerRTID":"48","SourcePort":"51546","Protocol":"6","FilterRTID":"67524","ProcessID":"3192","Application":"\\device\\harddiskvolume2\\windows\\system32\\svchost.exe","SourceAddress":"172.18.39.105","DestPort":"5985"},"channel":"security","provider_name":"Microsoft-Windows-Security-Auditing","api":"wineventlog","provider_guid":"{54849625-5478-4994-a5ba-3e3b0328c30d}","computer_name":"IT001.shire.com","task":"Filtering Platform Connection"}}
{"@timestamp":"2019-10-27T06:41:45.339Z","@metadata":{"beat":"winlogbeat","type":"_doc","version":"7.4.0","topic":"winlogbeat"},"winlog":{"api":"wineventlog","opcode":"Info","provider_guid":"{5770385f-c22a-43e0-bf4c-06f5698ffbd9}","channel":"Microsoft-Windows-Sysmon/Operational","event_id":3,"record_id":273715,"version":5,"user":{"name":"SYSTEM","domain":"NT AUTHORITY","type":"User","identifier":"S-1-5-18"},"computer_name":"IT001.shire.com","provider_name":"Microsoft-Windows-Sysmon","task":"Network connection detected (rule: NetworkConnect)","process":{"pid":3168,"thread":{"id":4076}},"event_data":{"Protocol":"tcp","DestinationHostname":"ip-172-18-39-102.ec2.internal","SourceHostname":"IT001.shire.com","User":"NT AUTHORITY\\NETWORK SERVICE","SourceIsIpv6":"false","ProcessGuid":"{a158f72c-0abd-5db5-0000-0010901a0200}","DestinationIsIpv6":"false","DestinationPort":"5985","ProcessId":"3192","DestinationIp":"172.18.39.102","SourcePort":"51546","SourceIp":"172.18.39.105","UtcTime":"2019-10-27 06:41:43.544","Initiated":"true","Image":"C:\\Windows\\System32\\svchost.exe"}},"event":{"kind":"event","code":3,"action":"Network connection detected (rule: NetworkConnect)","created":"2019-10-27T06:41:46.521Z"},"log":{"level":"information"},"agent":{"id":"72887cd5-18d3-415c-ada9-cfb237f9309f","version":"7.4.0","type":"winlogbeat","ephemeral_id":"81582c0c-9ac2-4a94-ad39-6e6f4ce9d096","hostname":"WECServer"},"ecs":{"version":"1.1.0"},"host":{"name":"WECServer"},"message":"Network connection detected:\nRuleName: \nUtcTime: 2019-10-27 06:41:43.544\nProcessGuid: {a158f72c-0abd-5db5-0000-0010901a0200}\nProcessId: 3192\nImage: C:\\Windows\\System32\\svchost.exe\nUser: NT AUTHORITY\\NETWORK SERVICE\nProtocol: tcp\nInitiated: true\nSourceIsIpv6: false\nSourceIp: 172.18.39.105\nSourceHostname: IT001.shire.com\nSourcePort: 51546\nSourcePortName: \nDestinationIsIpv6: false\nDestinationIp: 172.18.39.102\nDestinationHostname: ip-172-18-39-102.ec2.internal\nDestinationPort: 5985\nDestinationPortName: "}
{"@timestamp":"2019-10-27T06:41:45.883Z","@metadata":{"beat":"winlogbeat","type":"_doc","version":"7.4.0","topic":"winlogbeat"},"ecs":{"version":"1.1.0"},"host":{"name":"WECServer"},"agent":{"id":"72887cd5-18d3-415c-ada9-cfb237f9309f","version":"7.4.0","type":"winlogbeat","ephemeral_id":"81582c0c-9ac2-4a94-ad39-6e6f4ce9d096","hostname":"WECServer"},"winlog":{"process":{"pid":4,"thread":{"id":6592}},"channel":"security","record_id":32105,"task":"Token Right Adjusted Events","opcode":"Info","provider_name":"Microsoft-Windows-Security-Auditing","computer_name":"IT001.shire.com","provider_guid":"{54849625-5478-4994-a5ba-3e3b0328c30d}","event_data":{"ProcessId":"0x598","EnabledPrivilegeList":"SeTakeOwnershipPrivilege","TargetDomainName":"shire","TargetLogonId":"0x3e7","ProcessName":"C:\\Windows\\System32\\svchost.exe","SubjectUserName":"IT001$","TargetUserName":"IT001$","SubjectDomainName":"shire","SubjectLogonId":"0x3e7","TargetUserSid":"S-1-5-18","DisabledPrivilegeList":"-","SubjectUserSid":"S-1-5-18"},"event_id":4703,"keywords":["Audit Success"],"api":"wineventlog"},"event":{"created":"2019-10-27T06:41:48.530Z","kind":"event","code":4703,"action":"Token Right Adjusted Events"},"log":{"level":"information"},"message":"A token right was adjusted.\n\nSubject:\n\tSecurity ID:\t\tS-1-5-18\n\tAccount Name:\t\tIT001$\n\tAccount Domain:\t\tshire\n\tLogon ID:\t\t0x3E7\n\nTarget Account:\n\tSecurity ID:\t\tS-1-5-18\n\tAccount Name:\t\tIT001$\n\tAccount Domain:\t\tshire\n\tLogon ID:\t\t0x3E7\n\nProcess Information:\n\tProcess ID:\t\t0x598\n\tProcess Name:\t\tC:\\Windows\\System32\\svchost.exe\n\nEnabled Privileges:\n\t\t\tSeTakeOwnershipPrivilege\n\nDisabled Privileges:\n\t\t\t-"}
{"@timestamp":"2019-10-27T06:41:45.941Z","@metadata":{"beat":"winlogbeat","type":"_doc","version":"7.4.0","topic":"winlogbeat"},"agent":{"type":"winlogbeat","ephemeral_id":"81582c0c-9ac2-4a94-ad39-6e6f4ce9d096","hostname":"WECServer","id":"72887cd5-18d3-415c-ada9-cfb237f9309f","version":"7.4.0"},"event":{"code":10,"action":"Process accessed (rule: ProcessAccess)","created":"2019-10-27T06:41:48.530Z","kind":"event"},"log":{"level":"information"},"message":"Process accessed:\nRuleName: \nUtcTime: 2019-10-27 06:41:45.941\nSourceProcessGUID: {a158f72c-0ad8-5db5-0000-00109d4d0200}\nSourceProcessId: 3552\nSourceThreadId: 3644\nSourceImage: C:\\Windows\\System32\\svchost.exe\nTargetProcessGUID: {a158f72c-0ad7-5db5-0000-001022050200}\nTargetProcessId: 2396\nTargetImage: C:\\Program Files\\Amazon\\Ec2ConfigService\\Ec2Config.exe\nGrantedAccess: 0x1400\nCallTrace: C:\\Windows\\SYSTEM32\\ntdll.dll+9c524|C:\\Windows\\System32\\KERNELBASE.dll+2730e|c:\\windows\\system32\\rasmans.dll+3751b|c:\\windows\\system32\\rasmans.dll+36fad|c:\\windows\\system32\\rasmans.dll+10ed8|c:\\windows\\system32\\rasmans.dll+33cd5|C:\\Windows\\System32\\svchost.exe+314c|C:\\Windows\\System32\\sechost.dll+2de2|C:\\Windows\\System32\\KERNEL32.DLL+17944|C:\\Windows\\SYSTEM32\\ntdll.dll+6ce71","winlog":{"opcode":"Info","process":{"thread":{"id":5460},"pid":3148},"task":"Process accessed (rule: ProcessAccess)","api":"wineventlog","version":3,"event_id":10,"provider_name":"Microsoft-Windows-Sysmon","record_id":158381,"user":{"identifier":"S-1-5-18","name":"SYSTEM","domain":"NT AUTHORITY","type":"User"},"event_data":{"GrantedAccess":"0x1400","UtcTime":"2019-10-27 06:41:45.941","SourceThreadId":"3644","SourceImage":"C:\\Windows\\System32\\svchost.exe","TargetProcessGUID":"{a158f72c-0ad7-5db5-0000-001022050200}","TargetImage":"C:\\Program Files\\Amazon\\Ec2ConfigService\\Ec2Config.exe","CallTrace":"C:\\Windows\\SYSTEM32\\ntdll.dll+9c524|C:\\Windows\\System32\\KERNELBASE.dll+2730e|c:\\windows\\system32\\rasmans.dll+3751b|c:\\windows\\system32\\rasmans.dll+36fad|c:\\windows\\system32\\rasmans.dll+10ed8|c:\\windows\\system32\\rasmans.dll+33cd5|C:\\Windows\\System32\\svchost.exe+314c|C:\\Windows\\System32\\sechost.dll+2de2|C:\\Windows\\System32\\KERNEL32.DLL+17944|C:\\Windows\\SYSTEM32\\ntdll.dll+6ce71","TargetProcessId":"2396","SourceProcessGUID":"{a158f72c-0ad8-5db5-0000-00109d4d0200}","SourceProcessId":"3552"},"computer_name":"ACCT001.shire.com","provider_guid":"{5770385f-c22a-43e0-bf4c-06f5698ffbd9}","channel":"Microsoft-Windows-Sysmon/Operational"},"ecs":{"version":"1.1.0"},"host":{"name":"WECServer"}}
{"@timestamp":"2019-10-27T06:41:46.808Z","@metadata":{"beat":"winlogbeat","type":"_doc","version":"7.4.0","topic":"winlogbeat"},"event":{"created":"2019-10-27T06:41:48.530Z","kind":"event","code":10,"action":"Process accessed (rule: ProcessAccess)"},"log":{"level":"information"},"message":"Process accessed:\nRuleName: \nUtcTime: 2019-10-27 06:41:46.808\nSourceProcessGUID: {a158f72c-0abf-5db5-0000-0010f07f0200}\nSourceProcessId: 3720\nSourceThreadId: 3768\nSourceImage: C:\\Windows\\System32\\svchost.exe\nTargetProcessGUID: {a158f72c-0abd-5db5-0000-0010bc090200}\nTargetProcessId: 2728\nTargetImage: C:\\Program Files\\Amazon\\Ec2ConfigService\\Ec2Config.exe\nGrantedAccess: 0x1400\nCallTrace: C:\\Windows\\SYSTEM32\\ntdll.dll+9c524|C:\\Windows\\System32\\KERNELBASE.dll+2730e|c:\\windows\\system32\\rasmans.dll+3751b|c:\\windows\\system32\\rasmans.dll+36fad|c:\\windows\\system32\\rasmans.dll+10ed8|c:\\windows\\system32\\rasmans.dll+33cd5|C:\\Windows\\System32\\svchost.exe+314c|C:\\Windows\\System32\\sechost.dll+2de2|C:\\Windows\\System32\\KERNEL32.DLL+17944|C:\\Windows\\SYSTEM32\\ntdll.dll+6ce71","ecs":{"version":"1.1.0"},"host":{"name":"WECServer"},"agent":{"hostname":"WECServer","id":"72887cd5-18d3-415c-ada9-cfb237f9309f","version":"7.4.0","type":"winlogbeat","ephemeral_id":"81582c0c-9ac2-4a94-ad39-6e6f4ce9d096"},"winlog":{"provider_name":"Microsoft-Windows-Sysmon","record_id":273716,"version":3,"api":"wineventlog","opcode":"Info","computer_name":"IT001.shire.com","user":{"name":"SYSTEM","domain":"NT AUTHORITY","type":"User","identifier":"S-1-5-18"},"event_id":10,"provider_guid":"{5770385f-c22a-43e0-bf4c-06f5698ffbd9}","task":"Process accessed (rule: ProcessAccess)","channel":"Microsoft-Windows-Sysmon/Operational","process":{"pid":3168,"thread":{"id":3760}},"event_data":{"TargetProcessId":"2728","SourceProcessGUID":"{a158f72c-0abf-5db5-0000-0010f07f0200}","SourceImage":"C:\\Windows\\System32\\svchost.exe","GrantedAccess":"0x1400","SourceThreadId":"3768","CallTrace":"C:\\Windows\\SYSTEM32\\ntdll.dll+9c524|C:\\Windows\\System32\\KERNELBASE.dll+2730e|c:\\windows\\system32\\rasmans.dll+3751b|c:\\windows\\system32\\rasmans.dll+36fad|c:\\windows\\system32\\rasmans.dll+10ed8|c:\\windows\\system32\\rasmans.dll+33cd5|C:\\Windows\\System32\\svchost.exe+314c|C:\\Windows\\System32\\sechost.dll+2de2|C:\\Windows\\System32\\KERNEL32.DLL+17944|C:\\Windows\\SYSTEM32\\ntdll.dll+6ce71","UtcTime":"2019-10-27 06:41:46.808","TargetImage":"C:\\Program Files\\Amazon\\Ec2ConfigService\\Ec2Config.exe","SourceProcessId":"3720","TargetProcessGUID":"{a158f72c-0abd-5db5-0000-0010bc090200}"}}}
{"@timestamp":"2019-10-27T06:41:46.808Z","@metadata":{"beat":"winlogbeat","type":"_doc","version":"7.4.0","topic":"winlogbeat"},"winlog":{"process":{"pid":3168,"thread":{"id":3760}},"api":"wineventlog","provider_name":"Microsoft-Windows-Sysmon","task":"Process accessed (rule: ProcessAccess)","computer_name":"IT001.shire.com","user":{"identifier":"S-1-5-18","name":"SYSTEM","domain":"NT AUTHORITY","type":"User"},"event_id":10,"record_id":273717,"opcode":"Info","channel":"Microsoft-Windows-Sysmon/Operational","version":3,"event_data":{"GrantedAccess":"0x1400","CallTrace":"C:\\Windows\\SYSTEM32\\ntdll.dll+9c524|C:\\Windows\\System32\\KERNELBASE.dll+2730e|c:\\windows\\system32\\rasmans.dll+3751b|c:\\windows\\system32\\rasmans.dll+36fad|c:\\windows\\system32\\rasmans.dll+10ed8|c:\\windows\\system32\\rasmans.dll+33cd5|C:\\Windows\\System32\\svchost.exe+314c|C:\\Windows\\System32\\sechost.dll+2de2|C:\\Windows\\System32\\KERNEL32.DLL+17944|C:\\Windows\\SYSTEM32\\ntdll.dll+6ce71","UtcTime":"2019-10-27 06:41:46.808","SourceProcessId":"3720","SourceThreadId":"3768","TargetProcessId":"8296","SourceProcessGUID":"{a158f72c-0abf-5db5-0000-0010f07f0200}","SourceImage":"C:\\Windows\\System32\\svchost.exe","TargetProcessGUID":"{a158f72c-1bca-5db5-0000-0010e55f7800}","TargetImage":"C:\\Windows\\Microsoft.NET\\Framework64\\v4.0.30319\\MSBuild.exe"},"provider_guid":"{5770385f-c22a-43e0-bf4c-06f5698ffbd9}"},"agent":{"hostname":"WECServer","id":"72887cd5-18d3-415c-ada9-cfb237f9309f","version":"7.4.0","type":"winlogbeat","ephemeral_id":"81582c0c-9ac2-4a94-ad39-6e6f4ce9d096"},"ecs":{"version":"1.1.0"},"host":{"name":"WECServer"},"event":{"action":"Process accessed (rule: ProcessAccess)","created":"2019-10-27T06:41:48.530Z","kind":"event","code":10},"log":{"level":"information"},"message":"Process accessed:\nRuleName: \nUtcTime: 2019-10-27 06:41:46.808\nSourceProcessGUID: {a158f72c-0abf-5db5-0000-0010f07f0200}\nSourceProcessId: 3720\nSourceThreadId: 3768\nSourceImage: C:\\Windows\\System32\\svchost.exe\nTargetProcessGUID: {a158f72c-1bca-5db5-0000-0010e55f7800}\nTargetProcessId: 8296\nTargetImage: C:\\Windows\\Microsoft.NET\\Framework64\\v4.0.30319\\MSBuild.exe\nGrantedAccess: 0x1400\nCallTrace: C:\\Windows\\SYSTEM32\\ntdll.dll+9c524|C:\\Windows\\System32\\KERNELBASE.dll+2730e|c:\\windows\\system32\\rasmans.dll+3751b|c:\\windows\\system32\\rasmans.dll+36fad|c:\\windows\\system32\\rasmans.dll+10ed8|c:\\windows\\system32\\rasmans.dll+33cd5|C:\\Windows\\System32\\svchost.exe+314c|C:\\Windows\\System32\\sechost.dll+2de2|C:\\Windows\\System32\\KERNEL32.DLL+17944|C:\\Windows\\SYSTEM32\\ntdll.dll+6ce71"}
{"@timestamp":"2019-10-27T06:41:47.454Z","@metadata":{"beat":"winlogbeat","type":"_doc","version":"7.4.0","topic":"winlogbeat"},"winlog":{"computer_name":"IT001.shire.com","task":"RawAccessRead detected (rule: RawAccessRead)","provider_guid":"{5770385f-c22a-43e0-bf4c-06f5698ffbd9}","process":{"pid":3168,"thread":{"id":3760}},"record_id":273718,"channel":"Microsoft-Windows-Sysmon/Operational","event_data":{"Device":"\\Device\\HarddiskVolume2","UtcTime":"2019-10-27 06:41:47.449","ProcessGuid":"{a158f72c-0abc-5db5-0000-00101c620100}","ProcessId":"1432","Image":"C:\\Windows\\System32\\svchost.exe"},"provider_name":"Microsoft-Windows-Sysmon","event_id":9,"api":"wineventlog","opcode":"Info","version":2,"user":{"identifier":"S-1-5-18","name":"SYSTEM","domain":"NT AUTHORITY","type":"User"}},"host":{"name":"WECServer"},"agent":{"ephemeral_id":"81582c0c-9ac2-4a94-ad39-6e6f4ce9d096","hostname":"WECServer","id":"72887cd5-18d3-415c-ada9-cfb237f9309f","version":"7.4.0","type":"winlogbeat"},"ecs":{"version":"1.1.0"},"event":{"kind":"event","code":9,"action":"RawAccessRead detected (rule: RawAccessRead)","created":"2019-10-27T06:41:48.530Z"},"log":{"level":"information"},"message":"RawAccessRead detected:\nRuleName: \nUtcTime: 2019-10-27 06:41:47.449\nProcessGuid: {a158f72c-0abc-5db5-0000-00101c620100}\nProcessId: 1432\nImage: C:\\Windows\\System32\\svchost.exe\nDevice: \\Device\\HarddiskVolume2"}
{"@timestamp":"2019-10-27T06:41:46.964Z","@metadata":{"beat":"winlogbeat","type":"_doc","version":"7.4.0","topic":"winlogbeat"},"host":{"name":"WECServer"},"agent":{"ephemeral_id":"81582c0c-9ac2-4a94-ad39-6e6f4ce9d096","hostname":"WECServer","id":"72887cd5-18d3-415c-ada9-cfb237f9309f","version":"7.4.0","type":"winlogbeat"},"winlog":{"provider_guid":"{5770385f-c22a-43e0-bf4c-06f5698ffbd9}","task":"RawAccessRead detected (rule: RawAccessRead)","computer_name":"HR001.shire.com","opcode":"Info","version":2,"channel":"Microsoft-Windows-Sysmon/Operational","event_data":{"Image":"C:\\Windows\\System32\\svchost.exe","Device":"\\Device\\HarddiskVolume2","UtcTime":"2019-10-27 06:41:46.963","ProcessGuid":"{a158f72c-0acf-5db5-0000-0010ce530500}","ProcessId":"4740"},"provider_name":"Microsoft-Windows-Sysmon","record_id":181437,"event_id":9,"process":{"thread":{"id":4276},"pid":3124},"user":{"identifier":"S-1-5-18","name":"SYSTEM","domain":"NT AUTHORITY","type":"User"},"api":"wineventlog"},"event":{"code":9,"action":"RawAccessRead detected (rule: RawAccessRead)","created":"2019-10-27T06:41:48.530Z","kind":"event"},"log":{"level":"information"},"message":"RawAccessRead detected:\nRuleName: \nUtcTime: 2019-10-27 06:41:46.963\nProcessGuid: {a158f72c-0acf-5db5-0000-0010ce530500}\nProcessId: 4740\nImage: C:\\Windows\\System32\\svchost.exe\nDevice: \\Device\\HarddiskVolume2","ecs":{"version":"1.1.0"}}
{"@timestamp":"2019-10-27T06:41:47.379Z","@metadata":{"beat":"winlogbeat","type":"_doc","version":"7.4.0","topic":"winlogbeat"},"agent":{"hostname":"WECServer","id":"72887cd5-18d3-415c-ada9-cfb237f9309f","version":"7.4.0","type":"winlogbeat","ephemeral_id":"81582c0c-9ac2-4a94-ad39-6e6f4ce9d096"},"log":{"level":"information"},"message":"RawAccessRead detected:\nRuleName: \nUtcTime: 2019-10-27 06:41:47.378\nProcessGuid: {a158f72c-0ade-5db5-0000-0010aa440400}\nProcessId: 4720\nImage: C:\\Windows\\System32\\svchost.exe\nDevice: \\Device\\HarddiskVolume2","winlog":{"version":2,"process":{"pid":3148,"thread":{"id":5460}},"event_id":9,"channel":"Microsoft-Windows-Sysmon/Operational","api":"wineventlog","computer_name":"ACCT001.shire.com","provider_guid":"{5770385f-c22a-43e0-bf4c-06f5698ffbd9}","event_data":{"ProcessGuid":"{a158f72c-0ade-5db5-0000-0010aa440400}","ProcessId":"4720","Image":"C:\\Windows\\System32\\svchost.exe","Device":"\\Device\\HarddiskVolume2","UtcTime":"2019-10-27 06:41:47.378"},"task":"RawAccessRead detected (rule: RawAccessRead)","opcode":"Info","user":{"identifier":"S-1-5-18","name":"SYSTEM","domain":"NT AUTHORITY","type":"User"},"provider_name":"Microsoft-Windows-Sysmon","record_id":158382},"event":{"kind":"event","code":9,"action":"RawAccessRead detected (rule: RawAccessRead)","created":"2019-10-27T06:41:49.533Z"},"ecs":{"version":"1.1.0"},"host":{"name":"WECServer"}}
