{"@timestamp":"2019-10-27T06:41:55.377Z","@metadata":{"beat":"winlogbeat","type":"_doc","version":"7.4.0","topic":"winlogbeat"},"event":{"kind":"event","code":3,"action":"Network connection detected (rule: NetworkConnect)","created":"2019-10-27T06:41:57.603Z"},"log":{"level":"information"},"message":"Network connection detected:\nRuleName: \nUtcTime: 2019-10-27 06:41:53.485\nProcessGuid: {e7604876-0819-5db5-0000-0010ed020200}\nProcessId: 2192\nImage: C:\\Windows\\ADWS\\Microsoft.ActiveDirectory.WebServices.exe\nUser: NT AUTHORITY\\SYSTEM\nProtocol: tcp\nInitiated: true\nSourceIsIpv6: true\nSourceIp: 0:0:0:0:0:0:0:1\nSourceHostname: HFDC01.shire.com\nSourcePort: 60102\nSourcePortName: \nDestinationIsIpv6: true\nDestinationIp: 0:0:0:0:0:0:0:1\nDestinationHostname: HFDC01.shire.com\nDestinationPort: 389\nDestinationPortName: ldap","winlog":{"user":{"name":"SYSTEM","domain":"NT AUTHORITY","type":"User","identifier":"S-1-5-18"},"event_id":3,"computer_name":"HFDC01.shire.com","opcode":"Info","provider_guid":"{5770385f-c22a-43e0-bf4c-06f5698ffbd9}","version":5,"channel":"Microsoft-Windows-Sysmon/Operational","record_id":254679,"task":"Network connection detected (rule: NetworkConnect)","process":{"pid":2860,"thread":{"id":3684}},"provider_name":"Microsoft-Windows-Sysmon","api":"wineventlog","event_data":{"Image":"C:\\Windows\\ADWS\\Microsoft.ActiveDirectory.WebServices.exe","SourcePort":"60102","ProcessId":"2192","SourceIsIpv6":"true","DestinationIp":"0:0:0:0:0:0:0:1","SourceHostname":"HFDC01.shire.com","User":"NT AUTHORITY\\SYSTEM","SourceIp":"0:0:0:0:0:0:0:1","DestinationPort":"389","DestinationPortName":"ldap","ProcessGuid":"{e7604876-0819-5db5-0000-0010ed020200}","Initiated":"true","DestinationHostname":"HFDC01.shire.com","UtcTime":"2019-10-27 06:41:53.485","Protocol":"tcp","DestinationIsIpv6":"true"}},"agent":{"ephemeral_id":"81582c0c-9ac2-4a94-ad39-6e6f4ce9d096","hostname":"WECServer","id":"72887cd5-18d3-415c-ada9-cfb237f9309f","version":"7.4.0","type":"winlogbeat"},"ecs":{"version":"1.1.0"},"host":{"name":"WECServer"}}
{"@timestamp":"2019-10-27T06:41:55.377Z","@metadata":{"beat":"winlogbeat","type":"_doc","version":"7.4.0","topic":"winlogbeat"},"event":{"kind":"event","code":3,"action":"Network connection detected (rule: NetworkConnect)","created":"2019-10-27T06:41:57.603Z"},"log":{"level":"information"},"message":"Network connection detected:\nRuleName: \nUtcTime: 2019-10-27 06:41:53.485\nProcessGuid: {e7604876-0806-5db5-0000-0010e3580000}\nProcessId: 776\nImage: C:\\Windows\\System32\\lsass.exe\nUser: NT AUTHORITY\\SYSTEM\nProtocol: tcp\nInitiated: false\nSourceIsIpv6: true\nSourceIp: 0:0:0:0:0:0:0:1\nSourceHostname: HFDC01.shire.com\nSourcePort: 60102\nSourcePortName: \nDestinationIsIpv6: true\nDestinationIp: 0:0:0:0:0:0:0:1\nDestinationHostname: HFDC01.shire.com\nDestinationPort: 389\nDestinationPortName: ldap","ecs":{"version":"1.1.0"},"host":{"name":"WECServer"},"agent":{"ephemeral_id":"81582c0c-9ac2-4a94-ad39-6e6f4ce9d096","hostname":"WECServer","id":"72887cd5-18d3-415c-ada9-cfb237f9309f","version":"7.4.0","type":"winlogbeat"},"winlog":{"event_id":3,"version":5,"provider_name":"Microsoft-Windows-Sysmon","task":"Network connection detected (rule: NetworkConnect)","computer_name":"HFDC01.shire.com","provider_guid":"{5770385f-c22a-43e0-bf4c-06f5698ffbd9}","process":{"pid":2860,"thread":{"id":3684}},"user":{"name":"SYSTEM","domain":"NT AUTHORITY","type":"User","identifier":"S-1-5-18"},"event_data":{"DestinationPortName":"ldap","Image":"C:\\Windows\\System32\\lsass.exe","DestinationIsIpv6":"true","DestinationIp":"0:0:0:0:0:0:0:1","User":"NT AUTHORITY\\SYSTEM","Protocol":"tcp","UtcTime":"2019-10-27 06:41:53.485","ProcessGuid":"{e7604876-0806-5db5-0000-0010e3580000}","ProcessId":"776","SourceIsIpv6":"true","SourcePort":"60102","Initiated":"false","SourceIp":"0:0:0:0:0:0:0:1","DestinationPort":"389","SourceHostname":"HFDC01.shire.com","DestinationHostname":"HFDC01.shire.com"},"opcode":"Info","api":"wineventlog","channel":"Microsoft-Windows-Sysmon/Operational","record_id":254680}}
{"@timestamp":"2019-10-27T06:41:56.034Z","@metadata":{"beat":"winlogbeat","type":"_doc","version":"7.4.0","topic":"winlogbeat"},"event":{"action":"Process accessed (rule: ProcessAccess)","created":"2019-10-27T06:41:57.603Z","kind":"event","code":10},"log":{"level":"information"},"message":"Process accessed:\nRuleName: \nUtcTime: 2019-10-27 06:41:56.034\nSourceProcessGUID: {a158f72c-0ad8-5db5-0000-00109d4d0200}\nSourceProcessId: 3552\nSourceThreadId: 3644\nSourceImage: C:\\Windows\\System32\\svchost.exe\nTargetProcessGUID: {a158f72c-0ad7-5db5-0000-001022050200}\nTargetProcessId: 2396\nTargetImage: C:\\Program Files\\Amazon\\Ec2ConfigService\\Ec2Config.exe\nGrantedAccess: 0x1400\nCallTrace: C:\\Windows\\SYSTEM32\\ntdll.dll+9c524|C:\\Windows\\System32\\KERNELBASE.dll+2730e|c:\\windows\\system32\\rasmans.dll+3751b|c:\\windows\\system32\\rasmans.dll+36fad|c:\\windows\\system32\\rasmans.dll+10ed8|c:\\windows\\system32\\rasmans.dll+33cd5|C:\\Windows\\System32\\svchost.exe+314c|C:\\Windows\\System32\\sechost.dll+2de2|C:\\Windows\\System32\\KERNEL32.DLL+17944|C:\\Windows\\SYSTEM32\\ntdll.dll+6ce71","ecs":{"version":"1.1.0"},"host":{"name":"WECServer"},"agent":{"hostname":"WECServer","id":"72887cd5-18d3-415c-ada9-cfb237f9309f","version":"7.4.0","type":"winlogbeat","ephemeral_id":"81582c0c-9ac2-4a94-ad39-6e6f4ce9d096"},"winlog":{"opcode":"Info","version":3,"channel":"Microsoft-Windows-Sysmon/Operational","event_id":10,"api":"wineventlog","computer_name":"ACCT001.shire.com","task":"Process accessed (rule: ProcessAccess)","user":{"identifier":"S-1-5-18","name":"SYSTEM","domain":"NT AUTHORITY","type":"User"},"provider_name":"Microsoft-Windows-Sysmon","record_id":158383,"process":{"pid":3148,"thread":{"id":5460}},"event_data":{"CallTrace":"C:\\Windows\\SYSTEM32\\ntdll.dll+9c524|C:\\Windows\\System32\\KERNELBASE.dll+2730e|c:\\windows\\system32\\rasmans.dll+3751b|c:\\windows\\system32\\rasmans.dll+36fad|c:\\windows\\system32\\rasmans.dll+10ed8|c:\\windows\\system32\\rasmans.dll+33cd5|C:\\Windows\\System32\\svchost.exe+314c|C:\\Windows\\System32\\sechost.dll+2de2|C:\\Windows\\System32\\KERNEL32.DLL+17944|C:\\Windows\\SYSTEM32\\ntdll.dll+6ce71","UtcTime":"2019-10-27 06:41:56.034","SourceProcessGUID":"{a158f72c-0ad8-5db5-0000-00109d4d0200}","TargetProcessGUID":"{a158f72c-0ad7-5db5-0000-001022050200}","TargetProcessId":"2396","TargetImage":"C:\\Program Files\\Amazon\\Ec2ConfigService\\Ec2Config.exe","SourceThreadId":"3644","SourceProcessId":"3552","SourceImage":"C:\\Windows\\System32\\svchost.exe","GrantedAccess":"0x1400"},"provider_guid":"{5770385f-c22a-43e0-bf4c-06f5698ffbd9}"}}
{"@timestamp":"2019-10-27T06:41:56.654Z","@metadata":{"beat":"winlogbeat","type":"_doc","version":"7.4.0","topic":"winlogbeat"},"log":{"level":"information"},"message":"Process accessed:\nRuleName: \nUtcTime: 2019-10-27 06:41:56.653\nSourceProcessGUID: {a158f72c-0aba-5db5-0000-0010dc860000}\nSourceProcessId: 960\nSourceThreadId: 3436\nSourceImage: C:\\Windows\\system32\\svchost.exe\nTargetProcessGUID: {a158f72c-0abb-5db5-0000-0010a3250100}\nTargetProcessId: 1612\nTargetImage: C:\\Windows\\System32\\svchost.exe\nGrantedAccess: 0x1000\nCallTrace: C:\\Windows\\SYSTEM32\\ntdll.dll+9c524|C:\\Windows\\SYSTEM32\\psmserviceexthost.dll+222a3|C:\\Windows\\SYSTEM32\\psmserviceexthost.dll+1a172|C:\\Windows\\SYSTEM32\\psmserviceexthost.dll+19e3b|C:\\Windows\\SYSTEM32\\psmserviceexthost.dll+19318|C:\\Windows\\SYSTEM32\\ntdll.dll+3082d|C:\\Windows\\SYSTEM32\\ntdll.dll+345c4|C:\\Windows\\System32\\KERNEL32.DLL+17944|C:\\Windows\\SYSTEM32\\ntdll.dll+6ce71","ecs":{"version":"1.1.0"},"host":{"name":"WECServer"},"agent":{"hostname":"WECServer","id":"72887cd5-18d3-415c-ada9-cfb237f9309f","version":"7.4.0","type":"winlogbeat","ephemeral_id":"81582c0c-9ac2-4a94-ad39-6e6f4ce9d096"},"winlog":{"provider_name":"Microsoft-Windows-Sysmon","channel":"Microsoft-Windows-Sysmon/Operational","computer_name":"IT001.shire.com","opcode":"Info","event_data":{"SourceThreadId":"3436","TargetProcessId":"1612","TargetImage":"C:\\Windows\\System32\\svchost.exe","SourceImage":"C:\\Windows\\system32\\svchost.exe","GrantedAccess":"0x1000","CallTrace":"C:\\Windows\\SYSTEM32\\ntdll.dll+9c524|C:\\Windows\\SYSTEM32\\psmserviceexthost.dll+222a3|C:\\Windows\\SYSTEM32\\psmserviceexthost.dll+1a172|C:\\Windows\\SYSTEM32\\psmserviceexthost.dll+19e3b|C:\\Windows\\SYSTEM32\\psmserviceexthost.dll+19318|C:\\Windows\\SYSTEM32\\ntdll.dll+3082d|C:\\Windows\\SYSTEM32\\ntdll.dll+345c4|C:\\Windows\\System32\\KERNEL32.DLL+17944|C:\\Windows\\SYSTEM32\\ntdll.dll+6ce71","UtcTime":"2019-10-27 06:41:56.653","SourceProcessGUID":"{a158f72c-0aba-5db5-0000-0010dc860000}","SourceProcessId":"960","TargetProcessGUID":"{a158f72c-0abb-5db5-0000-0010a3250100}"},"version":3,"process":{"pid":3168,"thread":{"id":3760}},"event_id":10,"record_id":273722,"api":"wineventlog","provider_guid":"{5770385f-c22a-43e0-bf4c-06f5698ffbd9}","task":"Process accessed (rule: ProcessAccess)","user":{"identifier":"S-1-5-18","name":"SYSTEM","domain":"NT AUTHORITY","type":"User"}},"event":{"created":"2019-10-27T06:41:59.612Z","kind":"event","code":10,"action":"Process accessed (rule: ProcessAccess)"}}
{"@timestamp":"2019-10-27T06:41:56.654Z","@metadata":{"beat":"winlogbeat","type":"_doc","version":"7.4.0","topic":"winlogbeat"},"event":{"kind":"event","code":10,"action":"Process accessed (rule: ProcessAccess)","created":"2019-10-27T06:41:59.613Z"},"log":{"level":"information"},"message":"Process accessed:\nRuleName: \nUtcTime: 2019-10-27 06:41:56.653\nSourceProcessGUID: {a158f72c-0aba-5db5-0000-0010dc860000}\nSourceProcessId: 960\nSourceThreadId: 3436\nSourceImage: C:\\Windows\\system32\\svchost.exe\nTargetProcessGUID: {a158f72c-0abb-5db5-0000-0010a3250100}\nTargetProcessId: 1612\nTargetImage: C:\\Windows\\System32\\svchost.exe\nGrantedAccess: 0x1000\nCallTrace: C:\\Windows\\SYSTEM32\\ntdll.dll+9c524|C:\\Windows\\SYSTEM32\\psmserviceexthost.dll+222a3|C:\\Windows\\SYSTEM32\\psmserviceexthost.dll+1a172|C:\\Windows\\SYSTEM32\\psmserviceexthost.dll+19e3b|C:\\Windows\\SYSTEM32\\psmserviceexthost.dll+19318|C:\\Windows\\SYSTEM32\\ntdll.dll+3082d|C:\\Windows\\SYSTEM32\\ntdll.dll+345c4|C:\\Windows\\System32\\KERNEL32.DLL+17944|C:\\Windows\\SYSTEM32\\ntdll.dll+6ce71","winlog":{"opcode":"Info","process":{"pid":3168,"thread":{"id":3760}},"provider_guid":"{5770385f-c22a-43e0-bf4c-06f5698ffbd9}","event_data":{"TargetImage":"C:\\Windows\\System32\\svchost.exe","TargetProcessId":"1612","SourceImage":"C:\\Windows\\system32\\svchost.exe","TargetProcessGUID":"{a158f72c-0abb-5db5-0000-0010a3250100}","GrantedAccess":"0x1000","UtcTime":"2019-10-27 06:41:56.653","SourceProcessId":"960","SourceThreadId":"3436","CallTrace":"C:\\Windows\\SYSTEM32\\ntdll.dll+9c524|C:\\Windows\\SYSTEM32\\psmserviceexthost.dll+222a3|C:\\Windows\\SYSTEM32\\psmserviceexthost.dll+1a172|C:\\Windows\\SYSTEM32\\psmserviceexthost.dll+19e3b|C:\\Windows\\SYSTEM32\\psmserviceexthost.dll+19318|C:\\Windows\\SYSTEM32\\ntdll.dll+3082d|C:\\Windows\\SYSTEM32\\ntdll.dll+345c4|C:\\Windows\\System32\\KERNEL32.DLL+17944|C:\\Windows\\SYSTEM32\\ntdll.dll+6ce71","SourceProcessGUID":"{a158f72c-0aba-5db5-0000-0010dc860000}"},"event_id":10,"version":3,"provider_name":"Microsoft-Windows-Sysmon","record_id":273723,"task":"Process accessed (rule: ProcessAccess)","api":"wineventlog","computer_name":"IT001.shire.com","channel":"Microsoft-Windows-Sysmon/Operational","user":{"domain":"NT AUTHORITY","type":"User","identifier":"S-1-5-18","name":"SYSTEM"}},"agent":{"ephemeral_id":"81582c0c-9ac2-4a94-ad39-6e6f4ce9d096","hostname":"WECServer","id":"72887cd5-18d3-415c-ada9-cfb237f9309f","version":"7.4.0","type":"winlogbeat"},"ecs":{"version":"1.1.0"},"host":{"name":"WECServer"}}
{"@timestamp":"2019-10-27T06:41:56.888Z","@metadata":{"beat":"winlogbeat","type":"_doc","version":"7.4.0","topic":"winlogbeat"},"message":"Process accessed:\nRuleName: \nUtcTime: 2019-10-27 06:41:56.888\nSourceProcessGUID: {a158f72c-0abf-5db5-0000-0010f07f0200}\nSourceProcessId: 3720\nSourceThreadId: 3768\nSourceImage: C:\\Windows\\System32\\svchost.exe\nTargetProcessGUID: {a158f72c-0abd-5db5-0000-0010bc090200}\nTargetProcessId: 2728\nTargetImage: C:\\Program Files\\Amazon\\Ec2ConfigService\\Ec2Config.exe\nGrantedAccess: 0x1400\nCallTrace: C:\\Windows\\SYSTEM32\\ntdll.dll+9c524|C:\\Windows\\System32\\KERNELBASE.dll+2730e|c:\\windows\\system32\\rasmans.dll+3751b|c:\\windows\\system32\\rasmans.dll+36fad|c:\\windows\\system32\\rasmans.dll+10ed8|c:\\windows\\system32\\rasmans.dll+33cd5|C:\\Windows\\System32\\svchost.exe+314c|C:\\Windows\\System32\\sechost.dll+2de2|C:\\Windows\\System32\\KERNEL32.DLL+17944|C:\\Windows\\SYSTEM32\\ntdll.dll+6ce71","winlog":{"opcode":"Info","event_data":{"TargetImage":"C:\\Program Files\\Amazon\\Ec2ConfigService\\Ec2Config.exe","SourceProcessGUID":"{a158f72c-0abf-5db5-0000-0010f07f0200}","SourceProcessId":"3720","SourceThreadId":"3768","SourceImage":"C:\\Windows\\System32\\svchost.exe","UtcTime":"2019-10-27 06:41:56.888","TargetProcessId":"2728","CallTrace":"C:\\Windows\\SYSTEM32\\ntdll.dll+9c524|C:\\Windows\\System32\\KERNELBASE.dll+2730e|c:\\windows\\system32\\rasmans.dll+3751b|c:\\windows\\system32\\rasmans.dll+36fad|c:\\windows\\system32\\rasmans.dll+10ed8|c:\\windows\\system32\\rasmans.dll+33cd5|C:\\Windows\\System32\\svchost.exe+314c|C:\\Windows\\System32\\sechost.dll+2de2|C:\\Windows\\System32\\KERNEL32.DLL+17944|C:\\Windows\\SYSTEM32\\ntdll.dll+6ce71","GrantedAccess":"0x1400","TargetProcessGUID":"{a158f72c-0abd-5db5-0000-0010bc090200}"},"record_id":273724,"version":3,"user":{"type":"User","identifier":"S-1-5-18","name":"SYSTEM","domain":"NT AUTHORITY"},"provider_name":"Microsoft-Windows-Sysmon","computer_name":"IT001.shire.com","task":"Process accessed (rule: ProcessAccess)","process":{"pid":3168,"thread":{"id":3760}},"channel":"Microsoft-Windows-Sysmon/Operational","api":"wineventlog","provider_guid":"{5770385f-c22a-43e0-bf4c-06f5698ffbd9}","event_id":10},"event":{"created":"2019-10-27T06:41:59.613Z","kind":"event","code":10,"action":"Process accessed (rule: ProcessAccess)"},"ecs":{"version":"1.1.0"},"host":{"name":"WECServer"},"agent":{"hostname":"WECServer","id":"72887cd5-18d3-415c-ada9-cfb237f9309f","version":"7.4.0","type":"winlogbeat","ephemeral_id":"81582c0c-9ac2-4a94-ad39-6e6f4ce9d096"},"log":{"level":"information"}}
{"@timestamp":"2019-10-27T06:41:56.888Z","@metadata":{"beat":"winlogbeat","type":"_doc","version":"7.4.0","topic":"winlogbeat"},"winlog":{"provider_name":"Microsoft-Windows-Sysmon","opcode":"Info","provider_guid":"{5770385f-c22a-43e0-bf4c-06f5698ffbd9}","process":{"pid":3168,"thread":{"id":3760}},"event_id":10,"task":"Process accessed (rule: ProcessAccess)","version":3,"channel":"Microsoft-Windows-Sysmon/Operational","user":{"identifier":"S-1-5-18","name":"SYSTEM","domain":"NT AUTHORITY","type":"User"},"event_data":{"SourceImage":"C:\\Windows\\System32\\svchost.exe","TargetProcessGUID":"{a158f72c-1bca-5db5-0000-0010e55f7800}","UtcTime":"2019-10-27 06:41:56.888","CallTrace":"C:\\Windows\\SYSTEM32\\ntdll.dll+9c524|C:\\Windows\\System32\\KERNELBASE.dll+2730e|c:\\windows\\system32\\rasmans.dll+3751b|c:\\windows\\system32\\rasmans.dll+36fad|c:\\windows\\system32\\rasmans.dll+10ed8|c:\\windows\\system32\\rasmans.dll+33cd5|C:\\Windows\\System32\\svchost.exe+314c|C:\\Windows\\System32\\sechost.dll+2de2|C:\\Windows\\System32\\KERNEL32.DLL+17944|C:\\Windows\\SYSTEM32\\ntdll.dll+6ce71","SourceThreadId":"3768","TargetImage":"C:\\Windows\\Microsoft.NET\\Framework64\\v4.0.30319\\MSBuild.exe","GrantedAccess":"0x1400","SourceProcessId":"3720","SourceProcessGUID":"{a158f72c-0abf-5db5-0000-0010f07f0200}","TargetProcessId":"8296"},"api":"wineventlog","record_id":273725,"computer_name":"IT001.shire.com"},"event":{"kind":"event","code":10,"action":"Process accessed (rule: ProcessAccess)","created":"2019-10-27T06:41:59.613Z"},"log":{"level":"information"},"message":"Process accessed:\nRuleName: \nUtcTime: 2019-10-27 06:41:56.888\nSourceProcessGUID: {a158f72c-0abf-5db5-0000-0010f07f0200}\nSourceProcessId: 3720\nSourceThreadId: 3768\nSourceImage: C:\\Windows\\System32\\svchost.exe\nTargetProcessGUID: {a158f72c-1bca-5db5-0000-0010e55f7800}\nTargetProcessId: 8296\nTargetImage: C:\\Windows\\Microsoft.NET\\Framework64\\v4.0.30319\\MSBuild.exe\nGrantedAccess: 0x1400\nCallTrace: C:\\Windows\\SYSTEM32\\ntdll.dll+9c524|C:\\Windows\\System32\\KERNELBASE.dll+2730e|c:\\windows\\system32\\rasmans.dll+3751b|c:\\windows\\system32\\rasmans.dll+36fad|c:\\windows\\system32\\rasmans.dll+10ed8|c:\\windows\\system32\\rasmans.dll+33cd5|C:\\Windows\\System32\\svchost.exe+314c|C:\\Windows\\System32\\sechost.dll+2de2|C:\\Windows\\System32\\KERNEL32.DLL+17944|C:\\Windows\\SYSTEM32\\ntdll.dll+6ce71","ecs":{"version":"1.1.0"},"host":{"name":"WECServer"},"agent":{"hostname":"WECServer","id":"72887cd5-18d3-415c-ada9-cfb237f9309f","version":"7.4.0","type":"winlogbeat","ephemeral_id":"81582c0c-9ac2-4a94-ad39-6e6f4ce9d096"}}
{"@timestamp":"2019-10-27T06:41:57.654Z","@metadata":{"beat":"winlogbeat","type":"_doc","version":"7.4.0","topic":"winlogbeat"},"message":"Process accessed:\nRuleName: \nUtcTime: 2019-10-27 06:41:57.653\nSourceProcessGUID: {a158f72c-0aba-5db5-0000-0010dc860000}\nSourceProcessId: 960\nSourceThreadId: 3436\nSourceImage: C:\\Windows\\system32\\svchost.exe\nTargetProcessGUID: {a158f72c-0abb-5db5-0000-0010a3250100}\nTargetProcessId: 1612\nTargetImage: C:\\Windows\\System32\\svchost.exe\nGrantedAccess: 0x1000\nCallTrace: C:\\Windows\\SYSTEM32\\ntdll.dll+9c524|C:\\Windows\\SYSTEM32\\psmserviceexthost.dll+222a3|C:\\Windows\\SYSTEM32\\psmserviceexthost.dll+1a172|C:\\Windows\\SYSTEM32\\psmserviceexthost.dll+19e3b|C:\\Windows\\SYSTEM32\\psmserviceexthost.dll+19318|C:\\Windows\\SYSTEM32\\ntdll.dll+3082d|C:\\Windows\\SYSTEM32\\ntdll.dll+345c4|C:\\Windows\\System32\\KERNEL32.DLL+17944|C:\\Windows\\SYSTEM32\\ntdll.dll+6ce71","ecs":{"version":"1.1.0"},"host":{"name":"WECServer"},"agent":{"id":"72887cd5-18d3-415c-ada9-cfb237f9309f","version":"7.4.0","type":"winlogbeat","ephemeral_id":"81582c0c-9ac2-4a94-ad39-6e6f4ce9d096","hostname":"WECServer"},"winlog":{"event_id":10,"computer_name":"IT001.shire.com","version":3,"api":"wineventlog","process":{"thread":{"id":3760},"pid":3168},"user":{"identifier":"S-1-5-18","name":"SYSTEM","domain":"NT AUTHORITY","type":"User"},"record_id":273726,"task":"Process accessed (rule: ProcessAccess)","opcode":"Info","event_data":{"CallTrace":"C:\\Windows\\SYSTEM32\\ntdll.dll+9c524|C:\\Windows\\SYSTEM32\\psmserviceexthost.dll+222a3|C:\\Windows\\SYSTEM32\\psmserviceexthost.dll+1a172|C:\\Windows\\SYSTEM32\\psmserviceexthost.dll+19e3b|C:\\Windows\\SYSTEM32\\psmserviceexthost.dll+19318|C:\\Windows\\SYSTEM32\\ntdll.dll+3082d|C:\\Windows\\SYSTEM32\\ntdll.dll+345c4|C:\\Windows\\System32\\KERNEL32.DLL+17944|C:\\Windows\\SYSTEM32\\ntdll.dll+6ce71","TargetProcessId":"1612","SourceProcessGUID":"{a158f72c-0aba-5db5-0000-0010dc860000}","SourceThreadId":"3436","SourceImage":"C:\\Windows\\system32\\svchost.exe","GrantedAccess":"0x1000","UtcTime":"2019-10-27 06:41:57.653","SourceProcessId":"960","TargetProcessGUID":"{a158f72c-0abb-5db5-0000-0010a3250100}","TargetImage":"C:\\Windows\\System32\\svchost.exe"},"channel":"Microsoft-Windows-Sysmon/Operational","provider_name":"Microsoft-Windows-Sysmon","provider_guid":"{5770385f-c22a-43e0-bf4c-06f5698ffbd9}"},"event":{"kind":"event","code":10,"action":"Process accessed (rule: ProcessAccess)","created":"2019-10-27T06:41:59.613Z"},"log":{"level":"information"}}
{"@timestamp":"2019-10-27T06:41:57.655Z","@metadata":{"beat":"winlogbeat","type":"_doc","version":"7.4.0","topic":"winlogbeat"},"log":{"level":"information"},"message":"Process accessed:\nRuleName: \nUtcTime: 2019-10-27 06:41:57.653\nSourceProcessGUID: {a158f72c-0aba-5db5-0000-0010dc860000}\nSourceProcessId: 960\nSourceThreadId: 3436\nSourceImage: C:\\Windows\\system32\\svchost.exe\nTargetProcessGUID: {a158f72c-0abb-5db5-0000-0010a3250100}\nTargetProcessId: 1612\nTargetImage: C:\\Windows\\System32\\svchost.exe\nGrantedAccess: 0x1000\nCallTrace: C:\\Windows\\SYSTEM32\\ntdll.dll+9c524|C:\\Windows\\SYSTEM32\\psmserviceexthost.dll+222a3|C:\\Windows\\SYSTEM32\\psmserviceexthost.dll+1a172|C:\\Windows\\SYSTEM32\\psmserviceexthost.dll+19e3b|C:\\Windows\\SYSTEM32\\psmserviceexthost.dll+19318|C:\\Windows\\SYSTEM32\\ntdll.dll+3082d|C:\\Windows\\SYSTEM32\\ntdll.dll+345c4|C:\\Windows\\System32\\KERNEL32.DLL+17944|C:\\Windows\\SYSTEM32\\ntdll.dll+6ce71","winlog":{"task":"Process accessed (rule: ProcessAccess)","computer_name":"IT001.shire.com","channel":"Microsoft-Windows-Sysmon/Operational","provider_name":"Microsoft-Windows-Sysmon","record_id":273727,"opcode":"Info","version":3,"api":"wineventlog","process":{"pid":3168,"thread":{"id":3760}},"user":{"name":"SYSTEM","domain":"NT AUTHORITY","type":"User","identifier":"S-1-5-18"},"event_id":10,"provider_guid":"{5770385f-c22a-43e0-bf4c-06f5698ffbd9}","event_data":{"SourceProcessGUID":"{a158f72c-0aba-5db5-0000-0010dc860000}","CallTrace":"C:\\Windows\\SYSTEM32\\ntdll.dll+9c524|C:\\Windows\\SYSTEM32\\psmserviceexthost.dll+222a3|C:\\Windows\\SYSTEM32\\psmserviceexthost.dll+1a172|C:\\Windows\\SYSTEM32\\psmserviceexthost.dll+19e3b|C:\\Windows\\SYSTEM32\\psmserviceexthost.dll+19318|C:\\Windows\\SYSTEM32\\ntdll.dll+3082d|C:\\Windows\\SYSTEM32\\ntdll.dll+345c4|C:\\Windows\\System32\\KERNEL32.DLL+17944|C:\\Windows\\SYSTEM32\\ntdll.dll+6ce71","SourceProcessId":"960","SourceThreadId":"3436","SourceImage":"C:\\Windows\\system32\\svchost.exe","TargetProcessGUID":"{a158f72c-0abb-5db5-0000-0010a3250100}","TargetImage":"C:\\Windows\\System32\\svchost.exe","UtcTime":"2019-10-27 06:41:57.653","GrantedAccess":"0x1000","TargetProcessId":"1612"}},"event":{"action":"Process accessed (rule: ProcessAccess)","created":"2019-10-27T06:41:59.613Z","kind":"event","code":10},"ecs":{"version":"1.1.0"},"host":{"name":"WECServer"},"agent":{"hostname":"WECServer","id":"72887cd5-18d3-415c-ada9-cfb237f9309f","version":"7.4.0","type":"winlogbeat","ephemeral_id":"81582c0c-9ac2-4a94-ad39-6e6f4ce9d096"}}
{"@timestamp":"2019-10-27T06:41:58.339Z","@metadata":{"beat":"winlogbeat","type":"_doc","version":"7.4.0","topic":"winlogbeat"},"host":{"name":"WECServer"},"agent":{"version":"7.4.0","type":"winlogbeat","ephemeral_id":"81582c0c-9ac2-4a94-ad39-6e6f4ce9d096","hostname":"WECServer","id":"72887cd5-18d3-415c-ada9-cfb237f9309f"},"log":{"level":"information"},"message":"Process accessed:\nRuleName: \nUtcTime: 2019-10-27 06:41:58.339\nSourceProcessGUID: {a158f72c-0ac7-5db5-0000-00107d4d0200}\nSourceProcessId: 3532\nSourceThreadId: 3640\nSourceImage: C:\\Windows\\System32\\svchost.exe\nTargetProcessGUID: {a158f72c-0ac5-5db5-0000-00102d030200}\nTargetProcessId: 2360\nTargetImage: C:\\Program Files\\Amazon\\Ec2ConfigService\\Ec2Config.exe\nGrantedAccess: 0x1400\nCallTrace: C:\\Windows\\SYSTEM32\\ntdll.dll+9c524|C:\\Windows\\System32\\KERNELBASE.dll+2730e|c:\\windows\\system32\\rasmans.dll+3751b|c:\\windows\\system32\\rasmans.dll+36fad|c:\\windows\\system32\\rasmans.dll+10ed8|c:\\windows\\system32\\rasmans.dll+33cd5|C:\\Windows\\System32\\svchost.exe+314c|C:\\Windows\\System32\\sechost.dll+2de2|C:\\Windows\\System32\\KERNEL32.DLL+17944|C:\\Windows\\SYSTEM32\\ntdll.dll+6ce71","winlog":{"channel":"Microsoft-Windows-Sysmon/Operational","api":"wineventlog","provider_name":"Microsoft-Windows-Sysmon","record_id":181441,"task":"Process accessed (rule: ProcessAccess)","computer_name":"HR001.shire.com","user":{"type":"User","identifier":"S-1-5-18","name":"SYSTEM","domain":"NT AUTHORITY"},"event_data":{"TargetImage":"C:\\Program Files\\Amazon\\Ec2ConfigService\\Ec2Config.exe","SourceThreadId":"3640","CallTrace":"C:\\Windows\\SYSTEM32\\ntdll.dll+9c524|C:\\Windows\\System32\\KERNELBASE.dll+2730e|c:\\windows\\system32\\rasmans.dll+3751b|c:\\windows\\system32\\rasmans.dll+36fad|c:\\windows\\system32\\rasmans.dll+10ed8|c:\\windows\\system32\\rasmans.dll+33cd5|C:\\Windows\\System32\\svchost.exe+314c|C:\\Windows\\System32\\sechost.dll+2de2|C:\\Windows\\System32\\KERNEL32.DLL+17944|C:\\Windows\\SYSTEM32\\ntdll.dll+6ce71","TargetProcessId":"2360","UtcTime":"2019-10-27 06:41:58.339","TargetProcessGUID":"{a158f72c-0ac5-5db5-0000-00102d030200}","GrantedAccess":"0x1400","SourceProcessGUID":"{a158f72c-0ac7-5db5-0000-00107d4d0200}","SourceProcessId":"3532","SourceImage":"C:\\Windows\\System32\\svchost.exe"},"provider_guid":"{5770385f-c22a-43e0-bf4c-06f5698ffbd9}","version":3,"process":{"pid":3124,"thread":{"id":4276}},"event_id":10,"opcode":"Info"},"event":{"action":"Process accessed (rule: ProcessAccess)","created":"2019-10-27T06:42:00.616Z","kind":"event","code":10},"ecs":{"version":"1.1.0"}}
{"@timestamp":"2019-10-27T06:42:00.004Z","@metadata":{"beat":"winlogbeat","type":"_doc","version":"7.4.0","topic":"winlogbeat"},"host":{"name":"WECServer"},"agent":{"hostname":"WECServer","id":"72887cd5-18d3-415c-ada9-cfb237f9309f","version":"7.4.0","type":"winlogbeat","ephemeral_id":"81582c0c-9ac2-4a94-ad39-6e6f4ce9d096"},"ecs":{"version":"1.1.0"},"log":{"level":"information"},"message":"Process accessed:\nRuleName: \nUtcTime: 2019-10-27 06:42:00.003\nSourceProcessGUID: {a158f72c-0ad4-5db5-0000-0010afd50000}\nSourceProcessId: 664\nSourceThreadId: 5444\nSourceImage: C:\\Windows\\system32\\svchost.exe\nTargetProcessGUID: {a158f72c-0ad7-5db5-0000-001005020200}\nTargetProcessId: 2232\nTargetImage: C:\\Windows\\System32\\svchost.exe\nGrantedAccess: 0x1000\nCallTrace: C:\\Windows\\SYSTEM32\\ntdll.dll+9c524|C:\\Windows\\System32\\KERNELBASE.dll+6a685|c:\\windows\\system32\\lsm.dll+10225|C:\\Windows\\System32\\RPCRT4.dll+76963|C:\\Windows\\System32\\RPCRT4.dll+da036|C:\\Windows\\System32\\RPCRT4.dll+37a5c|C:\\Windows\\System32\\RPCRT4.dll+548d8|C:\\Windows\\System32\\RPCRT4.dll+2c931|C:\\Windows\\System32\\RPCRT4.dll+2c1eb|C:\\Windows\\System32\\RPCRT4.dll+1a86f|C:\\Windows\\System32\\RPCRT4.dll+19d1a|C:\\Windows\\System32\\RPCRT4.dll+19301|C:\\Windows\\System32\\RPCRT4.dll+18d6e|C:\\Windows\\System32\\RPCRT4.dll+169a5|C:\\Windows\\SYSTEM32\\ntdll.dll+333fd|C:\\Windows\\SYSTEM32\\ntdll.dll+34152|C:\\Windows\\System32\\KERNEL32.DLL+17944|C:\\Windows\\SYSTEM32\\ntdll.dll+6ce71","winlog":{"computer_name":"ACCT001.shire.com","provider_guid":"{5770385f-c22a-43e0-bf4c-06f5698ffbd9}","process":{"thread":{"id":5460},"pid":3148},"event_data":{"CallTrace":"C:\\Windows\\SYSTEM32\\ntdll.dll+9c524|C:\\Windows\\System32\\KERNELBASE.dll+6a685|c:\\windows\\system32\\lsm.dll+10225|C:\\Windows\\System32\\RPCRT4.dll+76963|C:\\Windows\\System32\\RPCRT4.dll+da036|C:\\Windows\\System32\\RPCRT4.dll+37a5c|C:\\Windows\\System32\\RPCRT4.dll+548d8|C:\\Windows\\System32\\RPCRT4.dll+2c931|C:\\Windows\\System32\\RPCRT4.dll+2c1eb|C:\\Windows\\System32\\RPCRT4.dll+1a86f|C:\\Windows\\System32\\RPCRT4.dll+19d1a|C:\\Windows\\System32\\RPCRT4.dll+19301|C:\\Windows\\System32\\RPCRT4.dll+18d6e|C:\\Windows\\System32\\RPCRT4.dll+169a5|C:\\Windows\\SYSTEM32\\ntdll.dll+333fd|C:\\Windows\\SYSTEM32\\ntdll.dll+34152|C:\\Windows\\System32\\KERNEL32.DLL+17944|C:\\Windows\\SYSTEM32\\ntdll.dll+6ce71","SourceProcessGUID":"{a158f72c-0ad4-5db5-0000-0010afd50000}","TargetProcessId":"2232","TargetImage":"C:\\Windows\\System32\\svchost.exe","SourceThreadId":"5444","TargetProcessGUID":"{a158f72c-0ad7-5db5-0000-001005020200}","SourceImage":"C:\\Windows\\system32\\svchost.exe","UtcTime":"2019-10-27 06:42:00.003","SourceProcessId":"664","GrantedAccess":"0x1000"},"event_id":10,"task":"Process accessed (rule: ProcessAccess)","provider_name":"Microsoft-Windows-Sysmon","api":"wineventlog","user":{"identifier":"S-1-5-18","name":"SYSTEM","domain":"NT AUTHORITY","type":"User"},"opcode":"Info","version":3,"channel":"Microsoft-Windows-Sysmon/Operational","record_id":158384},"event":{"kind":"event","code":10,"action":"Process accessed (rule: ProcessAccess)","created":"2019-10-27T06:42:01.646Z"}}
{"@timestamp":"2019-10-27T06:42:00.004Z","@metadata":{"beat":"winlogbeat","type":"_doc","version":"7.4.0","topic":"winlogbeat"},"event":{"action":"Process accessed (rule: ProcessAccess)","created":"2019-10-27T06:42:01.646Z","kind":"event","code":10},"log":{"level":"information"},"message":"Process accessed:\nRuleName: \nUtcTime: 2019-10-27 06:42:00.003\nSourceProcessGUID: {a158f72c-0ad4-5db5-0000-0010afd50000}\nSourceProcessId: 664\nSourceThreadId: 5444\nSourceImage: C:\\Windows\\system32\\svchost.exe\nTargetProcessGUID: {a158f72c-0ad7-5db5-0000-001005020200}\nTargetProcessId: 2232\nTargetImage: C:\\Windows\\System32\\svchost.exe\nGrantedAccess: 0x1000\nCallTrace: C:\\Windows\\SYSTEM32\\ntdll.dll+9c524|C:\\Windows\\System32\\KERNELBASE.dll+6a685|c:\\windows\\system32\\lsm.dll+108a0|C:\\Windows\\System32\\RPCRT4.dll+76963|C:\\Windows\\System32\\RPCRT4.dll+da036|C:\\Windows\\System32\\RPCRT4.dll+37a5c|C:\\Windows\\System32\\RPCRT4.dll+548d8|C:\\Windows\\System32\\RPCRT4.dll+2c931|C:\\Windows\\System32\\RPCRT4.dll+2c1eb|C:\\Windows\\System32\\RPCRT4.dll+1a86f|C:\\Windows\\System32\\RPCRT4.dll+19d1a|C:\\Windows\\System32\\RPCRT4.dll+19301|C:\\Windows\\System32\\RPCRT4.dll+18d6e|C:\\Windows\\System32\\RPCRT4.dll+169a5|C:\\Windows\\SYSTEM32\\ntdll.dll+333fd|C:\\Windows\\SYSTEM32\\ntdll.dll+34152|C:\\Windows\\System32\\KERNEL32.DLL+17944|C:\\Windows\\SYSTEM32\\ntdll.dll+6ce71","ecs":{"version":"1.1.0"},"host":{"name":"WECServer"},"agent":{"hostname":"WECServer","id":"72887cd5-18d3-415c-ada9-cfb237f9309f","version":"7.4.0","type":"winlogbeat","ephemeral_id":"81582c0c-9ac2-4a94-ad39-6e6f4ce9d096"},"winlog":{"task":"Process accessed (rule: ProcessAccess)","api":"wineventlog","provider_guid":"{5770385f-c22a-43e0-bf4c-06f5698ffbd9}","version":3,"process":{"pid":3148,"thread":{"id":5460}},"event_id":10,"opcode":"Info","record_id":158385,"user":{"type":"User","identifier":"S-1-5-18","name":"SYSTEM","domain":"NT AUTHORITY"},"computer_name":"ACCT001.shire.com","event_data":{"GrantedAccess":"0x1000","SourceProcessGUID":"{a158f72c-0ad4-5db5-0000-0010afd50000}","SourceImage":"C:\\Windows\\system32\\svchost.exe","CallTrace":"C:\\Windows\\SYSTEM32\\ntdll.dll+9c524|C:\\Windows\\System32\\KERNELBASE.dll+6a685|c:\\windows\\system32\\lsm.dll+108a0|C:\\Windows\\System32\\RPCRT4.dll+76963|C:\\Windows\\System32\\RPCRT4.dll+da036|C:\\Windows\\System32\\RPCRT4.dll+37a5c|C:\\Windows\\System32\\RPCRT4.dll+548d8|C:\\Windows\\System32\\RPCRT4.dll+2c931|C:\\Windows\\System32\\RPCRT4.dll+2c1eb|C:\\Windows\\System32\\RPCRT4.dll+1a86f|C:\\Windows\\System32\\RPCRT4.dll+19d1a|C:\\Windows\\System32\\RPCRT4.dll+19301|C:\\Windows\\System32\\RPCRT4.dll+18d6e|C:\\Windows\\System32\\RPCRT4.dll+169a5|C:\\Windows\\SYSTEM32\\ntdll.dll+333fd|C:\\Windows\\SYSTEM32\\ntdll.dll+34152|C:\\Windows\\System32\\KERNEL32.DLL+17944|C:\\Windows\\SYSTEM32\\ntdll.dll+6ce71","TargetProcessId":"2232","TargetProcessGUID":"{a158f72c-0ad7-5db5-0000-001005020200}","UtcTime":"2019-10-27 06:42:00.003","TargetImage":"C:\\Windows\\System32\\svchost.exe","SourceProcessId":"664","SourceThreadId":"5444"},"channel":"Microsoft-Windows-Sysmon/Operational","provider_name":"Microsoft-Windows-Sysmon"}}
{"@timestamp":"2019-10-27T06:42:00.005Z","@metadata":{"beat":"winlogbeat","type":"_doc","version":"7.4.0","topic":"winlogbeat"},"message":"Process accessed:\nRuleName: \nUtcTime: 2019-10-27 06:42:00.003\nSourceProcessGUID: {a158f72c-0ad4-5db5-0000-0010afd50000}\nSourceProcessId: 664\nSourceThreadId: 5444\nSourceImage: C:\\Windows\\system32\\svchost.exe\nTargetProcessGUID: {a158f72c-0ad7-5db5-0000-001005020200}\nTargetProcessId: 2232\nTargetImage: C:\\Windows\\System32\\svchost.exe\nGrantedAccess: 0x1000\nCallTrace: C:\\Windows\\SYSTEM32\\ntdll.dll+9c524|C:\\Windows\\System32\\KERNELBASE.dll+6a685|c:\\windows\\system32\\lsm.dll+106fe|C:\\Windows\\System32\\RPCRT4.dll+76963|C:\\Windows\\System32\\RPCRT4.dll+da036|C:\\Windows\\System32\\RPCRT4.dll+37a5c|C:\\Windows\\System32\\RPCRT4.dll+548d8|C:\\Windows\\System32\\RPCRT4.dll+2c931|C:\\Windows\\System32\\RPCRT4.dll+2c1eb|C:\\Windows\\System32\\RPCRT4.dll+1a86f|C:\\Windows\\System32\\RPCRT4.dll+19d1a|C:\\Windows\\System32\\RPCRT4.dll+19301|C:\\Windows\\System32\\RPCRT4.dll+18d6e|C:\\Windows\\System32\\RPCRT4.dll+169a5|C:\\Windows\\SYSTEM32\\ntdll.dll+333fd|C:\\Windows\\SYSTEM32\\ntdll.dll+34152|C:\\Windows\\System32\\KERNEL32.DLL+17944|C:\\Windows\\SYSTEM32\\ntdll.dll+6ce71","ecs":{"version":"1.1.0"},"host":{"name":"WECServer"},"agent":{"hostname":"WECServer","id":"72887cd5-18d3-415c-ada9-cfb237f9309f","version":"7.4.0","type":"winlogbeat","ephemeral_id":"81582c0c-9ac2-4a94-ad39-6e6f4ce9d096"},"winlog":{"provider_name":"Microsoft-Windows-Sysmon","api":"wineventlog","opcode":"Info","process":{"thread":{"id":5460},"pid":3148},"user":{"domain":"NT AUTHORITY","type":"User","identifier":"S-1-5-18","name":"SYSTEM"},"computer_name":"ACCT001.shire.com","channel":"Microsoft-Windows-Sysmon/Operational","event_id":10,"task":"Process accessed (rule: ProcessAccess)","version":3,"record_id":158386,"provider_guid":"{5770385f-c22a-43e0-bf4c-06f5698ffbd9}","event_data":{"TargetProcessGUID":"{a158f72c-0ad7-5db5-0000-001005020200}","UtcTime":"2019-10-27 06:42:00.003","SourceThreadId":"5444","TargetProcessId":"2232","CallTrace":"C:\\Windows\\SYSTEM32\\ntdll.dll+9c524|C:\\Windows\\System32\\KERNELBASE.dll+6a685|c:\\windows\\system32\\lsm.dll+106fe|C:\\Windows\\System32\\RPCRT4.dll+76963|C:\\Windows\\System32\\RPCRT4.dll+da036|C:\\Windows\\System32\\RPCRT4.dll+37a5c|C:\\Windows\\System32\\RPCRT4.dll+548d8|C:\\Windows\\System32\\RPCRT4.dll+2c931|C:\\Windows\\System32\\RPCRT4.dll+2c1eb|C:\\Windows\\System32\\RPCRT4.dll+1a86f|C:\\Windows\\System32\\RPCRT4.dll+19d1a|C:\\Windows\\System32\\RPCRT4.dll+19301|C:\\Windows\\System32\\RPCRT4.dll+18d6e|C:\\Windows\\System32\\RPCRT4.dll+169a5|C:\\Windows\\SYSTEM32\\ntdll.dll+333fd|C:\\Windows\\SYSTEM32\\ntdll.dll+34152|C:\\Windows\\System32\\KERNEL32.DLL+17944|C:\\Windows\\SYSTEM32\\ntdll.dll+6ce71","SourceProcessGUID":"{a158f72c-0ad4-5db5-0000-0010afd50000}","TargetImage":"C:\\Windows\\System32\\svchost.exe","GrantedAccess":"0x1000","SourceProcessId":"664","SourceImage":"C:\\Windows\\system32\\svchost.exe"}},"event":{"kind":"event","code":10,"action":"Process accessed (rule: ProcessAccess)","created":"2019-10-27T06:42:01.646Z"},"log":{"level":"information"}}
{"@timestamp":"2019-10-27T06:42:00.005Z","@metadata":{"beat":"winlogbeat","type":"_doc","version":"7.4.0","topic":"winlogbeat"},"winlog":{"user":{"type":"User","identifier":"S-1-5-18","name":"SYSTEM","domain":"NT AUTHORITY"},"event_data":{"SourceProcessGUID":"{a158f72c-0ad4-5db5-0000-0010afd50000}","SourceProcessId":"664","SourceThreadId":"7616","TargetImage":"C:\\Windows\\System32\\svchost.exe","CallTrace":"C:\\Windows\\SYSTEM32\\ntdll.dll+9c524|C:\\Windows\\System32\\KERNELBASE.dll+6a685|c:\\windows\\system32\\lsm.dll+f6ba|C:\\Windows\\System32\\RPCRT4.dll+76963|C:\\Windows\\System32\\RPCRT4.dll+da036|C:\\Windows\\System32\\RPCRT4.dll+37a5c|C:\\Windows\\System32\\RPCRT4.dll+548d8|C:\\Windows\\System32\\RPCRT4.dll+2c931|C:\\Windows\\System32\\RPCRT4.dll+2c1eb|C:\\Windows\\System32\\RPCRT4.dll+1a86f|C:\\Windows\\System32\\RPCRT4.dll+19d1a|C:\\Windows\\System32\\RPCRT4.dll+19301|C:\\Windows\\System32\\RPCRT4.dll+18d6e|C:\\Windows\\System32\\RPCRT4.dll+169a5|C:\\Windows\\SYSTEM32\\ntdll.dll+333fd|C:\\Windows\\SYSTEM32\\ntdll.dll+34152|C:\\Windows\\System32\\KERNEL32.DLL+17944|C:\\Windows\\SYSTEM32\\ntdll.dll+6ce71","UtcTime":"2019-10-27 06:42:00.003","GrantedAccess":"0x1000","SourceImage":"C:\\Windows\\system32\\svchost.exe","TargetProcessGUID":"{a158f72c-0ad7-5db5-0000-001005020200}","TargetProcessId":"2232"},"channel":"Microsoft-Windows-Sysmon/Operational","event_id":10,"provider_guid":"{5770385f-c22a-43e0-bf4c-06f5698ffbd9}","process":{"pid":3148,"thread":{"id":5460}},"task":"Process accessed (rule: ProcessAccess)","computer_name":"ACCT001.shire.com","version":3,"provider_name":"Microsoft-Windows-Sysmon","api":"wineventlog","opcode":"Info","record_id":158387},"event":{"action":"Process accessed (rule: ProcessAccess)","created":"2019-10-27T06:42:01.646Z","kind":"event","code":10},"log":{"level":"information"},"message":"Process accessed:\nRuleName: \nUtcTime: 2019-10-27 06:42:00.003\nSourceProcessGUID: {a158f72c-0ad4-5db5-0000-0010afd50000}\nSourceProcessId: 664\nSourceThreadId: 7616\nSourceImage: C:\\Windows\\system32\\svchost.exe\nTargetProcessGUID: {a158f72c-0ad7-5db5-0000-001005020200}\nTargetProcessId: 2232\nTargetImage: C:\\Windows\\System32\\svchost.exe\nGrantedAccess: 0x1000\nCallTrace: C:\\Windows\\SYSTEM32\\ntdll.dll+9c524|C:\\Windows\\System32\\KERNELBASE.dll+6a685|c:\\windows\\system32\\lsm.dll+f6ba|C:\\Windows\\System32\\RPCRT4.dll+76963|C:\\Windows\\System32\\RPCRT4.dll+da036|C:\\Windows\\System32\\RPCRT4.dll+37a5c|C:\\Windows\\System32\\RPCRT4.dll+548d8|C:\\Windows\\System32\\RPCRT4.dll+2c931|C:\\Windows\\System32\\RPCRT4.dll+2c1eb|C:\\Windows\\System32\\RPCRT4.dll+1a86f|C:\\Windows\\System32\\RPCRT4.dll+19d1a|C:\\Windows\\System32\\RPCRT4.dll+19301|C:\\Windows\\System32\\RPCRT4.dll+18d6e|C:\\Windows\\System32\\RPCRT4.dll+169a5|C:\\Windows\\SYSTEM32\\ntdll.dll+333fd|C:\\Windows\\SYSTEM32\\ntdll.dll+34152|C:\\Windows\\System32\\KERNEL32.DLL+17944|C:\\Windows\\SYSTEM32\\ntdll.dll+6ce71","ecs":{"version":"1.1.0"},"host":{"name":"WECServer"},"agent":{"hostname":"WECServer","id":"72887cd5-18d3-415c-ada9-cfb237f9309f","version":"7.4.0","type":"winlogbeat","ephemeral_id":"81582c0c-9ac2-4a94-ad39-6e6f4ce9d096"}}
{"@timestamp":"2019-10-27T06:42:00.005Z","@metadata":{"beat":"winlogbeat","type":"_doc","version":"7.4.0","topic":"winlogbeat"},"log":{"level":"information"},"host":{"name":"WECServer"},"agent":{"hostname":"WECServer","id":"72887cd5-18d3-415c-ada9-cfb237f9309f","version":"7.4.0","type":"winlogbeat","ephemeral_id":"81582c0c-9ac2-4a94-ad39-6e6f4ce9d096"},"ecs":{"version":"1.1.0"},"message":"Process accessed:\nRuleName: \nUtcTime: 2019-10-27 06:42:00.003\nSourceProcessGUID: {a158f72c-0ad4-5db5-0000-0010afd50000}\nSourceProcessId: 664\nSourceThreadId: 7616\nSourceImage: C:\\Windows\\system32\\svchost.exe\nTargetProcessGUID: {a158f72c-0ad7-5db5-0000-001005020200}\nTargetProcessId: 2232\nTargetImage: C:\\Windows\\System32\\svchost.exe\nGrantedAccess: 0x1000\nCallTrace: C:\\Windows\\SYSTEM32\\ntdll.dll+9c524|C:\\Windows\\System32\\KERNELBASE.dll+6a685|c:\\windows\\system32\\lsm.dll+f97f|c:\\windows\\system32\\lsm.dll+f7ad|C:\\Windows\\System32\\RPCRT4.dll+76963|C:\\Windows\\System32\\RPCRT4.dll+da036|C:\\Windows\\System32\\RPCRT4.dll+37a5c|C:\\Windows\\System32\\RPCRT4.dll+548d8|C:\\Windows\\System32\\RPCRT4.dll+2c931|C:\\Windows\\System32\\RPCRT4.dll+2c1eb|C:\\Windows\\System32\\RPCRT4.dll+1a86f|C:\\Windows\\System32\\RPCRT4.dll+19d1a|C:\\Windows\\System32\\RPCRT4.dll+19301|C:\\Windows\\System32\\RPCRT4.dll+18d6e|C:\\Windows\\System32\\RPCRT4.dll+169a5|C:\\Windows\\SYSTEM32\\ntdll.dll+333fd|C:\\Windows\\SYSTEM32\\ntdll.dll+34152|C:\\Windows\\System32\\KERNEL32.DLL+17944|C:\\Windows\\SYSTEM32\\ntdll.dll+6ce71","winlog":{"channel":"Microsoft-Windows-Sysmon/Operational","opcode":"Info","provider_guid":"{5770385f-c22a-43e0-bf4c-06f5698ffbd9}","computer_name":"ACCT001.shire.com","event_data":{"GrantedAccess":"0x1000","UtcTime":"2019-10-27 06:42:00.003","SourceThreadId":"7616","SourceProcessGUID":"{a158f72c-0ad4-5db5-0000-0010afd50000}","TargetProcessId":"2232","CallTrace":"C:\\Windows\\SYSTEM32\\ntdll.dll+9c524|C:\\Windows\\System32\\KERNELBASE.dll+6a685|c:\\windows\\system32\\lsm.dll+f97f|c:\\windows\\system32\\lsm.dll+f7ad|C:\\Windows\\System32\\RPCRT4.dll+76963|C:\\Windows\\System32\\RPCRT4.dll+da036|C:\\Windows\\System32\\RPCRT4.dll+37a5c|C:\\Windows\\System32\\RPCRT4.dll+548d8|C:\\Windows\\System32\\RPCRT4.dll+2c931|C:\\Windows\\System32\\RPCRT4.dll+2c1eb|C:\\Windows\\System32\\RPCRT4.dll+1a86f|C:\\Windows\\System32\\RPCRT4.dll+19d1a|C:\\Windows\\System32\\RPCRT4.dll+19301|C:\\Windows\\System32\\RPCRT4.dll+18d6e|C:\\Windows\\System32\\RPCRT4.dll+169a5|C:\\Windows\\SYSTEM32\\ntdll.dll+333fd|C:\\Windows\\SYSTEM32\\ntdll.dll+34152|C:\\Windows\\System32\\KERNEL32.DLL+17944|C:\\Windows\\SYSTEM32\\ntdll.dll+6ce71","SourceImage":"C:\\Windows\\system32\\svchost.exe","TargetProcessGUID":"{a158f72c-0ad7-5db5-0000-001005020200}","TargetImage":"C:\\Windows\\System32\\svchost.exe","SourceProcessId":"664"},"version":3,"process":{"pid":3148,"thread":{"id":5460}},"provider_name":"Microsoft-Windows-Sysmon","record_id":158388,"api":"wineventlog","user":{"type":"User","identifier":"S-1-5-18","name":"SYSTEM","domain":"NT AUTHORITY"},"event_id":10,"task":"Process accessed (rule: ProcessAccess)"},"event":{"kind":"event","code":10,"action":"Process accessed (rule: ProcessAccess)","created":"2019-10-27T06:42:01.646Z"}}
{"@timestamp":"2019-10-27T06:42:00.005Z","@metadata":{"beat":"winlogbeat","type":"_doc","version":"7.4.0","topic":"winlogbeat"},"host":{"name":"WECServer"},"agent":{"hostname":"WECServer","id":"72887cd5-18d3-415c-ada9-cfb237f9309f","version":"7.4.0","type":"winlogbeat","ephemeral_id":"81582c0c-9ac2-4a94-ad39-6e6f4ce9d096"},"winlog":{"event_data":{"TargetProcessGUID":"{a158f72c-0ad7-5db5-0000-001005020200}","TargetImage":"C:\\Windows\\System32\\svchost.exe","SourceThreadId":"7616","TargetProcessId":"2232","GrantedAccess":"0x1000","UtcTime":"2019-10-27 06:42:00.003","SourceProcessId":"664","SourceImage":"C:\\Windows\\system32\\svchost.exe","CallTrace":"C:\\Windows\\SYSTEM32\\ntdll.dll+9c524|C:\\Windows\\System32\\KERNELBASE.dll+6a685|c:\\windows\\system32\\lsm.dll+f6ba|C:\\Windows\\System32\\RPCRT4.dll+76963|C:\\Windows\\System32\\RPCRT4.dll+da036|C:\\Windows\\System32\\RPCRT4.dll+37a5c|C:\\Windows\\System32\\RPCRT4.dll+548d8|C:\\Windows\\System32\\RPCRT4.dll+2c931|C:\\Windows\\System32\\RPCRT4.dll+2c1eb|C:\\Windows\\System32\\RPCRT4.dll+1a86f|C:\\Windows\\System32\\RPCRT4.dll+19d1a|C:\\Windows\\System32\\RPCRT4.dll+19301|C:\\Windows\\System32\\RPCRT4.dll+18d6e|C:\\Windows\\System32\\RPCRT4.dll+169a5|C:\\Windows\\SYSTEM32\\ntdll.dll+333fd|C:\\Windows\\SYSTEM32\\ntdll.dll+34152|C:\\Windows\\System32\\KERNEL32.DLL+17944|C:\\Windows\\SYSTEM32\\ntdll.dll+6ce71","SourceProcessGUID":"{a158f72c-0ad4-5db5-0000-0010afd50000}"},"process":{"pid":3148,"thread":{"id":5460}},"channel":"Microsoft-Windows-Sysmon/Operational","event_id":10,"api":"wineventlog","opcode":"Info","provider_name":"Microsoft-Windows-Sysmon","record_id":158389,"provider_guid":"{5770385f-c22a-43e0-bf4c-06f5698ffbd9}","version":3,"task":"Process accessed (rule: ProcessAccess)","computer_name":"ACCT001.shire.com","user":{"identifier":"S-1-5-18","name":"SYSTEM","domain":"NT AUTHORITY","type":"User"}},"event":{"code":10,"action":"Process accessed (rule: ProcessAccess)","created":"2019-10-27T06:42:01.646Z","kind":"event"},"log":{"level":"information"},"message":"Process accessed:\nRuleName: \nUtcTime: 2019-10-27 06:42:00.003\nSourceProcessGUID: {a158f72c-0ad4-5db5-0000-0010afd50000}\nSourceProcessId: 664\nSourceThreadId: 7616\nSourceImage: C:\\Windows\\system32\\svchost.exe\nTargetProcessGUID: {a158f72c-0ad7-5db5-0000-001005020200}\nTargetProcessId: 2232\nTargetImage: C:\\Windows\\System32\\svchost.exe\nGrantedAccess: 0x1000\nCallTrace: C:\\Windows\\SYSTEM32\\ntdll.dll+9c524|C:\\Windows\\System32\\KERNELBASE.dll+6a685|c:\\windows\\system32\\lsm.dll+f6ba|C:\\Windows\\System32\\RPCRT4.dll+76963|C:\\Windows\\System32\\RPCRT4.dll+da036|C:\\Windows\\System32\\RPCRT4.dll+37a5c|C:\\Windows\\System32\\RPCRT4.dll+548d8|C:\\Windows\\System32\\RPCRT4.dll+2c931|C:\\Windows\\System32\\RPCRT4.dll+2c1eb|C:\\Windows\\System32\\RPCRT4.dll+1a86f|C:\\Windows\\System32\\RPCRT4.dll+19d1a|C:\\Windows\\System32\\RPCRT4.dll+19301|C:\\Windows\\System32\\RPCRT4.dll+18d6e|C:\\Windows\\System32\\RPCRT4.dll+169a5|C:\\Windows\\SYSTEM32\\ntdll.dll+333fd|C:\\Windows\\SYSTEM32\\ntdll.dll+34152|C:\\Windows\\System32\\KERNEL32.DLL+17944|C:\\Windows\\SYSTEM32\\ntdll.dll+6ce71","ecs":{"version":"1.1.0"}}
{"@timestamp":"2019-10-27T06:42:00.005Z","@metadata":{"beat":"winlogbeat","type":"_doc","version":"7.4.0","topic":"winlogbeat"},"log":{"level":"information"},"message":"Process accessed:\nRuleName: \nUtcTime: 2019-10-27 06:42:00.003\nSourceProcessGUID: {a158f72c-0ad4-5db5-0000-0010afd50000}\nSourceProcessId: 664\nSourceThreadId: 7616\nSourceImage: C:\\Windows\\system32\\svchost.exe\nTargetProcessGUID: {a158f72c-0ad7-5db5-0000-001005020200}\nTargetProcessId: 2232\nTargetImage: C:\\Windows\\System32\\svchost.exe\nGrantedAccess: 0x1000\nCallTrace: C:\\Windows\\SYSTEM32\\ntdll.dll+9c524|C:\\Windows\\System32\\KERNELBASE.dll+6a685|c:\\windows\\system32\\lsm.dll+f97f|c:\\windows\\system32\\lsm.dll+f7ad|C:\\Windows\\System32\\RPCRT4.dll+76963|C:\\Windows\\System32\\RPCRT4.dll+da036|C:\\Windows\\System32\\RPCRT4.dll+37a5c|C:\\Windows\\System32\\RPCRT4.dll+548d8|C:\\Windows\\System32\\RPCRT4.dll+2c931|C:\\Windows\\System32\\RPCRT4.dll+2c1eb|C:\\Windows\\System32\\RPCRT4.dll+1a86f|C:\\Windows\\System32\\RPCRT4.dll+19d1a|C:\\Windows\\System32\\RPCRT4.dll+19301|C:\\Windows\\System32\\RPCRT4.dll+18d6e|C:\\Windows\\System32\\RPCRT4.dll+169a5|C:\\Windows\\SYSTEM32\\ntdll.dll+333fd|C:\\Windows\\SYSTEM32\\ntdll.dll+34152|C:\\Windows\\System32\\KERNEL32.DLL+17944|C:\\Windows\\SYSTEM32\\ntdll.dll+6ce71","winlog":{"opcode":"Info","user":{"name":"SYSTEM","domain":"NT AUTHORITY","type":"User","identifier":"S-1-5-18"},"event_id":10,"task":"Process accessed (rule: ProcessAccess)","api":"wineventlog","computer_name":"ACCT001.shire.com","version":3,"event_data":{"SourceProcessGUID":"{a158f72c-0ad4-5db5-0000-0010afd50000}","TargetProcessId":"2232","GrantedAccess":"0x1000","CallTrace":"C:\\Windows\\SYSTEM32\\ntdll.dll+9c524|C:\\Windows\\System32\\KERNELBASE.dll+6a685|c:\\windows\\system32\\lsm.dll+f97f|c:\\windows\\system32\\lsm.dll+f7ad|C:\\Windows\\System32\\RPCRT4.dll+76963|C:\\Windows\\System32\\RPCRT4.dll+da036|C:\\Windows\\System32\\RPCRT4.dll+37a5c|C:\\Windows\\System32\\RPCRT4.dll+548d8|C:\\Windows\\System32\\RPCRT4.dll+2c931|C:\\Windows\\System32\\RPCRT4.dll+2c1eb|C:\\Windows\\System32\\RPCRT4.dll+1a86f|C:\\Windows\\System32\\RPCRT4.dll+19d1a|C:\\Windows\\System32\\RPCRT4.dll+19301|C:\\Windows\\System32\\RPCRT4.dll+18d6e|C:\\Windows\\System32\\RPCRT4.dll+169a5|C:\\Windows\\SYSTEM32\\ntdll.dll+333fd|C:\\Windows\\SYSTEM32\\ntdll.dll+34152|C:\\Windows\\System32\\KERNEL32.DLL+17944|C:\\Windows\\SYSTEM32\\ntdll.dll+6ce71","UtcTime":"2019-10-27 06:42:00.003","TargetProcessGUID":"{a158f72c-0ad7-5db5-0000-001005020200}","TargetImage":"C:\\Windows\\System32\\svchost.exe","SourceProcessId":"664","SourceThreadId":"7616","SourceImage":"C:\\Windows\\system32\\svchost.exe"},"provider_name":"Microsoft-Windows-Sysmon","record_id":158390,"provider_guid":"{5770385f-c22a-43e0-bf4c-06f5698ffbd9}","channel":"Microsoft-Windows-Sysmon/Operational","process":{"thread":{"id":5460},"pid":3148}},"event":{"kind":"event","code":10,"action":"Process accessed (rule: ProcessAccess)","created":"2019-10-27T06:42:01.646Z"},"ecs":{"version":"1.1.0"},"host":{"name":"WECServer"},"agent":{"hostname":"WECServer","id":"72887cd5-18d3-415c-ada9-cfb237f9309f","version":"7.4.0","type":"winlogbeat","ephemeral_id":"81582c0c-9ac2-4a94-ad39-6e6f4ce9d096"}}
