{"@timestamp":"2019-10-27T06:42:00.676Z","@metadata":{"beat":"winlogbeat","type":"_doc","version":"7.4.0","topic":"winlogbeat"},"agent":{"hostname":"WECServer","id":"72887cd5-18d3-415c-ada9-cfb237f9309f","version":"7.4.0","type":"winlogbeat","ephemeral_id":"81582c0c-9ac2-4a94-ad39-6e6f4ce9d096"},"log":{"level":"information"},"message":"The Windows Filtering Platform has permitted a bind to a local port.\n\nApplication Information:\n\tProcess ID:\t\t3184\n\tApplication Name:\t\\device\\harddiskvolume2\\windows\\system32\\svchost.exe\n\nNetwork Information:\n\tSource Address:\t\t0.0.0.0\n\tSource Port:\t\t51159\n\tProtocol:\t\t6\n\nFilter Information:\n\tFilter Run-Time ID:\t0\n\tLayer Name:\t\tResource Assignment\n\tLayer Run-Time ID:\t36","winlog":{"event_data":{"LayerName":"%%14608","LayerRTID":"36","ProcessId":"3184","Application":"\\device\\harddiskvolume2\\windows\\system32\\svchost.exe","SourceAddress":"0.0.0.0","SourcePort":"51159","Protocol":"6","FilterRTID":"0"},"event_id":5158,"provider_name":"Microsoft-Windows-Security-Auditing","record_id":28047,"computer_name":"ACCT001.shire.com","channel":"security","task":"Filtering Platform Connection","api":"wineventlog","keywords":["Audit Success"],"opcode":"Info","process":{"thread":{"id":6076},"pid":4},"provider_guid":"{54849625-5478-4994-a5ba-3e3b0328c30d}"},"event":{"code":5158,"action":"Filtering Platform Connection","created":"2019-10-27T06:42:02.656Z","kind":"event"},"ecs":{"version":"1.1.0"},"host":{"name":"WECServer"}}
{"@timestamp":"2019-10-27T06:42:00.677Z","@metadata":{"beat":"winlogbeat","type":"_doc","version":"7.4.0","topic":"winlogbeat"},"winlog":{"provider_name":"Microsoft-Windows-Security-Auditing","keywords":["Audit Success"],"provider_guid":"{54849625-5478-4994-a5ba-3e3b0328c30d}","api":"wineventlog","opcode":"Info","version":1,"process":{"pid":4,"thread":{"id":6076}},"event_id":5156,"computer_name":"ACCT001.shire.com","channel":"security","record_id":28048,"task":"Filtering Platform Connection","event_data":{"RemoteMachineID":"S-1-0-0","Direction":"%%14593","SourceAddress":"172.18.39.100","LayerName":"%%14611","RemoteUserID":"S-1-0-0","LayerRTID":"48","SourcePort":"51159","DestPort":"5985","FilterRTID":"69028","ProcessID":"3184","Application":"\\device\\harddiskvolume2\\windows\\system32\\svchost.exe","DestAddress":"172.18.39.102","Protocol":"6"}},"event":{"kind":"event","code":5156,"action":"Filtering Platform Connection","created":"2019-10-27T06:42:02.656Z"},"log":{"level":"information"},"message":"The Windows Filtering Platform has permitted a connection.\n\nApplication Information:\n\tProcess ID:\t\t3184\n\tApplication Name:\t\\device\\harddiskvolume2\\windows\\system32\\svchost.exe\n\nNetwork Information:\n\tDirection:\t\tOutbound\n\tSource Address:\t\t172.18.39.100\n\tSource Port:\t\t51159\n\tDestination Address:\t172.18.39.102\n\tDestination Port:\t\t5985\n\tProtocol:\t\t6\n\nFilter Information:\n\tFilter Run-Time ID:\t69028\n\tLayer Name:\t\tConnect\n\tLayer Run-Time ID:\t48","ecs":{"version":"1.1.0"},"host":{"name":"WECServer"},"agent":{"version":"7.4.0","type":"winlogbeat","ephemeral_id":"81582c0c-9ac2-4a94-ad39-6e6f4ce9d096","hostname":"WECServer","id":"72887cd5-18d3-415c-ada9-cfb237f9309f"}}
{"@timestamp":"2019-10-27T06:42:01.019Z","@metadata":{"beat":"winlogbeat","type":"_doc","version":"7.4.0","topic":"winlogbeat"},"event":{"kind":"event","code":10,"action":"Process accessed (rule: ProcessAccess)","created":"2019-10-27T06:42:02.656Z"},"log":{"level":"information"},"message":"Process accessed:\nRuleName: \nUtcTime: 2019-10-27 06:42:01.018\nSourceProcessGUID: {a158f72c-0ad4-5db5-0000-001040890000}\nSourceProcessId: 1016\nSourceThreadId: 5092\nSourceImage: C:\\Windows\\system32\\svchost.exe\nTargetProcessGUID: {a158f72c-0ad4-5db5-0000-0010eff20000}\nTargetProcessId: 1184\nTargetImage: C:\\Windows\\System32\\svchost.exe\nGrantedAccess: 0x1000\nCallTrace: C:\\Windows\\SYSTEM32\\ntdll.dll+9c524|C:\\Windows\\SYSTEM32\\psmserviceexthost.dll+222a3|C:\\Windows\\SYSTEM32\\psmserviceexthost.dll+1a172|C:\\Windows\\SYSTEM32\\psmserviceexthost.dll+19e3b|C:\\Windows\\SYSTEM32\\psmserviceexthost.dll+19318|C:\\Windows\\SYSTEM32\\ntdll.dll+3082d|C:\\Windows\\SYSTEM32\\ntdll.dll+345c4|C:\\Windows\\System32\\KERNEL32.DLL+17944|C:\\Windows\\SYSTEM32\\ntdll.dll+6ce71","winlog":{"record_id":158395,"task":"Process accessed (rule: ProcessAccess)","version":3,"user":{"domain":"NT AUTHORITY","type":"User","identifier":"S-1-5-18","name":"SYSTEM"},"channel":"Microsoft-Windows-Sysmon/Operational","opcode":"Info","process":{"pid":3148,"thread":{"id":5460}},"event_id":10,"api":"wineventlog","event_data":{"UtcTime":"2019-10-27 06:42:01.018","SourceProcessGUID":"{a158f72c-0ad4-5db5-0000-001040890000}","SourceImage":"C:\\Windows\\system32\\svchost.exe","TargetProcessId":"1184","SourceThreadId":"5092","TargetImage":"C:\\Windows\\System32\\svchost.exe","TargetProcessGUID":"{a158f72c-0ad4-5db5-0000-0010eff20000}","GrantedAccess":"0x1000","CallTrace":"C:\\Windows\\SYSTEM32\\ntdll.dll+9c524|C:\\Windows\\SYSTEM32\\psmserviceexthost.dll+222a3|C:\\Windows\\SYSTEM32\\psmserviceexthost.dll+1a172|C:\\Windows\\SYSTEM32\\psmserviceexthost.dll+19e3b|C:\\Windows\\SYSTEM32\\psmserviceexthost.dll+19318|C:\\Windows\\SYSTEM32\\ntdll.dll+3082d|C:\\Windows\\SYSTEM32\\ntdll.dll+345c4|C:\\Windows\\System32\\KERNEL32.DLL+17944|C:\\Windows\\SYSTEM32\\ntdll.dll+6ce71","SourceProcessId":"1016"},"provider_name":"Microsoft-Windows-Sysmon","computer_name":"ACCT001.shire.com","provider_guid":"{5770385f-c22a-43e0-bf4c-06f5698ffbd9}"},"ecs":{"version":"1.1.0"},"host":{"name":"WECServer"},"agent":{"hostname":"WECServer","id":"72887cd5-18d3-415c-ada9-cfb237f9309f","version":"7.4.0","type":"winlogbeat","ephemeral_id":"81582c0c-9ac2-4a94-ad39-6e6f4ce9d096"}}
{"@timestamp":"2019-10-27T06:42:01.019Z","@metadata":{"beat":"winlogbeat","type":"_doc","version":"7.4.0","topic":"winlogbeat"},"agent":{"hostname":"WECServer","id":"72887cd5-18d3-415c-ada9-cfb237f9309f","version":"7.4.0","type":"winlogbeat","ephemeral_id":"81582c0c-9ac2-4a94-ad39-6e6f4ce9d096"},"winlog":{"computer_name":"ACCT001.shire.com","event_id":10,"process":{"pid":3148,"thread":{"id":5460}},"event_data":{"UtcTime":"2019-10-27 06:42:01.018","SourceImage":"C:\\Windows\\system32\\svchost.exe","CallTrace":"C:\\Windows\\SYSTEM32\\ntdll.dll+9c524|C:\\Windows\\SYSTEM32\\psmserviceexthost.dll+222a3|C:\\Windows\\SYSTEM32\\psmserviceexthost.dll+1a172|C:\\Windows\\SYSTEM32\\psmserviceexthost.dll+19e3b|C:\\Windows\\SYSTEM32\\psmserviceexthost.dll+19318|C:\\Windows\\SYSTEM32\\ntdll.dll+3082d|C:\\Windows\\SYSTEM32\\ntdll.dll+345c4|C:\\Windows\\System32\\KERNEL32.DLL+17944|C:\\Windows\\SYSTEM32\\ntdll.dll+6ce71","SourceProcessGUID":"{a158f72c-0ad4-5db5-0000-001040890000}","GrantedAccess":"0x1000","SourceProcessId":"1016","TargetImage":"C:\\Windows\\System32\\svchost.exe","SourceThreadId":"5092","TargetProcessGUID":"{a158f72c-0ad4-5db5-0000-0010eff20000}","TargetProcessId":"1184"},"user":{"domain":"NT AUTHORITY","type":"User","identifier":"S-1-5-18","name":"SYSTEM"},"channel":"Microsoft-Windows-Sysmon/Operational","opcode":"Info","provider_guid":"{5770385f-c22a-43e0-bf4c-06f5698ffbd9}","version":3,"record_id":158396,"task":"Process accessed (rule: ProcessAccess)","api":"wineventlog","provider_name":"Microsoft-Windows-Sysmon"},"event":{"kind":"event","code":10,"action":"Process accessed (rule: ProcessAccess)","created":"2019-10-27T06:42:02.656Z"},"log":{"level":"information"},"message":"Process accessed:\nRuleName: \nUtcTime: 2019-10-27 06:42:01.018\nSourceProcessGUID: {a158f72c-0ad4-5db5-0000-001040890000}\nSourceProcessId: 1016\nSourceThreadId: 5092\nSourceImage: C:\\Windows\\system32\\svchost.exe\nTargetProcessGUID: {a158f72c-0ad4-5db5-0000-0010eff20000}\nTargetProcessId: 1184\nTargetImage: C:\\Windows\\System32\\svchost.exe\nGrantedAccess: 0x1000\nCallTrace: C:\\Windows\\SYSTEM32\\ntdll.dll+9c524|C:\\Windows\\SYSTEM32\\psmserviceexthost.dll+222a3|C:\\Windows\\SYSTEM32\\psmserviceexthost.dll+1a172|C:\\Windows\\SYSTEM32\\psmserviceexthost.dll+19e3b|C:\\Windows\\SYSTEM32\\psmserviceexthost.dll+19318|C:\\Windows\\SYSTEM32\\ntdll.dll+3082d|C:\\Windows\\SYSTEM32\\ntdll.dll+345c4|C:\\Windows\\System32\\KERNEL32.DLL+17944|C:\\Windows\\SYSTEM32\\ntdll.dll+6ce71","ecs":{"version":"1.1.0"},"host":{"name":"WECServer"}}
{"@timestamp":"2019-10-27T06:42:02.043Z","@metadata":{"beat":"winlogbeat","type":"_doc","version":"7.4.0","topic":"winlogbeat"},"agent":{"type":"winlogbeat","ephemeral_id":"81582c0c-9ac2-4a94-ad39-6e6f4ce9d096","hostname":"WECServer","id":"72887cd5-18d3-415c-ada9-cfb237f9309f","version":"7.4.0"},"event":{"created":"2019-10-27T06:42:04.667Z","kind":"event","code":10,"action":"Process accessed (rule: ProcessAccess)"},"log":{"level":"information"},"message":"Process accessed:\nRuleName: \nUtcTime: 2019-10-27 06:42:02.043\nSourceProcessGUID: {a158f72c-0aba-5db5-0000-0010dc860000}\nSourceProcessId: 960\nSourceThreadId: 3492\nSourceImage: C:\\Windows\\system32\\svchost.exe\nTargetProcessGUID: {a158f72c-0abb-5db5-0000-0010a3250100}\nTargetProcessId: 1612\nTargetImage: C:\\Windows\\System32\\svchost.exe\nGrantedAccess: 0x1000\nCallTrace: C:\\Windows\\SYSTEM32\\ntdll.dll+9c524|C:\\Windows\\SYSTEM32\\psmserviceexthost.dll+222a3|C:\\Windows\\SYSTEM32\\psmserviceexthost.dll+1a172|C:\\Windows\\SYSTEM32\\psmserviceexthost.dll+19e3b|C:\\Windows\\SYSTEM32\\psmserviceexthost.dll+19318|C:\\Windows\\SYSTEM32\\ntdll.dll+3082d|C:\\Windows\\SYSTEM32\\ntdll.dll+345c4|C:\\Windows\\System32\\KERNEL32.DLL+17944|C:\\Windows\\SYSTEM32\\ntdll.dll+6ce71","winlog":{"provider_name":"Microsoft-Windows-Sysmon","record_id":273741,"process":{"pid":3168,"thread":{"id":3760}},"user":{"identifier":"S-1-5-18","name":"SYSTEM","domain":"NT AUTHORITY","type":"User"},"task":"Process accessed (rule: ProcessAccess)","api":"wineventlog","computer_name":"IT001.shire.com","event_id":10,"opcode":"Info","version":3,"event_data":{"SourceProcessId":"960","TargetProcessId":"1612","GrantedAccess":"0x1000","SourceThreadId":"3492","TargetProcessGUID":"{a158f72c-0abb-5db5-0000-0010a3250100}","TargetImage":"C:\\Windows\\System32\\svchost.exe","UtcTime":"2019-10-27 06:42:02.043","SourceProcessGUID":"{a158f72c-0aba-5db5-0000-0010dc860000}","SourceImage":"C:\\Windows\\system32\\svchost.exe","CallTrace":"C:\\Windows\\SYSTEM32\\ntdll.dll+9c524|C:\\Windows\\SYSTEM32\\psmserviceexthost.dll+222a3|C:\\Windows\\SYSTEM32\\psmserviceexthost.dll+1a172|C:\\Windows\\SYSTEM32\\psmserviceexthost.dll+19e3b|C:\\Windows\\SYSTEM32\\psmserviceexthost.dll+19318|C:\\Windows\\SYSTEM32\\ntdll.dll+3082d|C:\\Windows\\SYSTEM32\\ntdll.dll+345c4|C:\\Windows\\System32\\KERNEL32.DLL+17944|C:\\Windows\\SYSTEM32\\ntdll.dll+6ce71"},"channel":"Microsoft-Windows-Sysmon/Operational","provider_guid":"{5770385f-c22a-43e0-bf4c-06f5698ffbd9}"},"ecs":{"version":"1.1.0"},"host":{"name":"WECServer"}}
{"@timestamp":"2019-10-27T06:42:02.043Z","@metadata":{"beat":"winlogbeat","type":"_doc","version":"7.4.0","topic":"winlogbeat"},"agent":{"version":"7.4.0","type":"winlogbeat","ephemeral_id":"81582c0c-9ac2-4a94-ad39-6e6f4ce9d096","hostname":"WECServer","id":"72887cd5-18d3-415c-ada9-cfb237f9309f"},"log":{"level":"information"},"message":"Process accessed:\nRuleName: \nUtcTime: 2019-10-27 06:42:02.043\nSourceProcessGUID: {a158f72c-0aba-5db5-0000-0010dc860000}\nSourceProcessId: 960\nSourceThreadId: 3492\nSourceImage: C:\\Windows\\system32\\svchost.exe\nTargetProcessGUID: {a158f72c-0abb-5db5-0000-0010a3250100}\nTargetProcessId: 1612\nTargetImage: C:\\Windows\\System32\\svchost.exe\nGrantedAccess: 0x1000\nCallTrace: C:\\Windows\\SYSTEM32\\ntdll.dll+9c524|C:\\Windows\\SYSTEM32\\psmserviceexthost.dll+222a3|C:\\Windows\\SYSTEM32\\psmserviceexthost.dll+1a172|C:\\Windows\\SYSTEM32\\psmserviceexthost.dll+19e3b|C:\\Windows\\SYSTEM32\\psmserviceexthost.dll+19318|C:\\Windows\\SYSTEM32\\ntdll.dll+3082d|C:\\Windows\\SYSTEM32\\ntdll.dll+345c4|C:\\Windows\\System32\\KERNEL32.DLL+17944|C:\\Windows\\SYSTEM32\\ntdll.dll+6ce71","winlog":{"provider_name":"Microsoft-Windows-Sysmon","computer_name":"IT001.shire.com","provider_guid":"{5770385f-c22a-43e0-bf4c-06f5698ffbd9}","user":{"name":"SYSTEM","domain":"NT AUTHORITY","type":"User","identifier":"S-1-5-18"},"task":"Process accessed (rule: ProcessAccess)","version":3,"process":{"thread":{"id":3760},"pid":3168},"event_id":10,"api":"wineventlog","event_data":{"TargetProcessGUID":"{a158f72c-0abb-5db5-0000-0010a3250100}","SourceThreadId":"3492","SourceImage":"C:\\Windows\\system32\\svchost.exe","TargetImage":"C:\\Windows\\System32\\svchost.exe","GrantedAccess":"0x1000","CallTrace":"C:\\Windows\\SYSTEM32\\ntdll.dll+9c524|C:\\Windows\\SYSTEM32\\psmserviceexthost.dll+222a3|C:\\Windows\\SYSTEM32\\psmserviceexthost.dll+1a172|C:\\Windows\\SYSTEM32\\psmserviceexthost.dll+19e3b|C:\\Windows\\SYSTEM32\\psmserviceexthost.dll+19318|C:\\Windows\\SYSTEM32\\ntdll.dll+3082d|C:\\Windows\\SYSTEM32\\ntdll.dll+345c4|C:\\Windows\\System32\\KERNEL32.DLL+17944|C:\\Windows\\SYSTEM32\\ntdll.dll+6ce71","SourceProcessGUID":"{a158f72c-0aba-5db5-0000-0010dc860000}","SourceProcessId":"960","UtcTime":"2019-10-27 06:42:02.043","TargetProcessId":"1612"},"channel":"Microsoft-Windows-Sysmon/Operational","record_id":273742,"opcode":"Info"},"event":{"action":"Process accessed (rule: ProcessAccess)","created":"2019-10-27T06:42:04.667Z","kind":"event","code":10},"ecs":{"version":"1.1.0"},"host":{"name":"WECServer"}}
{"@timestamp":"2019-10-27T06:42:02.301Z","@metadata":{"beat":"winlogbeat","type":"_doc","version":"7.4.0","topic":"winlogbeat"},"event":{"kind":"event","code":18,"action":"Pipe Connected (rule: PipeEvent)","created":"2019-10-27T06:42:04.667Z"},"log":{"level":"information"},"message":"Pipe Connected:\nRuleName: \nEventType: ConnectPipe\nUtcTime: 2019-10-27 06:42:02.299\nProcessGuid: {e7604876-0819-5db5-0000-00107f050200}\nProcessId: 2676\nPipeName: \\lsass\nImage: C:\\Windows\\system32\\dns.exe","winlog":{"task":"Pipe Connected (rule: PipeEvent)","opcode":"Info","version":1,"event_data":{"UtcTime":"2019-10-27 06:42:02.299","ProcessGuid":"{e7604876-0819-5db5-0000-00107f050200}","ProcessId":"2676","PipeName":"\\lsass","Image":"C:\\Windows\\system32\\dns.exe","EventType":"ConnectPipe"},"channel":"Microsoft-Windows-Sysmon/Operational","provider_name":"Microsoft-Windows-Sysmon","record_id":254682,"api":"wineventlog","user":{"name":"SYSTEM","domain":"NT AUTHORITY","type":"User","identifier":"S-1-5-18"},"computer_name":"HFDC01.shire.com","provider_guid":"{5770385f-c22a-43e0-bf4c-06f5698ffbd9}","process":{"pid":2860,"thread":{"id":3700}},"event_id":18},"host":{"name":"WECServer"},"agent":{"hostname":"WECServer","id":"72887cd5-18d3-415c-ada9-cfb237f9309f","version":"7.4.0","type":"winlogbeat","ephemeral_id":"81582c0c-9ac2-4a94-ad39-6e6f4ce9d096"},"ecs":{"version":"1.1.0"}}
{"@timestamp":"2019-10-27T06:42:02.378Z","@metadata":{"beat":"winlogbeat","type":"_doc","version":"7.4.0","topic":"winlogbeat"},"agent":{"id":"72887cd5-18d3-415c-ada9-cfb237f9309f","version":"7.4.0","type":"winlogbeat","ephemeral_id":"81582c0c-9ac2-4a94-ad39-6e6f4ce9d096","hostname":"WECServer"},"log":{"level":"information"},"message":"RawAccessRead detected:\nRuleName: \nUtcTime: 2019-10-27 06:42:02.377\nProcessGuid: {a158f72c-0ade-5db5-0000-0010aa440400}\nProcessId: 4720\nImage: C:\\Windows\\System32\\svchost.exe\nDevice: \\Device\\HarddiskVolume2","winlog":{"task":"RawAccessRead detected (rule: RawAccessRead)","channel":"Microsoft-Windows-Sysmon/Operational","api":"wineventlog","computer_name":"ACCT001.shire.com","process":{"pid":3148,"thread":{"id":5460}},"version":2,"provider_name":"Microsoft-Windows-Sysmon","provider_guid":"{5770385f-c22a-43e0-bf4c-06f5698ffbd9}","user":{"identifier":"S-1-5-18","name":"SYSTEM","domain":"NT AUTHORITY","type":"User"},"event_data":{"ProcessId":"4720","Image":"C:\\Windows\\System32\\svchost.exe","Device":"\\Device\\HarddiskVolume2","UtcTime":"2019-10-27 06:42:02.377","ProcessGuid":"{a158f72c-0ade-5db5-0000-0010aa440400}"},"event_id":9,"record_id":158397,"opcode":"Info"},"event":{"kind":"event","code":9,"action":"RawAccessRead detected (rule: RawAccessRead)","created":"2019-10-27T06:42:04.667Z"},"ecs":{"version":"1.1.0"},"host":{"name":"WECServer"}}
{"@timestamp":"2019-10-27T06:42:02.815Z","@metadata":{"beat":"winlogbeat","type":"_doc","version":"7.4.0","topic":"winlogbeat"},"log":{"level":"information"},"message":"Network connection detected:\nRuleName: \nUtcTime: 2019-10-27 06:42:00.401\nProcessGuid: {a158f72c-0ad7-5db5-0000-0010651c0200}\nProcessId: 3184\nImage: C:\\Windows\\System32\\svchost.exe\nUser: NT AUTHORITY\\NETWORK SERVICE\nProtocol: tcp\nInitiated: true\nSourceIsIpv6: false\nSourceIp: 172.18.39.100\nSourceHostname: ACCT001.shire.com\nSourcePort: 51159\nSourcePortName: \nDestinationIsIpv6: false\nDestinationIp: 172.18.39.102\nDestinationHostname: ip-172-18-39-102.ec2.internal\nDestinationPort: 5985\nDestinationPortName: ","ecs":{"version":"1.1.0"},"host":{"name":"WECServer"},"agent":{"hostname":"WECServer","id":"72887cd5-18d3-415c-ada9-cfb237f9309f","version":"7.4.0","type":"winlogbeat","ephemeral_id":"81582c0c-9ac2-4a94-ad39-6e6f4ce9d096"},"winlog":{"event_data":{"User":"NT AUTHORITY\\NETWORK SERVICE","ProcessGuid":"{a158f72c-0ad7-5db5-0000-0010651c0200}","SourcePort":"51159","Initiated":"true","Protocol":"tcp","Image":"C:\\Windows\\System32\\svchost.exe","UtcTime":"2019-10-27 06:42:00.401","DestinationPort":"5985","DestinationIsIpv6":"false","DestinationHostname":"ip-172-18-39-102.ec2.internal","DestinationIp":"172.18.39.102","ProcessId":"3184","SourceIp":"172.18.39.100","SourceIsIpv6":"false","SourceHostname":"ACCT001.shire.com"},"channel":"Microsoft-Windows-Sysmon/Operational","task":"Network connection detected (rule: NetworkConnect)","opcode":"Info","api":"wineventlog","computer_name":"ACCT001.shire.com","provider_guid":"{5770385f-c22a-43e0-bf4c-06f5698ffbd9}","version":5,"user":{"name":"SYSTEM","domain":"NT AUTHORITY","type":"User","identifier":"S-1-5-18"},"provider_name":"Microsoft-Windows-Sysmon","record_id":158398,"event_id":3,"process":{"pid":3148,"thread":{"id":3536}}},"event":{"kind":"event","code":3,"action":"Network connection detected (rule: NetworkConnect)","created":"2019-10-27T06:42:04.667Z"}}
{"@timestamp":"2019-10-27T06:42:03.059Z","@metadata":{"beat":"winlogbeat","type":"_doc","version":"7.4.0","topic":"winlogbeat"},"host":{"name":"WECServer"},"agent":{"id":"72887cd5-18d3-415c-ada9-cfb237f9309f","version":"7.4.0","type":"winlogbeat","ephemeral_id":"81582c0c-9ac2-4a94-ad39-6e6f4ce9d096","hostname":"WECServer"},"ecs":{"version":"1.1.0"},"winlog":{"api":"wineventlog","version":3,"channel":"Microsoft-Windows-Sysmon/Operational","event_id":10,"opcode":"Info","computer_name":"IT001.shire.com","record_id":273743,"task":"Process accessed (rule: ProcessAccess)","process":{"thread":{"id":3760},"pid":3168},"event_data":{"TargetImage":"C:\\Windows\\System32\\svchost.exe","UtcTime":"2019-10-27 06:42:03.058","GrantedAccess":"0x1000","SourceThreadId":"3492","SourceImage":"C:\\Windows\\system32\\svchost.exe","TargetProcessGUID":"{a158f72c-0abb-5db5-0000-0010a3250100}","TargetProcessId":"1612","SourceProcessGUID":"{a158f72c-0aba-5db5-0000-0010dc860000}","CallTrace":"C:\\Windows\\SYSTEM32\\ntdll.dll+9c524|C:\\Windows\\SYSTEM32\\psmserviceexthost.dll+222a3|C:\\Windows\\SYSTEM32\\psmserviceexthost.dll+1a172|C:\\Windows\\SYSTEM32\\psmserviceexthost.dll+19e3b|C:\\Windows\\SYSTEM32\\psmserviceexthost.dll+19318|C:\\Windows\\SYSTEM32\\ntdll.dll+3082d|C:\\Windows\\SYSTEM32\\ntdll.dll+345c4|C:\\Windows\\System32\\KERNEL32.DLL+17944|C:\\Windows\\SYSTEM32\\ntdll.dll+6ce71","SourceProcessId":"960"},"provider_guid":"{5770385f-c22a-43e0-bf4c-06f5698ffbd9}","user":{"identifier":"S-1-5-18","name":"SYSTEM","domain":"NT AUTHORITY","type":"User"},"provider_name":"Microsoft-Windows-Sysmon"},"event":{"action":"Process accessed (rule: ProcessAccess)","created":"2019-10-27T06:42:04.667Z","kind":"event","code":10},"log":{"level":"information"},"message":"Process accessed:\nRuleName: \nUtcTime: 2019-10-27 06:42:03.058\nSourceProcessGUID: {a158f72c-0aba-5db5-0000-0010dc860000}\nSourceProcessId: 960\nSourceThreadId: 3492\nSourceImage: C:\\Windows\\system32\\svchost.exe\nTargetProcessGUID: {a158f72c-0abb-5db5-0000-0010a3250100}\nTargetProcessId: 1612\nTargetImage: C:\\Windows\\System32\\svchost.exe\nGrantedAccess: 0x1000\nCallTrace: C:\\Windows\\SYSTEM32\\ntdll.dll+9c524|C:\\Windows\\SYSTEM32\\psmserviceexthost.dll+222a3|C:\\Windows\\SYSTEM32\\psmserviceexthost.dll+1a172|C:\\Windows\\SYSTEM32\\psmserviceexthost.dll+19e3b|C:\\Windows\\SYSTEM32\\psmserviceexthost.dll+19318|C:\\Windows\\SYSTEM32\\ntdll.dll+3082d|C:\\Windows\\SYSTEM32\\ntdll.dll+345c4|C:\\Windows\\System32\\KERNEL32.DLL+17944|C:\\Windows\\SYSTEM32\\ntdll.dll+6ce71"}
{"@timestamp":"2019-10-27T06:42:03.059Z","@metadata":{"beat":"winlogbeat","type":"_doc","version":"7.4.0","topic":"winlogbeat"},"event":{"kind":"event","code":10,"action":"Process accessed (rule: ProcessAccess)","created":"2019-10-27T06:42:04.667Z"},"log":{"level":"information"},"message":"Process accessed:\nRuleName: \nUtcTime: 2019-10-27 06:42:03.058\nSourceProcessGUID: {a158f72c-0aba-5db5-0000-0010dc860000}\nSourceProcessId: 960\nSourceThreadId: 3492\nSourceImage: C:\\Windows\\system32\\svchost.exe\nTargetProcessGUID: {a158f72c-0abb-5db5-0000-0010a3250100}\nTargetProcessId: 1612\nTargetImage: C:\\Windows\\System32\\svchost.exe\nGrantedAccess: 0x1000\nCallTrace: C:\\Windows\\SYSTEM32\\ntdll.dll+9c524|C:\\Windows\\SYSTEM32\\psmserviceexthost.dll+222a3|C:\\Windows\\SYSTEM32\\psmserviceexthost.dll+1a172|C:\\Windows\\SYSTEM32\\psmserviceexthost.dll+19e3b|C:\\Windows\\SYSTEM32\\psmserviceexthost.dll+19318|C:\\Windows\\SYSTEM32\\ntdll.dll+3082d|C:\\Windows\\SYSTEM32\\ntdll.dll+345c4|C:\\Windows\\System32\\KERNEL32.DLL+17944|C:\\Windows\\SYSTEM32\\ntdll.dll+6ce71","ecs":{"version":"1.1.0"},"host":{"name":"WECServer"},"agent":{"type":"winlogbeat","ephemeral_id":"81582c0c-9ac2-4a94-ad39-6e6f4ce9d096","hostname":"WECServer","id":"72887cd5-18d3-415c-ada9-cfb237f9309f","version":"7.4.0"},"winlog":{"process":{"pid":3168,"thread":{"id":3760}},"event_id":10,"record_id":273744,"computer_name":"IT001.shire.com","provider_guid":"{5770385f-c22a-43e0-bf4c-06f5698ffbd9}","version":3,"provider_name":"Microsoft-Windows-Sysmon","opcode":"Info","user":{"identifier":"S-1-5-18","name":"SYSTEM","domain":"NT AUTHORITY","type":"User"},"event_data":{"SourceImage":"C:\\Windows\\system32\\svchost.exe","TargetProcessId":"1612","SourceProcessId":"960","SourceProcessGUID":"{a158f72c-0aba-5db5-0000-0010dc860000}","SourceThreadId":"3492","TargetProcessGUID":"{a158f72c-0abb-5db5-0000-0010a3250100}","GrantedAccess":"0x1000","CallTrace":"C:\\Windows\\SYSTEM32\\ntdll.dll+9c524|C:\\Windows\\SYSTEM32\\psmserviceexthost.dll+222a3|C:\\Windows\\SYSTEM32\\psmserviceexthost.dll+1a172|C:\\Windows\\SYSTEM32\\psmserviceexthost.dll+19e3b|C:\\Windows\\SYSTEM32\\psmserviceexthost.dll+19318|C:\\Windows\\SYSTEM32\\ntdll.dll+3082d|C:\\Windows\\SYSTEM32\\ntdll.dll+345c4|C:\\Windows\\System32\\KERNEL32.DLL+17944|C:\\Windows\\SYSTEM32\\ntdll.dll+6ce71","UtcTime":"2019-10-27 06:42:03.058","TargetImage":"C:\\Windows\\System32\\svchost.exe"},"channel":"Microsoft-Windows-Sysmon/Operational","task":"Process accessed (rule: ProcessAccess)","api":"wineventlog"}}
