{"@timestamp":"2019-10-27T06:41:26.620Z","@metadata":{"beat":"winlogbeat","type":"_doc","version":"7.4.0","topic":"winlogbeat"},"agent":{"hostname":"WECServer","id":"72887cd5-18d3-415c-ada9-cfb237f9309f","version":"7.4.0","type":"winlogbeat","ephemeral_id":"81582c0c-9ac2-4a94-ad39-6e6f4ce9d096"},"winlog":{"opcode":"Info","provider_guid":"{5770385f-c22a-43e0-bf4c-06f5698ffbd9}","computer_name":"IT001.shire.com","task":"Process accessed (rule: ProcessAccess)","api":"wineventlog","user":{"domain":"NT AUTHORITY","type":"User","identifier":"S-1-5-18","name":"SYSTEM"},"channel":"Microsoft-Windows-Sysmon/Operational","event_id":10,"event_data":{"SourceProcessGUID":"{a158f72c-0abf-5db5-0000-0010f07f0200}","SourceProcessId":"3720","SourceImage":"C:\\Windows\\System32\\svchost.exe","GrantedAccess":"0x1400","TargetProcessGUID":"{a158f72c-0abd-5db5-0000-0010bc090200}","CallTrace":"C:\\Windows\\SYSTEM32\\ntdll.dll+9c524|C:\\Windows\\System32\\KERNELBASE.dll+2730e|c:\\windows\\system32\\rasmans.dll+3751b|c:\\windows\\system32\\rasmans.dll+36fad|c:\\windows\\system32\\rasmans.dll+10ed8|c:\\windows\\system32\\rasmans.dll+33cd5|C:\\Windows\\System32\\svchost.exe+314c|C:\\Windows\\System32\\sechost.dll+2de2|C:\\Windows\\System32\\KERNEL32.DLL+17944|C:\\Windows\\SYSTEM32\\ntdll.dll+6ce71","TargetImage":"C:\\Program Files\\Amazon\\Ec2ConfigService\\Ec2Config.exe","UtcTime":"2019-10-27 06:41:26.620","SourceThreadId":"3768","TargetProcessId":"2728"},"process":{"thread":{"id":3760},"pid":3168},"provider_name":"Microsoft-Windows-Sysmon","record_id":273704,"version":3},"event":{"kind":"event","code":10,"action":"Process accessed (rule: ProcessAccess)","created":"2019-10-27T06:41:29.390Z"},"log":{"level":"information"},"message":"Process accessed:\nRuleName: \nUtcTime: 2019-10-27 06:41:26.620\nSourceProcessGUID: {a158f72c-0abf-5db5-0000-0010f07f0200}\nSourceProcessId: 3720\nSourceThreadId: 3768\nSourceImage: C:\\Windows\\System32\\svchost.exe\nTargetProcessGUID: {a158f72c-0abd-5db5-0000-0010bc090200}\nTargetProcessId: 2728\nTargetImage: C:\\Program Files\\Amazon\\Ec2ConfigService\\Ec2Config.exe\nGrantedAccess: 0x1400\nCallTrace: C:\\Windows\\SYSTEM32\\ntdll.dll+9c524|C:\\Windows\\System32\\KERNELBASE.dll+2730e|c:\\windows\\system32\\rasmans.dll+3751b|c:\\windows\\system32\\rasmans.dll+36fad|c:\\windows\\system32\\rasmans.dll+10ed8|c:\\windows\\system32\\rasmans.dll+33cd5|C:\\Windows\\System32\\svchost.exe+314c|C:\\Windows\\System32\\sechost.dll+2de2|C:\\Windows\\System32\\KERNEL32.DLL+17944|C:\\Windows\\SYSTEM32\\ntdll.dll+6ce71","ecs":{"version":"1.1.0"},"host":{"name":"WECServer"}}
{"@timestamp":"2019-10-27T06:41:26.620Z","@metadata":{"beat":"winlogbeat","type":"_doc","version":"7.4.0","topic":"winlogbeat"},"event":{"kind":"event","code":10,"action":"Process accessed (rule: ProcessAccess)","created":"2019-10-27T06:41:29.390Z"},"log":{"level":"information"},"message":"Process accessed:\nRuleName: \nUtcTime: 2019-10-27 06:41:26.620\nSourceProcessGUID: {a158f72c-0abf-5db5-0000-0010f07f0200}\nSourceProcessId: 3720\nSourceThreadId: 3768\nSourceImage: C:\\Windows\\System32\\svchost.exe\nTargetProcessGUID: {a158f72c-1bca-5db5-0000-0010e55f7800}\nTargetProcessId: 8296\nTargetImage: C:\\Windows\\Microsoft.NET\\Framework64\\v4.0.30319\\MSBuild.exe\nGrantedAccess: 0x1400\nCallTrace: C:\\Windows\\SYSTEM32\\ntdll.dll+9c524|C:\\Windows\\System32\\KERNELBASE.dll+2730e|c:\\windows\\system32\\rasmans.dll+3751b|c:\\windows\\system32\\rasmans.dll+36fad|c:\\windows\\system32\\rasmans.dll+10ed8|c:\\windows\\system32\\rasmans.dll+33cd5|C:\\Windows\\System32\\svchost.exe+314c|C:\\Windows\\System32\\sechost.dll+2de2|C:\\Windows\\System32\\KERNEL32.DLL+17944|C:\\Windows\\SYSTEM32\\ntdll.dll+6ce71","ecs":{"version":"1.1.0"},"host":{"name":"WECServer"},"agent":{"id":"72887cd5-18d3-415c-ada9-cfb237f9309f","version":"7.4.0","type":"winlogbeat","ephemeral_id":"81582c0c-9ac2-4a94-ad39-6e6f4ce9d096","hostname":"WECServer"},"winlog":{"provider_name":"Microsoft-Windows-Sysmon","event_data":{"UtcTime":"2019-10-27 06:41:26.620","SourceProcessId":"3720","GrantedAccess":"0x1400","CallTrace":"C:\\Windows\\SYSTEM32\\ntdll.dll+9c524|C:\\Windows\\System32\\KERNELBASE.dll+2730e|c:\\windows\\system32\\rasmans.dll+3751b|c:\\windows\\system32\\rasmans.dll+36fad|c:\\windows\\system32\\rasmans.dll+10ed8|c:\\windows\\system32\\rasmans.dll+33cd5|C:\\Windows\\System32\\svchost.exe+314c|C:\\Windows\\System32\\sechost.dll+2de2|C:\\Windows\\System32\\KERNEL32.DLL+17944|C:\\Windows\\SYSTEM32\\ntdll.dll+6ce71","SourceProcessGUID":"{a158f72c-0abf-5db5-0000-0010f07f0200}","SourceImage":"C:\\Windows\\System32\\svchost.exe","TargetImage":"C:\\Windows\\Microsoft.NET\\Framework64\\v4.0.30319\\MSBuild.exe","TargetProcessGUID":"{a158f72c-1bca-5db5-0000-0010e55f7800}","TargetProcessId":"8296","SourceThreadId":"3768"},"channel":"Microsoft-Windows-Sysmon/Operational","record_id":273705,"task":"Process accessed (rule: ProcessAccess)","user":{"identifier":"S-1-5-18","name":"SYSTEM","domain":"NT AUTHORITY","type":"User"},"event_id":10,"version":3,"process":{"pid":3168,"thread":{"id":3760}},"computer_name":"IT001.shire.com","opcode":"Info","provider_guid":"{5770385f-c22a-43e0-bf4c-06f5698ffbd9}","api":"wineventlog"}}
{"@timestamp":"2019-10-27T06:41:28.057Z","@metadata":{"beat":"winlogbeat","type":"_doc","version":"7.4.0","topic":"winlogbeat"},"agent":{"version":"7.4.0","type":"winlogbeat","ephemeral_id":"81582c0c-9ac2-4a94-ad39-6e6f4ce9d096","hostname":"WECServer","id":"72887cd5-18d3-415c-ada9-cfb237f9309f"},"winlog":{"version":3,"record_id":181434,"api":"wineventlog","provider_guid":"{5770385f-c22a-43e0-bf4c-06f5698ffbd9}","process":{"pid":3124,"thread":{"id":4276}},"user":{"name":"SYSTEM","domain":"NT AUTHORITY","type":"User","identifier":"S-1-5-18"},"channel":"Microsoft-Windows-Sysmon/Operational","task":"Process accessed (rule: ProcessAccess)","opcode":"Info","provider_name":"Microsoft-Windows-Sysmon","computer_name":"HR001.shire.com","event_data":{"UtcTime":"2019-10-27 06:41:28.057","SourceProcessId":"3532","CallTrace":"C:\\Windows\\SYSTEM32\\ntdll.dll+9c524|C:\\Windows\\System32\\KERNELBASE.dll+2730e|c:\\windows\\system32\\rasmans.dll+3751b|c:\\windows\\system32\\rasmans.dll+36fad|c:\\windows\\system32\\rasmans.dll+10ed8|c:\\windows\\system32\\rasmans.dll+33cd5|C:\\Windows\\System32\\svchost.exe+314c|C:\\Windows\\System32\\sechost.dll+2de2|C:\\Windows\\System32\\KERNEL32.DLL+17944|C:\\Windows\\SYSTEM32\\ntdll.dll+6ce71","SourceProcessGUID":"{a158f72c-0ac7-5db5-0000-00107d4d0200}","SourceImage":"C:\\Windows\\System32\\svchost.exe","TargetImage":"C:\\Program Files\\Amazon\\Ec2ConfigService\\Ec2Config.exe","SourceThreadId":"3640","TargetProcessGUID":"{a158f72c-0ac5-5db5-0000-00102d030200}","TargetProcessId":"2360","GrantedAccess":"0x1400"},"event_id":10},"event":{"action":"Process accessed (rule: ProcessAccess)","created":"2019-10-27T06:41:30.392Z","kind":"event","code":10},"log":{"level":"information"},"message":"Process accessed:\nRuleName: \nUtcTime: 2019-10-27 06:41:28.057\nSourceProcessGUID: {a158f72c-0ac7-5db5-0000-00107d4d0200}\nSourceProcessId: 3532\nSourceThreadId: 3640\nSourceImage: C:\\Windows\\System32\\svchost.exe\nTargetProcessGUID: {a158f72c-0ac5-5db5-0000-00102d030200}\nTargetProcessId: 2360\nTargetImage: C:\\Program Files\\Amazon\\Ec2ConfigService\\Ec2Config.exe\nGrantedAccess: 0x1400\nCallTrace: C:\\Windows\\SYSTEM32\\ntdll.dll+9c524|C:\\Windows\\System32\\KERNELBASE.dll+2730e|c:\\windows\\system32\\rasmans.dll+3751b|c:\\windows\\system32\\rasmans.dll+36fad|c:\\windows\\system32\\rasmans.dll+10ed8|c:\\windows\\system32\\rasmans.dll+33cd5|C:\\Windows\\System32\\svchost.exe+314c|C:\\Windows\\System32\\sechost.dll+2de2|C:\\Windows\\System32\\KERNEL32.DLL+17944|C:\\Windows\\SYSTEM32\\ntdll.dll+6ce71","ecs":{"version":"1.1.0"},"host":{"name":"WECServer"}}
{"@timestamp":"2019-10-27T06:41:28.793Z","@metadata":{"beat":"winlogbeat","type":"_doc","version":"7.4.0","topic":"winlogbeat"},"event":{"kind":"event","code":9,"action":"RawAccessRead detected (rule: RawAccessRead)","created":"2019-10-27T06:41:30.392Z"},"log":{"level":"information"},"message":"RawAccessRead detected:\nRuleName: \nUtcTime: 2019-10-27 06:41:28.792\nProcessGuid: {a158f72c-0ac1-5db5-0000-001001650300}\nProcessId: 4212\nImage: C:\\Windows\\System32\\svchost.exe\nDevice: \\Device\\HarddiskVolume2","ecs":{"version":"1.1.0"},"host":{"name":"WECServer"},"agent":{"version":"7.4.0","type":"winlogbeat","ephemeral_id":"81582c0c-9ac2-4a94-ad39-6e6f4ce9d096","hostname":"WECServer","id":"72887cd5-18d3-415c-ada9-cfb237f9309f"},"winlog":{"api":"wineventlog","opcode":"Info","process":{"pid":3168,"thread":{"id":3760}},"record_id":273706,"user":{"identifier":"S-1-5-18","name":"SYSTEM","domain":"NT AUTHORITY","type":"User"},"task":"RawAccessRead detected (rule: RawAccessRead)","event_data":{"Image":"C:\\Windows\\System32\\svchost.exe","Device":"\\Device\\HarddiskVolume2","UtcTime":"2019-10-27 06:41:28.792","ProcessGuid":"{a158f72c-0ac1-5db5-0000-001001650300}","ProcessId":"4212"},"channel":"Microsoft-Windows-Sysmon/Operational","event_id":9,"computer_name":"IT001.shire.com","provider_name":"Microsoft-Windows-Sysmon","provider_guid":"{5770385f-c22a-43e0-bf4c-06f5698ffbd9}","version":2}}
{"@timestamp":"2019-10-27T06:41:30.075Z","@metadata":{"beat":"winlogbeat","type":"_doc","version":"7.4.0","topic":"winlogbeat"},"winlog":{"provider_name":"Microsoft-Windows-Security-Auditing","api":"wineventlog","opcode":"Info","event_id":5156,"keywords":["Audit Success"],"task":"Filtering Platform Connection","version":1,"computer_name":"HFDC01.shire.com","provider_guid":"{54849625-5478-4994-a5ba-3e3b0328c30d}","process":{"pid":4,"thread":{"id":96}},"event_data":{"LayerName":"%%14610","LayerRTID":"44","RemoteUserID":"S-1-0-0","SourcePort":"49175","DestAddress":"172.18.39.5","Protocol":"17","Application":"\\device\\harddiskvolume1\\windows\\system32\\dns.exe","Direction":"%%14592","RemoteMachineID":"S-1-0-0","SourceAddress":"172.18.39.100","FilterRTID":"66362","DestPort":"53","ProcessID":"2676"},"channel":"Security","record_id":142933},"event":{"kind":"event","code":5156,"action":"Filtering Platform Connection","created":"2019-10-27T06:41:32.417Z"},"log":{"level":"information"},"message":"The Windows Filtering Platform has permitted a connection.\n\nApplication Information:\n\tProcess ID:\t\t2676\n\tApplication Name:\t\\device\\harddiskvolume1\\windows\\system32\\dns.exe\n\nNetwork Information:\n\tDirection:\t\tInbound\n\tSource Address:\t\t172.18.39.100\n\tSource Port:\t\t49175\n\tDestination Address:\t172.18.39.5\n\tDestination Port:\t\t53\n\tProtocol:\t\t17\n\nFilter Information:\n\tFilter Run-Time ID:\t66362\n\tLayer Name:\t\tReceive/Accept\n\tLayer Run-Time ID:\t44","ecs":{"version":"1.1.0"},"host":{"name":"WECServer"},"agent":{"hostname":"WECServer","id":"72887cd5-18d3-415c-ada9-cfb237f9309f","version":"7.4.0","type":"winlogbeat","ephemeral_id":"81582c0c-9ac2-4a94-ad39-6e6f4ce9d096"}}
{"@timestamp":"2019-10-27T06:41:30.832Z","@metadata":{"beat":"winlogbeat","type":"_doc","version":"7.4.0","topic":"winlogbeat"},"agent":{"id":"72887cd5-18d3-415c-ada9-cfb237f9309f","version":"7.4.0","type":"winlogbeat","ephemeral_id":"81582c0c-9ac2-4a94-ad39-6e6f4ce9d096","hostname":"WECServer"},"ecs":{"version":"1.1.0"},"host":{"name":"WECServer"},"winlog":{"keywords":["Audit Success"],"channel":"Security","event_id":4634,"api":"wineventlog","computer_name":"HFDC01.shire.com","provider_guid":"{54849625-5478-4994-a5ba-3e3b0328c30d}","provider_name":"Microsoft-Windows-Security-Auditing","record_id":142934,"process":{"pid":776,"thread":{"id":3508}},"event_data":{"TargetUserSid":"S-1-5-21-3330352180-2382769307-1436459521-1118","TargetUserName":"ACCT001$","TargetDomainName":"shire","TargetLogonId":"0x91dce7","LogonType":"3"},"task":"Logoff","opcode":"Info"},"event":{"action":"Logoff","created":"2019-10-27T06:41:32.417Z","kind":"event","code":4634},"log":{"level":"information"},"message":"An account was logged off.\n\nSubject:\n\tSecurity ID:\t\tS-1-5-21-3330352180-2382769307-1436459521-1118\n\tAccount Name:\t\tACCT001$\n\tAccount Domain:\t\tshire\n\tLogon ID:\t\t0x91DCE7\n\nLogon Type:\t\t\t3\n\nThis event is generated when a logon session is destroyed. It may be positively correlated with a logon event using the Logon ID value. Logon IDs are only unique between reboots on the same computer."}
{"@timestamp":"2019-10-27T06:41:30.116Z","@metadata":{"beat":"winlogbeat","type":"_doc","version":"7.4.0","topic":"winlogbeat"},"winlog":{"api":"wineventlog","channel":"security","opcode":"Info","provider_guid":"{54849625-5478-4994-a5ba-3e3b0328c30d}","event_id":5158,"provider_name":"Microsoft-Windows-Security-Auditing","record_id":28036,"task":"Filtering Platform Connection","process":{"pid":4,"thread":{"id":5312}},"event_data":{"LayerName":"%%14608","LayerRTID":"36","ProcessId":"3048","Application":"\\device\\harddiskvolume2\\program files\\amazon\\cfn-bootstrap\\winhup.exe","SourceAddress":"0.0.0.0","SourcePort":"51155","Protocol":"6","FilterRTID":"0"},"keywords":["Audit Success"],"computer_name":"ACCT001.shire.com"},"event":{"created":"2019-10-27T06:41:32.417Z","kind":"event","code":5158,"action":"Filtering Platform Connection"},"log":{"level":"information"},"message":"The Windows Filtering Platform has permitted a bind to a local port.\n\nApplication Information:\n\tProcess ID:\t\t3048\n\tApplication Name:\t\\device\\harddiskvolume2\\program files\\amazon\\cfn-bootstrap\\winhup.exe\n\nNetwork Information:\n\tSource Address:\t\t0.0.0.0\n\tSource Port:\t\t51155\n\tProtocol:\t\t6\n\nFilter Information:\n\tFilter Run-Time ID:\t0\n\tLayer Name:\t\tResource Assignment\n\tLayer Run-Time ID:\t36","ecs":{"version":"1.1.0"},"host":{"name":"WECServer"},"agent":{"type":"winlogbeat","ephemeral_id":"81582c0c-9ac2-4a94-ad39-6e6f4ce9d096","hostname":"WECServer","id":"72887cd5-18d3-415c-ada9-cfb237f9309f","version":"7.4.0"}}
{"@timestamp":"2019-10-27T06:41:30.116Z","@metadata":{"beat":"winlogbeat","type":"_doc","version":"7.4.0","topic":"winlogbeat"},"host":{"name":"WECServer"},"agent":{"hostname":"WECServer","id":"72887cd5-18d3-415c-ada9-cfb237f9309f","version":"7.4.0","type":"winlogbeat","ephemeral_id":"81582c0c-9ac2-4a94-ad39-6e6f4ce9d096"},"message":"The Windows Filtering Platform has permitted a connection.\n\nApplication Information:\n\tProcess ID:\t\t3048\n\tApplication Name:\t\\device\\harddiskvolume2\\program files\\amazon\\cfn-bootstrap\\winhup.exe\n\nNetwork Information:\n\tDirection:\t\tOutbound\n\tSource Address:\t\t172.18.39.100\n\tSource Port:\t\t51155\n\tDestination Address:\t169.254.169.254\n\tDestination Port:\t\t80\n\tProtocol:\t\t6\n\nFilter Information:\n\tFilter Run-Time ID:\t69028\n\tLayer Name:\t\tConnect\n\tLayer Run-Time ID:\t48","winlog":{"event_id":5156,"record_id":28037,"opcode":"Info","channel":"security","api":"wineventlog","computer_name":"ACCT001.shire.com","provider_guid":"{54849625-5478-4994-a5ba-3e3b0328c30d}","version":1,"process":{"pid":4,"thread":{"id":5312}},"task":"Filtering Platform Connection","keywords":["Audit Success"],"event_data":{"DestAddress":"169.254.169.254","FilterRTID":"69028","LayerName":"%%14611","RemoteMachineID":"S-1-0-0","ProcessID":"3048","DestPort":"80","SourcePort":"51155","RemoteUserID":"S-1-0-0","Application":"\\device\\harddiskvolume2\\program files\\amazon\\cfn-bootstrap\\winhup.exe","Direction":"%%14593","SourceAddress":"172.18.39.100","Protocol":"6","LayerRTID":"48"},"provider_name":"Microsoft-Windows-Security-Auditing"},"event":{"code":5156,"action":"Filtering Platform Connection","created":"2019-10-27T06:41:32.417Z","kind":"event"},"log":{"level":"information"},"ecs":{"version":"1.1.0"}}
{"@timestamp":"2019-10-27T06:41:30.119Z","@metadata":{"beat":"winlogbeat","type":"_doc","version":"7.4.0","topic":"winlogbeat"},"winlog":{"keywords":["Audit Success"],"event_data":{"Protocol":"6","FilterRTID":"0","LayerName":"%%14608","LayerRTID":"36","ProcessId":"3048","Application":"\\device\\harddiskvolume2\\program files\\amazon\\cfn-bootstrap\\winhup.exe","SourceAddress":"0.0.0.0","SourcePort":"51156"},"event_id":5158,"record_id":28038,"task":"Filtering Platform Connection","computer_name":"ACCT001.shire.com","api":"wineventlog","channel":"security","provider_name":"Microsoft-Windows-Security-Auditing","opcode":"Info","provider_guid":"{54849625-5478-4994-a5ba-3e3b0328c30d}","process":{"pid":4,"thread":{"id":5312}}},"event":{"action":"Filtering Platform Connection","created":"2019-10-27T06:41:32.417Z","kind":"event","code":5158},"log":{"level":"information"},"message":"The Windows Filtering Platform has permitted a bind to a local port.\n\nApplication Information:\n\tProcess ID:\t\t3048\n\tApplication Name:\t\\device\\harddiskvolume2\\program files\\amazon\\cfn-bootstrap\\winhup.exe\n\nNetwork Information:\n\tSource Address:\t\t0.0.0.0\n\tSource Port:\t\t51156\n\tProtocol:\t\t6\n\nFilter Information:\n\tFilter Run-Time ID:\t0\n\tLayer Name:\t\tResource Assignment\n\tLayer Run-Time ID:\t36","ecs":{"version":"1.1.0"},"host":{"name":"WECServer"},"agent":{"hostname":"WECServer","id":"72887cd5-18d3-415c-ada9-cfb237f9309f","version":"7.4.0","type":"winlogbeat","ephemeral_id":"81582c0c-9ac2-4a94-ad39-6e6f4ce9d096"}}
{"@timestamp":"2019-10-27T06:41:30.119Z","@metadata":{"beat":"winlogbeat","type":"_doc","version":"7.4.0","topic":"winlogbeat"},"host":{"name":"WECServer"},"agent":{"hostname":"WECServer","id":"72887cd5-18d3-415c-ada9-cfb237f9309f","version":"7.4.0","type":"winlogbeat","ephemeral_id":"81582c0c-9ac2-4a94-ad39-6e6f4ce9d096"},"log":{"level":"information"},"message":"The Windows Filtering Platform has permitted a connection.\n\nApplication Information:\n\tProcess ID:\t\t3048\n\tApplication Name:\t\\device\\harddiskvolume2\\program files\\amazon\\cfn-bootstrap\\winhup.exe\n\nNetwork Information:\n\tDirection:\t\tOutbound\n\tSource Address:\t\t172.18.39.100\n\tSource Port:\t\t51156\n\tDestination Address:\t169.254.169.254\n\tDestination Port:\t\t80\n\tProtocol:\t\t6\n\nFilter Information:\n\tFilter Run-Time ID:\t69028\n\tLayer Name:\t\tConnect\n\tLayer Run-Time ID:\t48","winlog":{"process":{"pid":4,"thread":{"id":5312}},"version":1,"channel":"security","opcode":"Info","api":"wineventlog","event_id":5156,"provider_name":"Microsoft-Windows-Security-Auditing","record_id":28039,"task":"Filtering Platform Connection","computer_name":"ACCT001.shire.com","provider_guid":"{54849625-5478-4994-a5ba-3e3b0328c30d}","keywords":["Audit Success"],"event_data":{"RemoteMachineID":"S-1-0-0","Application":"\\device\\harddiskvolume2\\program files\\amazon\\cfn-bootstrap\\winhup.exe","Direction":"%%14593","DestPort":"80","Protocol":"6","DestAddress":"169.254.169.254","RemoteUserID":"S-1-0-0","ProcessID":"3048","SourceAddress":"172.18.39.100","SourcePort":"51156","LayerRTID":"48","LayerName":"%%14611","FilterRTID":"69028"}},"event":{"action":"Filtering Platform Connection","created":"2019-10-27T06:41:32.417Z","kind":"event","code":5156},"ecs":{"version":"1.1.0"}}
{"@timestamp":"2019-10-27T06:41:30.122Z","@metadata":{"beat":"winlogbeat","type":"_doc","version":"7.4.0","topic":"winlogbeat"},"log":{"level":"information"},"ecs":{"version":"1.1.0"},"host":{"name":"WECServer"},"agent":{"version":"7.4.0","type":"winlogbeat","ephemeral_id":"81582c0c-9ac2-4a94-ad39-6e6f4ce9d096","hostname":"WECServer","id":"72887cd5-18d3-415c-ada9-cfb237f9309f"},"message":"The Windows Filtering Platform has permitted a bind to a local port.\n\nApplication Information:\n\tProcess ID:\t\t1512\n\tApplication Name:\t\\device\\harddiskvolume2\\windows\\system32\\svchost.exe\n\nNetwork Information:\n\tSource Address:\t\t::\n\tSource Port:\t\t49175\n\tProtocol:\t\t17\n\nFilter Information:\n\tFilter Run-Time ID:\t0\n\tLayer Name:\t\tResource Assignment\n\tLayer Run-Time ID:\t36","winlog":{"provider_name":"Microsoft-Windows-Security-Auditing","opcode":"Info","event_data":{"LayerName":"%%14608","LayerRTID":"36","ProcessId":"1512","Application":"\\device\\harddiskvolume2\\windows\\system32\\svchost.exe","SourceAddress":"::","SourcePort":"49175","Protocol":"17","FilterRTID":"0"},"event_id":5158,"api":"wineventlog","computer_name":"ACCT001.shire.com","record_id":28040,"task":"Filtering Platform Connection","keywords":["Audit Success"],"process":{"pid":4,"thread":{"id":5312}},"channel":"security","provider_guid":"{54849625-5478-4994-a5ba-3e3b0328c30d}"},"event":{"code":5158,"action":"Filtering Platform Connection","created":"2019-10-27T06:41:32.417Z","kind":"event"}}
{"@timestamp":"2019-10-27T06:41:30.122Z","@metadata":{"beat":"winlogbeat","type":"_doc","version":"7.4.0","topic":"winlogbeat"},"host":{"name":"WECServer"},"agent":{"id":"72887cd5-18d3-415c-ada9-cfb237f9309f","version":"7.4.0","type":"winlogbeat","ephemeral_id":"81582c0c-9ac2-4a94-ad39-6e6f4ce9d096","hostname":"WECServer"},"winlog":{"opcode":"Info","process":{"pid":4,"thread":{"id":5312}},"channel":"security","record_id":28041,"provider_name":"Microsoft-Windows-Security-Auditing","provider_guid":"{54849625-5478-4994-a5ba-3e3b0328c30d}","keywords":["Audit Success"],"task":"Filtering Platform Connection","api":"wineventlog","computer_name":"ACCT001.shire.com","event_data":{"SourcePort":"49175","Protocol":"17","FilterRTID":"0","LayerName":"%%14608","LayerRTID":"38","ProcessId":"1512","Application":"\\device\\harddiskvolume2\\windows\\system32\\svchost.exe","SourceAddress":"::"},"event_id":5158},"event":{"kind":"event","code":5158,"action":"Filtering Platform Connection","created":"2019-10-27T06:41:32.417Z"},"log":{"level":"information"},"message":"The Windows Filtering Platform has permitted a bind to a local port.\n\nApplication Information:\n\tProcess ID:\t\t1512\n\tApplication Name:\t\\device\\harddiskvolume2\\windows\\system32\\svchost.exe\n\nNetwork Information:\n\tSource Address:\t\t::\n\tSource Port:\t\t49175\n\tProtocol:\t\t17\n\nFilter Information:\n\tFilter Run-Time ID:\t0\n\tLayer Name:\t\tResource Assignment\n\tLayer Run-Time ID:\t38","ecs":{"version":"1.1.0"}}
{"@timestamp":"2019-10-27T06:41:30.122Z","@metadata":{"beat":"winlogbeat","type":"_doc","version":"7.4.0","topic":"winlogbeat"},"winlog":{"task":"Filtering Platform Connection","computer_name":"ACCT001.shire.com","opcode":"Info","event_data":{"Application":"\\device\\harddiskvolume2\\windows\\system32\\svchost.exe","Direction":"%%14593","DestAddress":"172.18.39.5","RemoteMachineID":"S-1-0-0","SourcePort":"49175","LayerName":"%%14611","RemoteUserID":"S-1-0-0","ProcessID":"1512","DestPort":"53","LayerRTID":"48","Protocol":"17","FilterRTID":"69028","SourceAddress":"172.18.39.100"},"channel":"security","api":"wineventlog","keywords":["Audit Success"],"version":1,"process":{"pid":4,"thread":{"id":5312}},"provider_guid":"{54849625-5478-4994-a5ba-3e3b0328c30d}","event_id":5156,"provider_name":"Microsoft-Windows-Security-Auditing","record_id":28042},"event":{"kind":"event","code":5156,"action":"Filtering Platform Connection","created":"2019-10-27T06:41:32.417Z"},"agent":{"type":"winlogbeat","ephemeral_id":"81582c0c-9ac2-4a94-ad39-6e6f4ce9d096","hostname":"WECServer","id":"72887cd5-18d3-415c-ada9-cfb237f9309f","version":"7.4.0"},"ecs":{"version":"1.1.0"},"host":{"name":"WECServer"},"log":{"level":"information"},"message":"The Windows Filtering Platform has permitted a connection.\n\nApplication Information:\n\tProcess ID:\t\t1512\n\tApplication Name:\t\\device\\harddiskvolume2\\windows\\system32\\svchost.exe\n\nNetwork Information:\n\tDirection:\t\tOutbound\n\tSource Address:\t\t172.18.39.100\n\tSource Port:\t\t49175\n\tDestination Address:\t172.18.39.5\n\tDestination Port:\t\t53\n\tProtocol:\t\t17\n\nFilter Information:\n\tFilter Run-Time ID:\t69028\n\tLayer Name:\t\tConnect\n\tLayer Run-Time ID:\t48"}
{"@timestamp":"2019-10-27T06:41:30.123Z","@metadata":{"beat":"winlogbeat","type":"_doc","version":"7.4.0","topic":"winlogbeat"},"winlog":{"provider_name":"Microsoft-Windows-Security-Auditing","provider_guid":"{54849625-5478-4994-a5ba-3e3b0328c30d}","api":"wineventlog","process":{"thread":{"id":5312},"pid":4},"event_id":5158,"record_id":28043,"event_data":{"Application":"\\device\\harddiskvolume2\\program files\\amazon\\cfn-bootstrap\\winhup.exe","SourceAddress":"0.0.0.0","SourcePort":"51157","Protocol":"6","FilterRTID":"0","LayerName":"%%14608","LayerRTID":"36","ProcessId":"3048"},"task":"Filtering Platform Connection","computer_name":"ACCT001.shire.com","opcode":"Info","channel":"security","keywords":["Audit Success"]},"event":{"created":"2019-10-27T06:41:32.417Z","kind":"event","code":5158,"action":"Filtering Platform Connection"},"log":{"level":"information"},"message":"The Windows Filtering Platform has permitted a bind to a local port.\n\nApplication Information:\n\tProcess ID:\t\t3048\n\tApplication Name:\t\\device\\harddiskvolume2\\program files\\amazon\\cfn-bootstrap\\winhup.exe\n\nNetwork Information:\n\tSource Address:\t\t0.0.0.0\n\tSource Port:\t\t51157\n\tProtocol:\t\t6\n\nFilter Information:\n\tFilter Run-Time ID:\t0\n\tLayer Name:\t\tResource Assignment\n\tLayer Run-Time ID:\t36","ecs":{"version":"1.1.0"},"host":{"name":"WECServer"},"agent":{"hostname":"WECServer","id":"72887cd5-18d3-415c-ada9-cfb237f9309f","version":"7.4.0","type":"winlogbeat","ephemeral_id":"81582c0c-9ac2-4a94-ad39-6e6f4ce9d096"}}
{"@timestamp":"2019-10-27T06:41:30.123Z","@metadata":{"beat":"winlogbeat","type":"_doc","version":"7.4.0","topic":"winlogbeat"},"event":{"code":5156,"action":"Filtering Platform Connection","created":"2019-10-27T06:41:32.417Z","kind":"event"},"ecs":{"version":"1.1.0"},"host":{"name":"WECServer"},"agent":{"hostname":"WECServer","id":"72887cd5-18d3-415c-ada9-cfb237f9309f","version":"7.4.0","type":"winlogbeat","ephemeral_id":"81582c0c-9ac2-4a94-ad39-6e6f4ce9d096"},"log":{"level":"information"},"message":"The Windows Filtering Platform has permitted a connection.\n\nApplication Information:\n\tProcess ID:\t\t3048\n\tApplication Name:\t\\device\\harddiskvolume2\\program files\\amazon\\cfn-bootstrap\\winhup.exe\n\nNetwork Information:\n\tDirection:\t\tOutbound\n\tSource Address:\t\t172.18.39.100\n\tSource Port:\t\t51157\n\tDestination Address:\t54.239.29.24\n\tDestination Port:\t\t443\n\tProtocol:\t\t6\n\nFilter Information:\n\tFilter Run-Time ID:\t69028\n\tLayer Name:\t\tConnect\n\tLayer Run-Time ID:\t48","winlog":{"record_id":28044,"opcode":"Info","task":"Filtering Platform Connection","keywords":["Audit Success"],"computer_name":"ACCT001.shire.com","process":{"pid":4,"thread":{"id":5312}},"version":1,"channel":"security","event_id":5156,"api":"wineventlog","provider_guid":"{54849625-5478-4994-a5ba-3e3b0328c30d}","provider_name":"Microsoft-Windows-Security-Auditing","event_data":{"SourceAddress":"172.18.39.100","DestPort":"443","RemoteUserID":"S-1-0-0","ProcessID":"3048","Direction":"%%14593","Protocol":"6","LayerName":"%%14611","SourcePort":"51157","DestAddress":"54.239.29.24","FilterRTID":"69028","RemoteMachineID":"S-1-0-0","Application":"\\device\\harddiskvolume2\\program files\\amazon\\cfn-bootstrap\\winhup.exe","LayerRTID":"48"}}}
{"@timestamp":"2019-10-27T06:41:30.208Z","@metadata":{"beat":"winlogbeat","type":"_doc","version":"7.4.0","topic":"winlogbeat"},"event":{"kind":"event","code":11,"action":"File created (rule: FileCreate)","created":"2019-10-27T06:41:32.417Z"},"log":{"level":"information"},"agent":{"hostname":"WECServer","id":"72887cd5-18d3-415c-ada9-cfb237f9309f","version":"7.4.0","type":"winlogbeat","ephemeral_id":"81582c0c-9ac2-4a94-ad39-6e6f4ce9d096"},"ecs":{"version":"1.1.0"},"host":{"name":"WECServer"},"message":"File created:\nRuleName: \nUtcTime: 2019-10-27 06:41:30.207\nProcessGuid: {a158f72c-0ad7-5db5-0000-00106bfe0100}\nProcessId: 3048\nImage: C:\\Program Files\\Amazon\\cfn-bootstrap\\winhup.exe\nTargetFilename: C:\\cfn\\cfn-hup\\data\\metadata_db.json\nCreationUtcTime: 2019-10-27 03:08:33.449","winlog":{"channel":"Microsoft-Windows-Sysmon/Operational","provider_name":"Microsoft-Windows-Sysmon","event_data":{"Image":"C:\\Program Files\\Amazon\\cfn-bootstrap\\winhup.exe","TargetFilename":"C:\\cfn\\cfn-hup\\data\\metadata_db.json","CreationUtcTime":"2019-10-27 03:08:33.449","UtcTime":"2019-10-27 06:41:30.207","ProcessGuid":"{a158f72c-0ad7-5db5-0000-00106bfe0100}","ProcessId":"3048"},"event_id":11,"record_id":158346,"api":"wineventlog","version":2,"user":{"domain":"NT AUTHORITY","type":"User","identifier":"S-1-5-18","name":"SYSTEM"},"process":{"thread":{"id":5460},"pid":3148},"provider_guid":"{5770385f-c22a-43e0-bf4c-06f5698ffbd9}","task":"File created (rule: FileCreate)","computer_name":"ACCT001.shire.com","opcode":"Info"}}
{"@timestamp":"2019-10-27T06:41:31.313Z","@metadata":{"beat":"winlogbeat","type":"_doc","version":"7.4.0","topic":"winlogbeat"},"host":{"name":"WECServer"},"agent":{"hostname":"WECServer","id":"72887cd5-18d3-415c-ada9-cfb237f9309f","version":"7.4.0","type":"winlogbeat","ephemeral_id":"81582c0c-9ac2-4a94-ad39-6e6f4ce9d096"},"event":{"kind":"event","code":3,"action":"Network connection detected (rule: NetworkConnect)","created":"2019-10-27T06:41:34.427Z"},"log":{"level":"information"},"message":"Network connection detected:\nRuleName: \nUtcTime: 2019-10-27 06:41:29.385\nProcessGuid: {e7604876-0819-5db5-0000-00107f050200}\nProcessId: 2676\nImage: C:\\Windows\\System32\\dns.exe\nUser: NT AUTHORITY\\SYSTEM\nProtocol: udp\nInitiated: false\nSourceIsIpv6: false\nSourceIp: 172.18.39.5\nSourceHostname: HFDC01.shire.com\nSourcePort: 53\nSourcePortName: domain\nDestinationIsIpv6: false\nDestinationIp: 172.18.39.100\nDestinationHostname: ip-172-18-39-100.ec2.internal\nDestinationPort: 49175\nDestinationPortName: ","winlog":{"provider_name":"Microsoft-Windows-Sysmon","api":"wineventlog","event_id":3,"computer_name":"HFDC01.shire.com","opcode":"Info","process":{"pid":2860,"thread":{"id":3684}},"user":{"identifier":"S-1-5-18","name":"SYSTEM","domain":"NT AUTHORITY","type":"User"},"record_id":254663,"task":"Network connection detected (rule: NetworkConnect)","event_data":{"DestinationHostname":"ip-172-18-39-100.ec2.internal","SourceIsIpv6":"false","SourceHostname":"HFDC01.shire.com","DestinationIsIpv6":"false","DestinationPort":"49175","ProcessId":"2676","UtcTime":"2019-10-27 06:41:29.385","Image":"C:\\Windows\\System32\\dns.exe","Initiated":"false","SourcePort":"53","DestinationIp":"172.18.39.100","User":"NT AUTHORITY\\SYSTEM","ProcessGuid":"{e7604876-0819-5db5-0000-00107f050200}","Protocol":"udp","SourceIp":"172.18.39.5","SourcePortName":"domain"},"channel":"Microsoft-Windows-Sysmon/Operational","provider_guid":"{5770385f-c22a-43e0-bf4c-06f5698ffbd9}","version":5},"ecs":{"version":"1.1.0"}}
{"@timestamp":"2019-10-27T06:41:31.426Z","@metadata":{"beat":"winlogbeat","type":"_doc","version":"7.4.0","topic":"winlogbeat"},"log":{"level":"information"},"message":"Network connection detected:\nRuleName: \nUtcTime: 2019-10-27 06:41:29.839\nProcessGuid: {a158f72c-0ad7-5db5-0000-00106bfe0100}\nProcessId: 3048\nImage: C:\\Program Files\\Amazon\\cfn-bootstrap\\winhup.exe\nUser: NT AUTHORITY\\SYSTEM\nProtocol: tcp\nInitiated: true\nSourceIsIpv6: false\nSourceIp: 172.18.39.100\nSourceHostname: ACCT001.shire.com\nSourcePort: 51155\nSourcePortName: \nDestinationIsIpv6: false\nDestinationIp: 169.254.169.254\nDestinationHostname: instance-data.ec2.internal\nDestinationPort: 80\nDestinationPortName: http","ecs":{"version":"1.1.0"},"host":{"name":"WECServer"},"agent":{"hostname":"WECServer","id":"72887cd5-18d3-415c-ada9-cfb237f9309f","version":"7.4.0","type":"winlogbeat","ephemeral_id":"81582c0c-9ac2-4a94-ad39-6e6f4ce9d096"},"winlog":{"event_data":{"DestinationHostname":"instance-data.ec2.internal","Protocol":"tcp","User":"NT AUTHORITY\\SYSTEM","SourceHostname":"ACCT001.shire.com","DestinationIsIpv6":"false","Initiated":"true","SourceIsIpv6":"false","DestinationIp":"169.254.169.254","UtcTime":"2019-10-27 06:41:29.839","SourceIp":"172.18.39.100","ProcessGuid":"{a158f72c-0ad7-5db5-0000-00106bfe0100}","DestinationPortName":"http","DestinationPort":"80","SourcePort":"51155","ProcessId":"3048","Image":"C:\\Program Files\\Amazon\\cfn-bootstrap\\winhup.exe"},"provider_name":"Microsoft-Windows-Sysmon","user":{"identifier":"S-1-5-18","name":"SYSTEM","domain":"NT AUTHORITY","type":"User"},"provider_guid":"{5770385f-c22a-43e0-bf4c-06f5698ffbd9}","version":5,"computer_name":"ACCT001.shire.com","process":{"pid":3148,"thread":{"id":3536}},"api":"wineventlog","task":"Network connection detected (rule: NetworkConnect)","opcode":"Info","channel":"Microsoft-Windows-Sysmon/Operational","event_id":3,"record_id":158347},"event":{"kind":"event","code":3,"action":"Network connection detected (rule: NetworkConnect)","created":"2019-10-27T06:41:34.427Z"}}
{"@timestamp":"2019-10-27T06:41:31.426Z","@metadata":{"beat":"winlogbeat","type":"_doc","version":"7.4.0","topic":"winlogbeat"},"winlog":{"version":5,"process":{"pid":3148,"thread":{"id":3536}},"channel":"Microsoft-Windows-Sysmon/Operational","record_id":158348,"computer_name":"ACCT001.shire.com","provider_guid":"{5770385f-c22a-43e0-bf4c-06f5698ffbd9}","event_data":{"ProcessId":"3048","DestinationHostname":"instance-data.ec2.internal","ProcessGuid":"{a158f72c-0ad7-5db5-0000-00106bfe0100}","SourceIsIpv6":"false","DestinationPortName":"http","User":"NT AUTHORITY\\SYSTEM","SourcePort":"51156","SourceIp":"172.18.39.100","UtcTime":"2019-10-27 06:41:29.841","DestinationIsIpv6":"false","Initiated":"true","DestinationIp":"169.254.169.254","SourceHostname":"ACCT001.shire.com","DestinationPort":"80","Image":"C:\\Program Files\\Amazon\\cfn-bootstrap\\winhup.exe","Protocol":"tcp"},"event_id":3,"provider_name":"Microsoft-Windows-Sysmon","api":"wineventlog","user":{"identifier":"S-1-5-18","name":"SYSTEM","domain":"NT AUTHORITY","type":"User"},"task":"Network connection detected (rule: NetworkConnect)","opcode":"Info"},"event":{"kind":"event","code":3,"action":"Network connection detected (rule: NetworkConnect)","created":"2019-10-27T06:41:34.427Z"},"log":{"level":"information"},"message":"Network connection detected:\nRuleName: \nUtcTime: 2019-10-27 06:41:29.841\nProcessGuid: {a158f72c-0ad7-5db5-0000-00106bfe0100}\nProcessId: 3048\nImage: C:\\Program Files\\Amazon\\cfn-bootstrap\\winhup.exe\nUser: NT AUTHORITY\\SYSTEM\nProtocol: tcp\nInitiated: true\nSourceIsIpv6: false\nSourceIp: 172.18.39.100\nSourceHostname: ACCT001.shire.com\nSourcePort: 51156\nSourcePortName: \nDestinationIsIpv6: false\nDestinationIp: 169.254.169.254\nDestinationHostname: instance-data.ec2.internal\nDestinationPort: 80\nDestinationPortName: http","host":{"name":"WECServer"},"agent":{"hostname":"WECServer","id":"72887cd5-18d3-415c-ada9-cfb237f9309f","version":"7.4.0","type":"winlogbeat","ephemeral_id":"81582c0c-9ac2-4a94-ad39-6e6f4ce9d096"},"ecs":{"version":"1.1.0"}}
{"@timestamp":"2019-10-27T06:41:31.426Z","@metadata":{"beat":"winlogbeat","type":"_doc","version":"7.4.0","topic":"winlogbeat"},"message":"Network connection detected:\nRuleName: \nUtcTime: 2019-10-27 06:41:29.844\nProcessGuid: {a158f72c-0ad5-5db5-0000-001003160100}\nProcessId: 1512\nImage: C:\\Windows\\System32\\svchost.exe\nUser: NT AUTHORITY\\NETWORK SERVICE\nProtocol: udp\nInitiated: true\nSourceIsIpv6: false\nSourceIp: 172.18.39.100\nSourceHostname: ACCT001.shire.com\nSourcePort: 49175\nSourcePortName: \nDestinationIsIpv6: false\nDestinationIp: 172.18.39.5\nDestinationHostname: ip-172-18-39-5.ec2.internal\nDestinationPort: 53\nDestinationPortName: domain","ecs":{"version":"1.1.0"},"host":{"name":"WECServer"},"agent":{"type":"winlogbeat","ephemeral_id":"81582c0c-9ac2-4a94-ad39-6e6f4ce9d096","hostname":"WECServer","id":"72887cd5-18d3-415c-ada9-cfb237f9309f","version":"7.4.0"},"winlog":{"event_id":3,"record_id":158349,"task":"Network connection detected (rule: NetworkConnect)","computer_name":"ACCT001.shire.com","opcode":"Info","process":{"pid":3148,"thread":{"id":3536}},"provider_name":"Microsoft-Windows-Sysmon","provider_guid":"{5770385f-c22a-43e0-bf4c-06f5698ffbd9}","channel":"Microsoft-Windows-Sysmon/Operational","api":"wineventlog","event_data":{"SourceHostname":"ACCT001.shire.com","User":"NT AUTHORITY\\NETWORK SERVICE","UtcTime":"2019-10-27 06:41:29.844","ProcessId":"1512","ProcessGuid":"{a158f72c-0ad5-5db5-0000-001003160100}","DestinationIsIpv6":"false","DestinationIp":"172.18.39.5","SourceIp":"172.18.39.100","Initiated":"true","DestinationPortName":"domain","Protocol":"udp","Image":"C:\\Windows\\System32\\svchost.exe","DestinationPort":"53","SourceIsIpv6":"false","SourcePort":"49175","DestinationHostname":"ip-172-18-39-5.ec2.internal"},"version":5,"user":{"domain":"NT AUTHORITY","type":"User","identifier":"S-1-5-18","name":"SYSTEM"}},"event":{"code":3,"action":"Network connection detected (rule: NetworkConnect)","created":"2019-10-27T06:41:34.427Z","kind":"event"},"log":{"level":"information"}}
{"@timestamp":"2019-10-27T06:41:31.426Z","@metadata":{"beat":"winlogbeat","type":"_doc","version":"7.4.0","topic":"winlogbeat"},"message":"Network connection detected:\nRuleName: \nUtcTime: 2019-10-27 06:41:29.846\nProcessGuid: {a158f72c-0ad7-5db5-0000-00106bfe0100}\nProcessId: 3048\nImage: C:\\Program Files\\Amazon\\cfn-bootstrap\\winhup.exe\nUser: NT AUTHORITY\\SYSTEM\nProtocol: tcp\nInitiated: true\nSourceIsIpv6: false\nSourceIp: 172.18.39.100\nSourceHostname: ACCT001.shire.com\nSourcePort: 51157\nSourcePortName: \nDestinationIsIpv6: false\nDestinationIp: 54.239.29.24\nDestinationHostname: \nDestinationPort: 443\nDestinationPortName: https","winlog":{"provider_guid":"{5770385f-c22a-43e0-bf4c-06f5698ffbd9}","process":{"pid":3148,"thread":{"id":3536}},"provider_name":"Microsoft-Windows-Sysmon","opcode":"Info","api":"wineventlog","task":"Network connection detected (rule: NetworkConnect)","computer_name":"ACCT001.shire.com","version":5,"event_data":{"Protocol":"tcp","ProcessGuid":"{a158f72c-0ad7-5db5-0000-00106bfe0100}","DestinationPort":"443","SourcePort":"51157","DestinationIsIpv6":"false","SourceHostname":"ACCT001.shire.com","DestinationIp":"54.239.29.24","SourceIsIpv6":"false","SourceIp":"172.18.39.100","ProcessId":"3048","DestinationPortName":"https","UtcTime":"2019-10-27 06:41:29.846","User":"NT AUTHORITY\\SYSTEM","Initiated":"true","Image":"C:\\Program Files\\Amazon\\cfn-bootstrap\\winhup.exe"},"channel":"Microsoft-Windows-Sysmon/Operational","user":{"domain":"NT AUTHORITY","type":"User","identifier":"S-1-5-18","name":"SYSTEM"},"event_id":3,"record_id":158350},"event":{"created":"2019-10-27T06:41:34.427Z","kind":"event","code":3,"action":"Network connection detected (rule: NetworkConnect)"},"log":{"level":"information"},"ecs":{"version":"1.1.0"},"host":{"name":"WECServer"},"agent":{"version":"7.4.0","type":"winlogbeat","ephemeral_id":"81582c0c-9ac2-4a94-ad39-6e6f4ce9d096","hostname":"WECServer","id":"72887cd5-18d3-415c-ada9-cfb237f9309f"}}
{"@timestamp":"2019-10-27T06:41:31.949Z","@metadata":{"beat":"winlogbeat","type":"_doc","version":"7.4.0","topic":"winlogbeat"},"winlog":{"channel":"Microsoft-Windows-Sysmon/Operational","api":"wineventlog","computer_name":"HR001.shire.com","version":2,"event_data":{"ProcessId":"4740","Image":"C:\\Windows\\System32\\svchost.exe","Device":"\\Device\\HarddiskVolume2","UtcTime":"2019-10-27 06:41:31.947","ProcessGuid":"{a158f72c-0acf-5db5-0000-0010ce530500}"},"provider_name":"Microsoft-Windows-Sysmon","process":{"pid":3124,"thread":{"id":4276}},"user":{"name":"SYSTEM","domain":"NT AUTHORITY","type":"User","identifier":"S-1-5-18"},"record_id":181435,"event_id":9,"task":"RawAccessRead detected (rule: RawAccessRead)","opcode":"Info","provider_guid":"{5770385f-c22a-43e0-bf4c-06f5698ffbd9}"},"event":{"code":9,"action":"RawAccessRead detected (rule: RawAccessRead)","created":"2019-10-27T06:41:34.427Z","kind":"event"},"ecs":{"version":"1.1.0"},"host":{"name":"WECServer"},"agent":{"ephemeral_id":"81582c0c-9ac2-4a94-ad39-6e6f4ce9d096","hostname":"WECServer","id":"72887cd5-18d3-415c-ada9-cfb237f9309f","version":"7.4.0","type":"winlogbeat"},"log":{"level":"information"},"message":"RawAccessRead detected:\nRuleName: \nUtcTime: 2019-10-27 06:41:31.947\nProcessGuid: {a158f72c-0acf-5db5-0000-0010ce530500}\nProcessId: 4740\nImage: C:\\Windows\\System32\\svchost.exe\nDevice: \\Device\\HarddiskVolume2"}
{"@timestamp":"2019-10-27T06:41:34.302Z","@metadata":{"beat":"winlogbeat","type":"_doc","version":"7.4.0","topic":"winlogbeat"},"winlog":{"record_id":158351,"provider_guid":"{5770385f-c22a-43e0-bf4c-06f5698ffbd9}","version":3,"process":{"pid":3148,"thread":{"id":5460}},"event_data":{"SourceThreadId":"5200","TargetProcessId":"3116","GrantedAccess":"0x1000","TargetProcessGUID":"{a158f72c-0ad7-5db5-0000-00106d120200}","CallTrace":"C:\\Windows\\SYSTEM32\\ntdll.dll+9c524|C:\\Windows\\System32\\KERNELBASE.dll+2730e|c:\\windows\\system32\\fwbase.dll+3b35|c:\\windows\\system32\\fwbase.dll+3a89|c:\\windows\\system32\\mpssvc.dll+b907|c:\\windows\\system32\\mpssvc.dll+b3f9|c:\\windows\\system32\\mpssvc.dll+e084|C:\\Windows\\System32\\RPCRT4.dll+76963|C:\\Windows\\System32\\RPCRT4.dll+da036|C:\\Windows\\System32\\RPCRT4.dll+37a5c|C:\\Windows\\System32\\RPCRT4.dll+548d8|C:\\Windows\\System32\\RPCRT4.dll+2c931|C:\\Windows\\System32\\RPCRT4.dll+2c1eb|C:\\Windows\\System32\\RPCRT4.dll+1a86f|C:\\Windows\\System32\\RPCRT4.dll+19d1a|C:\\Windows\\System32\\RPCRT4.dll+19301|C:\\Windows\\System32\\RPCRT4.dll+18d6e|C:\\Windows\\System32\\RPCRT4.dll+169a5|C:\\Windows\\SYSTEM32\\ntdll.dll+333fd|C:\\Windows\\SYSTEM32\\ntdll.dll+34152|C:\\Windows\\System32\\KERNEL32.DLL+17944|C:\\Windows\\SYSTEM32\\ntdll.dll+6ce71","UtcTime":"2019-10-27 06:41:34.300","TargetImage":"C:\\Windows\\system32\\svchost.exe","SourceProcessGUID":"{a158f72c-0ad5-5db5-0000-00106f3d0100}","SourceProcessId":"1780","SourceImage":"C:\\Windows\\system32\\svchost.exe"},"opcode":"Info","event_id":10,"provider_name":"Microsoft-Windows-Sysmon","channel":"Microsoft-Windows-Sysmon/Operational","api":"wineventlog","computer_name":"ACCT001.shire.com","task":"Process accessed (rule: ProcessAccess)","user":{"domain":"NT AUTHORITY","type":"User","identifier":"S-1-5-18","name":"SYSTEM"}},"event":{"action":"Process accessed (rule: ProcessAccess)","created":"2019-10-27T06:41:35.441Z","kind":"event","code":10},"log":{"level":"information"},"message":"Process accessed:\nRuleName: \nUtcTime: 2019-10-27 06:41:34.300\nSourceProcessGUID: {a158f72c-0ad5-5db5-0000-00106f3d0100}\nSourceProcessId: 1780\nSourceThreadId: 5200\nSourceImage: C:\\Windows\\system32\\svchost.exe\nTargetProcessGUID: {a158f72c-0ad7-5db5-0000-00106d120200}\nTargetProcessId: 3116\nTargetImage: C:\\Windows\\system32\\svchost.exe\nGrantedAccess: 0x1000\nCallTrace: C:\\Windows\\SYSTEM32\\ntdll.dll+9c524|C:\\Windows\\System32\\KERNELBASE.dll+2730e|c:\\windows\\system32\\fwbase.dll+3b35|c:\\windows\\system32\\fwbase.dll+3a89|c:\\windows\\system32\\mpssvc.dll+b907|c:\\windows\\system32\\mpssvc.dll+b3f9|c:\\windows\\system32\\mpssvc.dll+e084|C:\\Windows\\System32\\RPCRT4.dll+76963|C:\\Windows\\System32\\RPCRT4.dll+da036|C:\\Windows\\System32\\RPCRT4.dll+37a5c|C:\\Windows\\System32\\RPCRT4.dll+548d8|C:\\Windows\\System32\\RPCRT4.dll+2c931|C:\\Windows\\System32\\RPCRT4.dll+2c1eb|C:\\Windows\\System32\\RPCRT4.dll+1a86f|C:\\Windows\\System32\\RPCRT4.dll+19d1a|C:\\Windows\\System32\\RPCRT4.dll+19301|C:\\Windows\\System32\\RPCRT4.dll+18d6e|C:\\Windows\\System32\\RPCRT4.dll+169a5|C:\\Windows\\SYSTEM32\\ntdll.dll+333fd|C:\\Windows\\SYSTEM32\\ntdll.dll+34152|C:\\Windows\\System32\\KERNEL32.DLL+17944|C:\\Windows\\SYSTEM32\\ntdll.dll+6ce71","ecs":{"version":"1.1.0"},"host":{"name":"WECServer"},"agent":{"hostname":"WECServer","id":"72887cd5-18d3-415c-ada9-cfb237f9309f","version":"7.4.0","type":"winlogbeat","ephemeral_id":"81582c0c-9ac2-4a94-ad39-6e6f4ce9d096"}}
{"@timestamp":"2019-10-27T06:41:34.302Z","@metadata":{"beat":"winlogbeat","type":"_doc","version":"7.4.0","topic":"winlogbeat"},"log":{"level":"information"},"message":"Process accessed:\nRuleName: \nUtcTime: 2019-10-27 06:41:34.300\nSourceProcessGUID: {a158f72c-0ad5-5db5-0000-00106f3d0100}\nSourceProcessId: 1780\nSourceThreadId: 5200\nSourceImage: C:\\Windows\\system32\\svchost.exe\nTargetProcessGUID: {a158f72c-0ad7-5db5-0000-00106d120200}\nTargetProcessId: 3116\nTargetImage: C:\\Windows\\system32\\svchost.exe\nGrantedAccess: 0x1000\nCallTrace: C:\\Windows\\SYSTEM32\\ntdll.dll+9c524|C:\\Windows\\System32\\KERNELBASE.dll+2730e|c:\\windows\\system32\\fwbase.dll+3b35|c:\\windows\\system32\\fwbase.dll+3a89|c:\\windows\\system32\\mpssvc.dll+b907|c:\\windows\\system32\\mpssvc.dll+ac05|c:\\windows\\system32\\mpssvc.dll+a934|C:\\Windows\\System32\\RPCRT4.dll+76963|C:\\Windows\\System32\\RPCRT4.dll+da036|C:\\Windows\\System32\\RPCRT4.dll+37a5c|C:\\Windows\\System32\\RPCRT4.dll+548d8|C:\\Windows\\System32\\RPCRT4.dll+2c931|C:\\Windows\\System32\\RPCRT4.dll+2c1eb|C:\\Windows\\System32\\RPCRT4.dll+1a86f|C:\\Windows\\System32\\RPCRT4.dll+19d1a|C:\\Windows\\System32\\RPCRT4.dll+19301|C:\\Windows\\System32\\RPCRT4.dll+18d6e|C:\\Windows\\System32\\RPCRT4.dll+169a5|C:\\Windows\\SYSTEM32\\ntdll.dll+333fd|C:\\Windows\\SYSTEM32\\ntdll.dll+34152|C:\\Windows\\System32\\KERNEL32.DLL+17944|C:\\Windows\\SYSTEM32\\ntdll.dll+6ce71","ecs":{"version":"1.1.0"},"host":{"name":"WECServer"},"agent":{"version":"7.4.0","type":"winlogbeat","ephemeral_id":"81582c0c-9ac2-4a94-ad39-6e6f4ce9d096","hostname":"WECServer","id":"72887cd5-18d3-415c-ada9-cfb237f9309f"},"winlog":{"process":{"pid":3148,"thread":{"id":5460}},"user":{"identifier":"S-1-5-18","name":"SYSTEM","domain":"NT AUTHORITY","type":"User"},"computer_name":"ACCT001.shire.com","channel":"Microsoft-Windows-Sysmon/Operational","record_id":158352,"api":"wineventlog","version":3,"provider_name":"Microsoft-Windows-Sysmon","event_data":{"GrantedAccess":"0x1000","SourceProcessGUID":"{a158f72c-0ad5-5db5-0000-00106f3d0100}","SourceImage":"C:\\Windows\\system32\\svchost.exe","TargetProcessGUID":"{a158f72c-0ad7-5db5-0000-00106d120200}","TargetProcessId":"3116","CallTrace":"C:\\Windows\\SYSTEM32\\ntdll.dll+9c524|C:\\Windows\\System32\\KERNELBASE.dll+2730e|c:\\windows\\system32\\fwbase.dll+3b35|c:\\windows\\system32\\fwbase.dll+3a89|c:\\windows\\system32\\mpssvc.dll+b907|c:\\windows\\system32\\mpssvc.dll+ac05|c:\\windows\\system32\\mpssvc.dll+a934|C:\\Windows\\System32\\RPCRT4.dll+76963|C:\\Windows\\System32\\RPCRT4.dll+da036|C:\\Windows\\System32\\RPCRT4.dll+37a5c|C:\\Windows\\System32\\RPCRT4.dll+548d8|C:\\Windows\\System32\\RPCRT4.dll+2c931|C:\\Windows\\System32\\RPCRT4.dll+2c1eb|C:\\Windows\\System32\\RPCRT4.dll+1a86f|C:\\Windows\\System32\\RPCRT4.dll+19d1a|C:\\Windows\\System32\\RPCRT4.dll+19301|C:\\Windows\\System32\\RPCRT4.dll+18d6e|C:\\Windows\\System32\\RPCRT4.dll+169a5|C:\\Windows\\SYSTEM32\\ntdll.dll+333fd|C:\\Windows\\SYSTEM32\\ntdll.dll+34152|C:\\Windows\\System32\\KERNEL32.DLL+17944|C:\\Windows\\SYSTEM32\\ntdll.dll+6ce71","SourceProcessId":"1780","SourceThreadId":"5200","TargetImage":"C:\\Windows\\system32\\svchost.exe","UtcTime":"2019-10-27 06:41:34.300"},"opcode":"Info","provider_guid":"{5770385f-c22a-43e0-bf4c-06f5698ffbd9}","event_id":10,"task":"Process accessed (rule: ProcessAccess)"},"event":{"code":10,"action":"Process accessed (rule: ProcessAccess)","created":"2019-10-27T06:41:35.441Z","kind":"event"}}
