{"@timestamp":"2019-10-27T06:41:36.699Z","@metadata":{"beat":"winlogbeat","type":"_doc","version":"7.4.0","topic":"winlogbeat"},"log":{"level":"information"},"message":"Process accessed:\nRuleName: \nUtcTime: 2019-10-27 06:41:36.698\nSourceProcessGUID: {a158f72c-0abf-5db5-0000-0010f07f0200}\nSourceProcessId: 3720\nSourceThreadId: 3768\nSourceImage: C:\\Windows\\System32\\svchost.exe\nTargetProcessGUID: {a158f72c-0abd-5db5-0000-0010bc090200}\nTargetProcessId: 2728\nTargetImage: C:\\Program Files\\Amazon\\Ec2ConfigService\\Ec2Config.exe\nGrantedAccess: 0x1400\nCallTrace: C:\\Windows\\SYSTEM32\\ntdll.dll+9c524|C:\\Windows\\System32\\KERNELBASE.dll+2730e|c:\\windows\\system32\\rasmans.dll+3751b|c:\\windows\\system32\\rasmans.dll+36fad|c:\\windows\\system32\\rasmans.dll+10ed8|c:\\windows\\system32\\rasmans.dll+33cd5|C:\\Windows\\System32\\svchost.exe+314c|C:\\Windows\\System32\\sechost.dll+2de2|C:\\Windows\\System32\\KERNEL32.DLL+17944|C:\\Windows\\SYSTEM32\\ntdll.dll+6ce71","ecs":{"version":"1.1.0"},"host":{"name":"WECServer"},"agent":{"id":"72887cd5-18d3-415c-ada9-cfb237f9309f","version":"7.4.0","type":"winlogbeat","ephemeral_id":"81582c0c-9ac2-4a94-ad39-6e6f4ce9d096","hostname":"WECServer"},"winlog":{"record_id":273707,"computer_name":"IT001.shire.com","event_id":10,"task":"Process accessed (rule: ProcessAccess)","version":3,"user":{"identifier":"S-1-5-18","name":"SYSTEM","domain":"NT AUTHORITY","type":"User"},"api":"wineventlog","opcode":"Info","process":{"pid":3168,"thread":{"id":3760}},"event_data":{"SourceProcessId":"3720","SourceThreadId":"3768","SourceImage":"C:\\Windows\\System32\\svchost.exe","CallTrace":"C:\\Windows\\SYSTEM32\\ntdll.dll+9c524|C:\\Windows\\System32\\KERNELBASE.dll+2730e|c:\\windows\\system32\\rasmans.dll+3751b|c:\\windows\\system32\\rasmans.dll+36fad|c:\\windows\\system32\\rasmans.dll+10ed8|c:\\windows\\system32\\rasmans.dll+33cd5|C:\\Windows\\System32\\svchost.exe+314c|C:\\Windows\\System32\\sechost.dll+2de2|C:\\Windows\\System32\\KERNEL32.DLL+17944|C:\\Windows\\SYSTEM32\\ntdll.dll+6ce71","TargetProcessGUID":"{a158f72c-0abd-5db5-0000-0010bc090200}","GrantedAccess":"0x1400","UtcTime":"2019-10-27 06:41:36.698","SourceProcessGUID":"{a158f72c-0abf-5db5-0000-0010f07f0200}","TargetProcessId":"2728","TargetImage":"C:\\Program Files\\Amazon\\Ec2ConfigService\\Ec2Config.exe"},"provider_guid":"{5770385f-c22a-43e0-bf4c-06f5698ffbd9}","channel":"Microsoft-Windows-Sysmon/Operational","provider_name":"Microsoft-Windows-Sysmon"},"event":{"kind":"event","code":10,"action":"Process accessed (rule: ProcessAccess)","created":"2019-10-27T06:41:38.465Z"}}
{"@timestamp":"2019-10-27T06:41:36.699Z","@metadata":{"beat":"winlogbeat","type":"_doc","version":"7.4.0","topic":"winlogbeat"},"agent":{"hostname":"WECServer","id":"72887cd5-18d3-415c-ada9-cfb237f9309f","version":"7.4.0","type":"winlogbeat","ephemeral_id":"81582c0c-9ac2-4a94-ad39-6e6f4ce9d096"},"winlog":{"task":"Process accessed (rule: ProcessAccess)","api":"wineventlog","version":3,"user":{"domain":"NT AUTHORITY","type":"User","identifier":"S-1-5-18","name":"SYSTEM"},"computer_name":"IT001.shire.com","process":{"pid":3168,"thread":{"id":3760}},"channel":"Microsoft-Windows-Sysmon/Operational","event_id":10,"event_data":{"SourceImage":"C:\\Windows\\System32\\svchost.exe","GrantedAccess":"0x1400","UtcTime":"2019-10-27 06:41:36.698","TargetProcessId":"8296","TargetImage":"C:\\Windows\\Microsoft.NET\\Framework64\\v4.0.30319\\MSBuild.exe","CallTrace":"C:\\Windows\\SYSTEM32\\ntdll.dll+9c524|C:\\Windows\\System32\\KERNELBASE.dll+2730e|c:\\windows\\system32\\rasmans.dll+3751b|c:\\windows\\system32\\rasmans.dll+36fad|c:\\windows\\system32\\rasmans.dll+10ed8|c:\\windows\\system32\\rasmans.dll+33cd5|C:\\Windows\\System32\\svchost.exe+314c|C:\\Windows\\System32\\sechost.dll+2de2|C:\\Windows\\System32\\KERNEL32.DLL+17944|C:\\Windows\\SYSTEM32\\ntdll.dll+6ce71","SourceProcessId":"3720","TargetProcessGUID":"{a158f72c-1bca-5db5-0000-0010e55f7800}","SourceProcessGUID":"{a158f72c-0abf-5db5-0000-0010f07f0200}","SourceThreadId":"3768"},"opcode":"Info","provider_guid":"{5770385f-c22a-43e0-bf4c-06f5698ffbd9}","record_id":273708,"provider_name":"Microsoft-Windows-Sysmon"},"event":{"code":10,"action":"Process accessed (rule: ProcessAccess)","created":"2019-10-27T06:41:38.465Z","kind":"event"},"log":{"level":"information"},"message":"Process accessed:\nRuleName: \nUtcTime: 2019-10-27 06:41:36.698\nSourceProcessGUID: {a158f72c-0abf-5db5-0000-0010f07f0200}\nSourceProcessId: 3720\nSourceThreadId: 3768\nSourceImage: C:\\Windows\\System32\\svchost.exe\nTargetProcessGUID: {a158f72c-1bca-5db5-0000-0010e55f7800}\nTargetProcessId: 8296\nTargetImage: C:\\Windows\\Microsoft.NET\\Framework64\\v4.0.30319\\MSBuild.exe\nGrantedAccess: 0x1400\nCallTrace: C:\\Windows\\SYSTEM32\\ntdll.dll+9c524|C:\\Windows\\System32\\KERNELBASE.dll+2730e|c:\\windows\\system32\\rasmans.dll+3751b|c:\\windows\\system32\\rasmans.dll+36fad|c:\\windows\\system32\\rasmans.dll+10ed8|c:\\windows\\system32\\rasmans.dll+33cd5|C:\\Windows\\System32\\svchost.exe+314c|C:\\Windows\\System32\\sechost.dll+2de2|C:\\Windows\\System32\\KERNEL32.DLL+17944|C:\\Windows\\SYSTEM32\\ntdll.dll+6ce71","ecs":{"version":"1.1.0"},"host":{"name":"WECServer"}}
{"@timestamp":"2019-10-27T06:41:38.182Z","@metadata":{"beat":"winlogbeat","type":"_doc","version":"7.4.0","topic":"winlogbeat"},"event":{"action":"Process accessed (rule: ProcessAccess)","created":"2019-10-27T06:41:40.470Z","kind":"event","code":10},"log":{"level":"information"},"message":"Process accessed:\nRuleName: \nUtcTime: 2019-10-27 06:41:38.182\nSourceProcessGUID: {a158f72c-0ac7-5db5-0000-00107d4d0200}\nSourceProcessId: 3532\nSourceThreadId: 3640\nSourceImage: C:\\Windows\\System32\\svchost.exe\nTargetProcessGUID: {a158f72c-0ac5-5db5-0000-00102d030200}\nTargetProcessId: 2360\nTargetImage: C:\\Program Files\\Amazon\\Ec2ConfigService\\Ec2Config.exe\nGrantedAccess: 0x1400\nCallTrace: C:\\Windows\\SYSTEM32\\ntdll.dll+9c524|C:\\Windows\\System32\\KERNELBASE.dll+2730e|c:\\windows\\system32\\rasmans.dll+3751b|c:\\windows\\system32\\rasmans.dll+36fad|c:\\windows\\system32\\rasmans.dll+10ed8|c:\\windows\\system32\\rasmans.dll+33cd5|C:\\Windows\\System32\\svchost.exe+314c|C:\\Windows\\System32\\sechost.dll+2de2|C:\\Windows\\System32\\KERNEL32.DLL+17944|C:\\Windows\\SYSTEM32\\ntdll.dll+6ce71","ecs":{"version":"1.1.0"},"host":{"name":"WECServer"},"agent":{"hostname":"WECServer","id":"72887cd5-18d3-415c-ada9-cfb237f9309f","version":"7.4.0","type":"winlogbeat","ephemeral_id":"81582c0c-9ac2-4a94-ad39-6e6f4ce9d096"},"winlog":{"api":"wineventlog","provider_guid":"{5770385f-c22a-43e0-bf4c-06f5698ffbd9}","event_id":10,"event_data":{"SourceImage":"C:\\Windows\\System32\\svchost.exe","TargetImage":"C:\\Program Files\\Amazon\\Ec2ConfigService\\Ec2Config.exe","UtcTime":"2019-10-27 06:41:38.182","GrantedAccess":"0x1400","CallTrace":"C:\\Windows\\SYSTEM32\\ntdll.dll+9c524|C:\\Windows\\System32\\KERNELBASE.dll+2730e|c:\\windows\\system32\\rasmans.dll+3751b|c:\\windows\\system32\\rasmans.dll+36fad|c:\\windows\\system32\\rasmans.dll+10ed8|c:\\windows\\system32\\rasmans.dll+33cd5|C:\\Windows\\System32\\svchost.exe+314c|C:\\Windows\\System32\\sechost.dll+2de2|C:\\Windows\\System32\\KERNEL32.DLL+17944|C:\\Windows\\SYSTEM32\\ntdll.dll+6ce71","TargetProcessGUID":"{a158f72c-0ac5-5db5-0000-00102d030200}","SourceProcessGUID":"{a158f72c-0ac7-5db5-0000-00107d4d0200}","SourceProcessId":"3532","SourceThreadId":"3640","TargetProcessId":"2360"},"computer_name":"HR001.shire.com","channel":"Microsoft-Windows-Sysmon/Operational","record_id":181436,"task":"Process accessed (rule: ProcessAccess)","opcode":"Info","version":3,"user":{"name":"SYSTEM","domain":"NT AUTHORITY","type":"User","identifier":"S-1-5-18"},"provider_name":"Microsoft-Windows-Sysmon","process":{"thread":{"id":4276},"pid":3124}}}
{"@timestamp":"2019-10-27T06:41:39.879Z","@metadata":{"beat":"winlogbeat","type":"_doc","version":"7.4.0","topic":"winlogbeat"},"winlog":{"provider_guid":"{54849625-5478-4994-a5ba-3e3b0328c30d}","event_data":{"FilterRTID":"0","LayerName":"%%14608","LayerRTID":"36","ProcessId":"2396","Application":"\\device\\harddiskvolume2\\program files\\amazon\\ec2configservice\\ec2config.exe","SourceAddress":"0.0.0.0","SourcePort":"51158","Protocol":"6"},"channel":"security","api":"wineventlog","computer_name":"ACCT001.shire.com","keywords":["Audit Success"],"record_id":28045,"task":"Filtering Platform Connection","process":{"pid":4,"thread":{"id":6076}},"opcode":"Info","event_id":5158,"provider_name":"Microsoft-Windows-Security-Auditing"},"event":{"kind":"event","code":5158,"action":"Filtering Platform Connection","created":"2019-10-27T06:41:41.488Z"},"log":{"level":"information"},"message":"The Windows Filtering Platform has permitted a bind to a local port.\n\nApplication Information:\n\tProcess ID:\t\t2396\n\tApplication Name:\t\\device\\harddiskvolume2\\program files\\amazon\\ec2configservice\\ec2config.exe\n\nNetwork Information:\n\tSource Address:\t\t0.0.0.0\n\tSource Port:\t\t51158\n\tProtocol:\t\t6\n\nFilter Information:\n\tFilter Run-Time ID:\t0\n\tLayer Name:\t\tResource Assignment\n\tLayer Run-Time ID:\t36","ecs":{"version":"1.1.0"},"host":{"name":"WECServer"},"agent":{"hostname":"WECServer","id":"72887cd5-18d3-415c-ada9-cfb237f9309f","version":"7.4.0","type":"winlogbeat","ephemeral_id":"81582c0c-9ac2-4a94-ad39-6e6f4ce9d096"}}
{"@timestamp":"2019-10-27T06:41:39.879Z","@metadata":{"beat":"winlogbeat","type":"_doc","version":"7.4.0","topic":"winlogbeat"},"winlog":{"process":{"thread":{"id":6076},"pid":4},"event_data":{"DestPort":"80","LayerRTID":"48","DestAddress":"169.254.169.254","LayerName":"%%14611","ProcessID":"2396","Direction":"%%14593","SourceAddress":"172.18.39.100","SourcePort":"51158","RemoteMachineID":"S-1-0-0","Application":"\\device\\harddiskvolume2\\program files\\amazon\\ec2configservice\\ec2config.exe","FilterRTID":"69028","Protocol":"6","RemoteUserID":"S-1-0-0"},"api":"wineventlog","opcode":"Info","task":"Filtering Platform Connection","record_id":28046,"computer_name":"ACCT001.shire.com","keywords":["Audit Success"],"provider_guid":"{54849625-5478-4994-a5ba-3e3b0328c30d}","version":1,"channel":"security","event_id":5156,"provider_name":"Microsoft-Windows-Security-Auditing"},"event":{"kind":"event","code":5156,"action":"Filtering Platform Connection","created":"2019-10-27T06:41:41.488Z"},"log":{"level":"information"},"message":"The Windows Filtering Platform has permitted a connection.\n\nApplication Information:\n\tProcess ID:\t\t2396\n\tApplication Name:\t\\device\\harddiskvolume2\\program files\\amazon\\ec2configservice\\ec2config.exe\n\nNetwork Information:\n\tDirection:\t\tOutbound\n\tSource Address:\t\t172.18.39.100\n\tSource Port:\t\t51158\n\tDestination Address:\t169.254.169.254\n\tDestination Port:\t\t80\n\tProtocol:\t\t6\n\nFilter Information:\n\tFilter Run-Time ID:\t69028\n\tLayer Name:\t\tConnect\n\tLayer Run-Time ID:\t48","ecs":{"version":"1.1.0"},"host":{"name":"WECServer"},"agent":{"type":"winlogbeat","ephemeral_id":"81582c0c-9ac2-4a94-ad39-6e6f4ce9d096","hostname":"WECServer","id":"72887cd5-18d3-415c-ada9-cfb237f9309f","version":"7.4.0"}}
{"@timestamp":"2019-10-27T06:41:40.170Z","@metadata":{"beat":"winlogbeat","type":"_doc","version":"7.4.0","topic":"winlogbeat"},"message":"Image loaded:\nRuleName: \nUtcTime: 2019-10-27 06:41:40.167\nProcessGuid: {a158f72c-1bca-5db5-0000-0010e55f7800}\nProcessId: 8296\nImage: C:\\Windows\\Microsoft.NET\\Framework64\\v4.0.30319\\MSBuild.exe\nImageLoaded: C:\\Windows\\System32\\vaultcli.dll\nFileVersion: 10.0.18362.1 (WinBuild.160101.0800)\nDescription: Credential Vault Client Library\nProduct: Microsoft Windows Operating System\nCompany: Microsoft Corporation\nOriginalFileName: vaultcli.dll\nHashes: SHA1=7CBE47FF3B6F06B29A21284FB888CA887CEF4531,MD5=3DBC631887FD8B54070A82099C3423D5,SHA256=587877B1914C82B947687B1BCEA8464B833AC2124B0CCA1E2BA5F8FEAE59693D,IMPHASH=049C44E17034082CE0064BAFC2524399\nSigned: true\nSignature: Microsoft Windows\nSignatureStatus: Valid","winlog":{"version":3,"channel":"Microsoft-Windows-Sysmon/Operational","provider_name":"Microsoft-Windows-Sysmon","task":"Image loaded (rule: ImageLoad)","computer_name":"IT001.shire.com","opcode":"Info","process":{"thread":{"id":3760},"pid":3168},"event_data":{"Product":"Microsoft Windows Operating System","SignatureStatus":"Valid","ProcessGuid":"{a158f72c-1bca-5db5-0000-0010e55f7800}","Signed":"true","ImageLoaded":"C:\\Windows\\System32\\vaultcli.dll","Company":"Microsoft Corporation","OriginalFileName":"vaultcli.dll","Signature":"Microsoft Windows","Description":"Credential Vault Client Library","UtcTime":"2019-10-27 06:41:40.167","ProcessId":"8296","Hashes":"SHA1=7CBE47FF3B6F06B29A21284FB888CA887CEF4531,MD5=3DBC631887FD8B54070A82099C3423D5,SHA256=587877B1914C82B947687B1BCEA8464B833AC2124B0CCA1E2BA5F8FEAE59693D,IMPHASH=049C44E17034082CE0064BAFC2524399","Image":"C:\\Windows\\Microsoft.NET\\Framework64\\v4.0.30319\\MSBuild.exe","FileVersion":"10.0.18362.1 (WinBuild.160101.0800)"},"record_id":273709,"user":{"type":"User","identifier":"S-1-5-18","name":"SYSTEM","domain":"NT AUTHORITY"},"event_id":7,"api":"wineventlog","provider_guid":"{5770385f-c22a-43e0-bf4c-06f5698ffbd9}"},"event":{"code":7,"action":"Image loaded (rule: ImageLoad)","created":"2019-10-27T06:41:41.488Z","kind":"event"},"log":{"level":"information"},"ecs":{"version":"1.1.0"},"host":{"name":"WECServer"},"agent":{"hostname":"WECServer","id":"72887cd5-18d3-415c-ada9-cfb237f9309f","version":"7.4.0","type":"winlogbeat","ephemeral_id":"81582c0c-9ac2-4a94-ad39-6e6f4ce9d096"}}
{"@timestamp":"2019-10-27T06:41:40.175Z","@metadata":{"beat":"winlogbeat","type":"_doc","version":"7.4.0","topic":"winlogbeat"},"winlog":{"opcode":"Info","event_data":{"SubjectUserName":"IT001$","SubjectDomainName":"shire","TargetUserSid":"S-1-5-21-3330352180-2382769307-1436459521-1112","TargetUserName":"pgustavo","TargetLogonId":"0x8b3ef","ProcessName":"C:\\Windows\\System32\\lsass.exe","ProcessId":"0x328","EnabledPrivilegeList":"SeIncreaseQuotaPrivilege\n\t\t\tSeSecurityPrivilege\n\t\t\tSeTakeOwnershipPrivilege\n\t\t\tSeLoadDriverPrivilege\n\t\t\tSeSystemProfilePrivilege\n\t\t\tSeSystemtimePrivilege\n\t\t\tSeProfileSingleProcessPrivilege\n\t\t\tSeIncreaseBasePriorityPrivilege\n\t\t\tSeCreatePagefilePrivilege\n\t\t\tSeBackupPrivilege\n\t\t\tSeRestorePrivilege\n\t\t\tSeShutdownPrivilege\n\t\t\tSeDebugPrivilege\n\t\t\tSeSystemEnvironmentPrivilege\n\t\t\tSeRemoteShutdownPrivilege\n\t\t\tSeUndockPrivilege\n\t\t\tSeManageVolumePrivilege\n\t\t\tSeIncreaseWorkingSetPrivilege\n\t\t\tSeTimeZonePrivilege\n\t\t\tSeCreateSymbolicLinkPrivilege\n\t\t\tSeDelegateSessionUserImpersonatePrivilege","SubjectLogonId":"0x3e7","SubjectUserSid":"S-1-5-18","TargetDomainName":"shire","DisabledPrivilegeList":"-"},"channel":"security","provider_name":"Microsoft-Windows-Security-Auditing","keywords":["Audit Success"],"computer_name":"IT001.shire.com","provider_guid":"{54849625-5478-4994-a5ba-3e3b0328c30d}","event_id":4703,"api":"wineventlog","process":{"pid":4,"thread":{"id":9232}},"record_id":32100,"task":"Token Right Adjusted Events"},"event":{"code":4703,"action":"Token Right Adjusted Events","created":"2019-10-27T06:41:41.488Z","kind":"event"},"log":{"level":"information"},"message":"A token right was adjusted.\n\nSubject:\n\tSecurity ID:\t\tS-1-5-18\n\tAccount Name:\t\tIT001$\n\tAccount Domain:\t\tshire\n\tLogon ID:\t\t0x3E7\n\nTarget Account:\n\tSecurity ID:\t\tS-1-5-21-3330352180-2382769307-1436459521-1112\n\tAccount Name:\t\tpgustavo\n\tAccount Domain:\t\tshire\n\tLogon ID:\t\t0x8B3EF\n\nProcess Information:\n\tProcess ID:\t\t0x328\n\tProcess Name:\t\tC:\\Windows\\System32\\lsass.exe\n\nEnabled Privileges:\n\t\t\tSeIncreaseQuotaPrivilege\n\t\t\tSeSecurityPrivilege\n\t\t\tSeTakeOwnershipPrivilege\n\t\t\tSeLoadDriverPrivilege\n\t\t\tSeSystemProfilePrivilege\n\t\t\tSeSystemtimePrivilege\n\t\t\tSeProfileSingleProcessPrivilege\n\t\t\tSeIncreaseBasePriorityPrivilege\n\t\t\tSeCreatePagefilePrivilege\n\t\t\tSeBackupPrivilege\n\t\t\tSeRestorePrivilege\n\t\t\tSeShutdownPrivilege\n\t\t\tSeDebugPrivilege\n\t\t\tSeSystemEnvironmentPrivilege\n\t\t\tSeRemoteShutdownPrivilege\n\t\t\tSeUndockPrivilege\n\t\t\tSeManageVolumePrivilege\n\t\t\tSeIncreaseWorkingSetPrivilege\n\t\t\tSeTimeZonePrivilege\n\t\t\tSeCreateSymbolicLinkPrivilege\n\t\t\tSeDelegateSessionUserImpersonatePrivilege\n\nDisabled Privileges:\n\t\t\t-","ecs":{"version":"1.1.0"},"host":{"name":"WECServer"},"agent":{"hostname":"WECServer","id":"72887cd5-18d3-415c-ada9-cfb237f9309f","version":"7.4.0","type":"winlogbeat","ephemeral_id":"81582c0c-9ac2-4a94-ad39-6e6f4ce9d096"}}
{"@timestamp":"2019-10-27T06:41:40.175Z","@metadata":{"beat":"winlogbeat","type":"_doc","version":"7.4.0","topic":"winlogbeat"},"log":{"level":"information"},"message":"The Windows Filtering Platform has permitted a bind to a local port.\n\nApplication Information:\n\tProcess ID:\t\t4\n\tApplication Name:\tSystem\n\nNetwork Information:\n\tSource Address:\t\t0.0.0.0\n\tSource Port:\t\t51545\n\tProtocol:\t\t6\n\nFilter Information:\n\tFilter Run-Time ID:\t0\n\tLayer Name:\t\tResource Assignment\n\tLayer Run-Time ID:\t36","winlog":{"channel":"security","event_id":5158,"opcode":"Info","provider_name":"Microsoft-Windows-Security-Auditing","task":"Filtering Platform Connection","api":"wineventlog","keywords":["Audit Success"],"process":{"pid":4,"thread":{"id":9232}},"event_data":{"Protocol":"6","FilterRTID":"0","LayerName":"%%14608","LayerRTID":"36","ProcessId":"4","Application":"System","SourceAddress":"0.0.0.0","SourcePort":"51545"},"computer_name":"IT001.shire.com","record_id":32101,"provider_guid":"{54849625-5478-4994-a5ba-3e3b0328c30d}"},"event":{"code":5158,"action":"Filtering Platform Connection","created":"2019-10-27T06:41:41.488Z","kind":"event"},"ecs":{"version":"1.1.0"},"host":{"name":"WECServer"},"agent":{"hostname":"WECServer","id":"72887cd5-18d3-415c-ada9-cfb237f9309f","version":"7.4.0","type":"winlogbeat","ephemeral_id":"81582c0c-9ac2-4a94-ad39-6e6f4ce9d096"}}
{"@timestamp":"2019-10-27T06:41:40.170Z","@metadata":{"beat":"winlogbeat","type":"_doc","version":"7.4.0","topic":"winlogbeat"},"event":{"kind":"event","code":7,"action":"Image loaded (rule: ImageLoad)","created":"2019-10-27T06:41:41.488Z"},"log":{"level":"information"},"message":"Image loaded:\nRuleName: \nUtcTime: 2019-10-27 06:41:40.167\nProcessGuid: {a158f72c-1bca-5db5-0000-0010e55f7800}\nProcessId: 8296\nImage: C:\\Windows\\Microsoft.NET\\Framework64\\v4.0.30319\\MSBuild.exe\nImageLoaded: C:\\Windows\\System32\\WinTypes.dll\nFileVersion: 10.0.18362.1 (WinBuild.160101.0800)\nDescription: Windows Base Types DLL\nProduct: Microsoft Windows Operating System\nCompany: Microsoft Corporation\nOriginalFileName: WinTypes.dll\nHashes: SHA1=5A13C0B61A8D3E23853B51BA32D7C63A54944318,MD5=69815D6BEDF893491051DE8005CCA3A6,SHA256=337E2F5C530D50627A62561C9791551C858D922A7BEBE484451FCE9C9D096B2B,IMPHASH=554A9752315AC45D1DA4038F3CB03786\nSigned: true\nSignature: Microsoft Windows\nSignatureStatus: Valid","winlog":{"process":{"pid":3168,"thread":{"id":3760}},"user":{"type":"User","identifier":"S-1-5-18","name":"SYSTEM","domain":"NT AUTHORITY"},"provider_name":"Microsoft-Windows-Sysmon","task":"Image loaded (rule: ImageLoad)","computer_name":"IT001.shire.com","channel":"Microsoft-Windows-Sysmon/Operational","version":3,"event_id":7,"api":"wineventlog","opcode":"Info","event_data":{"Signature":"Microsoft Windows","ImageLoaded":"C:\\Windows\\System32\\WinTypes.dll","Company":"Microsoft Corporation","ProcessGuid":"{a158f72c-1bca-5db5-0000-0010e55f7800}","Image":"C:\\Windows\\Microsoft.NET\\Framework64\\v4.0.30319\\MSBuild.exe","SignatureStatus":"Valid","Hashes":"SHA1=5A13C0B61A8D3E23853B51BA32D7C63A54944318,MD5=69815D6BEDF893491051DE8005CCA3A6,SHA256=337E2F5C530D50627A62561C9791551C858D922A7BEBE484451FCE9C9D096B2B,IMPHASH=554A9752315AC45D1DA4038F3CB03786","ProcessId":"8296","FileVersion":"10.0.18362.1 (WinBuild.160101.0800)","Description":"Windows Base Types DLL","UtcTime":"2019-10-27 06:41:40.167","OriginalFileName":"WinTypes.dll","Product":"Microsoft Windows Operating System","Signed":"true"},"record_id":273710,"provider_guid":"{5770385f-c22a-43e0-bf4c-06f5698ffbd9}"},"ecs":{"version":"1.1.0"},"host":{"name":"WECServer"},"agent":{"type":"winlogbeat","ephemeral_id":"81582c0c-9ac2-4a94-ad39-6e6f4ce9d096","hostname":"WECServer","id":"72887cd5-18d3-415c-ada9-cfb237f9309f","version":"7.4.0"}}
{"@timestamp":"2019-10-27T06:41:40.175Z","@metadata":{"beat":"winlogbeat","type":"_doc","version":"7.4.0","topic":"winlogbeat"},"winlog":{"keywords":["Audit Success"],"computer_name":"IT001.shire.com","provider_name":"Microsoft-Windows-Security-Auditing","api":"wineventlog","opcode":"Info","record_id":32102,"task":"Filtering Platform Connection","version":1,"event_data":{"LayerName":"%%14611","ProcessID":"4","DestAddress":"172.18.39.5","Protocol":"6","LayerRTID":"48","Application":"System","SourcePort":"51545","RemoteUserID":"S-1-0-0","FilterRTID":"67524","RemoteMachineID":"S-1-0-0","Direction":"%%14593","SourceAddress":"172.18.39.105","DestPort":"445"},"channel":"security","provider_guid":"{54849625-5478-4994-a5ba-3e3b0328c30d}","process":{"pid":4,"thread":{"id":9232}},"event_id":5156},"event":{"action":"Filtering Platform Connection","created":"2019-10-27T06:41:41.488Z","kind":"event","code":5156},"log":{"level":"information"},"message":"The Windows Filtering Platform has permitted a connection.\n\nApplication Information:\n\tProcess ID:\t\t4\n\tApplication Name:\tSystem\n\nNetwork Information:\n\tDirection:\t\tOutbound\n\tSource Address:\t\t172.18.39.105\n\tSource Port:\t\t51545\n\tDestination Address:\t172.18.39.5\n\tDestination Port:\t\t445\n\tProtocol:\t\t6\n\nFilter Information:\n\tFilter Run-Time ID:\t67524\n\tLayer Name:\t\tConnect\n\tLayer Run-Time ID:\t48","agent":{"id":"72887cd5-18d3-415c-ada9-cfb237f9309f","version":"7.4.0","type":"winlogbeat","ephemeral_id":"81582c0c-9ac2-4a94-ad39-6e6f4ce9d096","hostname":"WECServer"},"ecs":{"version":"1.1.0"},"host":{"name":"WECServer"}}
{"@timestamp":"2019-10-27T06:41:40.205Z","@metadata":{"beat":"winlogbeat","type":"_doc","version":"7.4.0","topic":"winlogbeat"},"agent":{"hostname":"WECServer","id":"72887cd5-18d3-415c-ada9-cfb237f9309f","version":"7.4.0","type":"winlogbeat","ephemeral_id":"81582c0c-9ac2-4a94-ad39-6e6f4ce9d096"},"message":"The Windows Filtering Platform has permitted a connection.\n\nApplication Information:\n\tProcess ID:\t\t4\n\tApplication Name:\tSystem\n\nNetwork Information:\n\tDirection:\t\tInbound\n\tSource Address:\t\t172.18.39.105\n\tSource Port:\t\t51545\n\tDestination Address:\t172.18.39.5\n\tDestination Port:\t\t445\n\tProtocol:\t\t6\n\nFilter Information:\n\tFilter Run-Time ID:\t66362\n\tLayer Name:\t\tReceive/Accept\n\tLayer Run-Time ID:\t44","winlog":{"api":"wineventlog","process":{"thread":{"id":2360},"pid":4},"opcode":"Info","version":1,"event_id":5156,"event_data":{"DestPort":"445","SourceAddress":"172.18.39.105","DestAddress":"172.18.39.5","Protocol":"6","ProcessID":"4","Application":"System","RemoteUserID":"S-1-0-0","SourcePort":"51545","FilterRTID":"66362","RemoteMachineID":"S-1-0-0","Direction":"%%14592","LayerName":"%%14610","LayerRTID":"44"},"record_id":142935,"task":"Filtering Platform Connection","computer_name":"HFDC01.shire.com","channel":"Security","provider_name":"Microsoft-Windows-Security-Auditing","keywords":["Audit Success"],"provider_guid":"{54849625-5478-4994-a5ba-3e3b0328c30d}"},"event":{"kind":"event","code":5156,"action":"Filtering Platform Connection","created":"2019-10-27T06:41:41.488Z"},"log":{"level":"information"},"ecs":{"version":"1.1.0"},"host":{"name":"WECServer"}}
{"@timestamp":"2019-10-27T06:41:40.208Z","@metadata":{"beat":"winlogbeat","type":"_doc","version":"7.4.0","topic":"winlogbeat"},"message":"Special privileges assigned to new logon.\n\nSubject:\n\tSecurity ID:\t\tS-1-5-21-3330352180-2382769307-1436459521-1112\n\tAccount Name:\t\tpgustavo\n\tAccount Domain:\t\tshire\n\tLogon ID:\t\t0x91DDBE\n\nPrivileges:\t\tSeSecurityPrivilege\n\t\t\tSeBackupPrivilege\n\t\t\tSeRestorePrivilege\n\t\t\tSeTakeOwnershipPrivilege\n\t\t\tSeDebugPrivilege\n\t\t\tSeSystemEnvironmentPrivilege\n\t\t\tSeLoadDriverPrivilege\n\t\t\tSeImpersonatePrivilege\n\t\t\tSeDelegateSessionUserImpersonatePrivilege\n\t\t\tSeEnableDelegationPrivilege","ecs":{"version":"1.1.0"},"host":{"name":"WECServer"},"agent":{"id":"72887cd5-18d3-415c-ada9-cfb237f9309f","version":"7.4.0","type":"winlogbeat","ephemeral_id":"81582c0c-9ac2-4a94-ad39-6e6f4ce9d096","hostname":"WECServer"},"winlog":{"record_id":142936,"computer_name":"HFDC01.shire.com","provider_guid":"{54849625-5478-4994-a5ba-3e3b0328c30d}","channel":"Security","provider_name":"Microsoft-Windows-Security-Auditing","event_data":{"SubjectDomainName":"shire","SubjectLogonId":"0x91ddbe","PrivilegeList":"SeSecurityPrivilege\n\t\t\tSeBackupPrivilege\n\t\t\tSeRestorePrivilege\n\t\t\tSeTakeOwnershipPrivilege\n\t\t\tSeDebugPrivilege\n\t\t\tSeSystemEnvironmentPrivilege\n\t\t\tSeLoadDriverPrivilege\n\t\t\tSeImpersonatePrivilege\n\t\t\tSeDelegateSessionUserImpersonatePrivilege\n\t\t\tSeEnableDelegationPrivilege","SubjectUserSid":"S-1-5-21-3330352180-2382769307-1436459521-1112","SubjectUserName":"pgustavo"},"task":"Special Logon","keywords":["Audit Success"],"activity_id":"{824d2e3a-8c72-0000-912e-4d82728cd501}","event_id":4672,"process":{"pid":776,"thread":{"id":3508}},"api":"wineventlog","opcode":"Info"},"event":{"action":"Special Logon","created":"2019-10-27T06:41:41.488Z","kind":"event","code":4672},"log":{"level":"information"}}
{"@timestamp":"2019-10-27T06:41:40.208Z","@metadata":{"beat":"winlogbeat","type":"_doc","version":"7.4.0","topic":"winlogbeat"},"winlog":{"opcode":"Info","event_id":4624,"provider_name":"Microsoft-Windows-Security-Auditing","event_data":{"TransmittedServices":"-","TargetOutboundUserName":"-","SubjectUserSid":"S-1-0-0","ElevatedToken":"%%1842","LogonProcessName":"Kerberos","WorkstationName":"-","TargetLinkedLogonId":"0x0","ImpersonationLevel":"%%1840","LogonType":"3","VirtualAccount":"%%1843","LmPackageName":"-","TargetLogonId":"0x91ddbe","TargetOutboundDomainName":"-","RestrictedAdminMode":"-","KeyLength":"0","SubjectUserName":"-","SubjectLogonId":"0x0","TargetUserSid":"S-1-5-21-3330352180-2382769307-1436459521-1112","TargetUserName":"pgustavo","ProcessId":"0x0","AuthenticationPackageName":"Kerberos","LogonGuid":"{d6b23455-36ef-e6ba-1e88-b87986b8158a}","TargetDomainName":"SHIRE.COM","IpPort":"51545","SubjectDomainName":"-","ProcessName":"-","IpAddress":"172.18.39.105"},"task":"Logon","version":2,"process":{"thread":{"id":3508},"pid":776},"activity_id":"{824d2e3a-8c72-0000-912e-4d82728cd501}","record_id":142937,"computer_name":"HFDC01.shire.com","api":"wineventlog","channel":"Security","keywords":["Audit Success"],"provider_guid":"{54849625-5478-4994-a5ba-3e3b0328c30d}"},"event":{"action":"Logon","created":"2019-10-27T06:41:41.488Z","kind":"event","code":4624},"log":{"level":"information"},"message":"An account was successfully logged on.\n\nSubject:\n\tSecurity ID:\t\tS-1-0-0\n\tAccount Name:\t\t-\n\tAccount Domain:\t\t-\n\tLogon ID:\t\t0x0\n\nLogon Information:\n\tLogon Type:\t\t3\n\tRestricted Admin Mode:\t-\n\tVirtual Account:\t\tNo\n\tElevated Token:\t\tYes\n\nImpersonation Level:\t\tDelegation\n\nNew Logon:\n\tSecurity ID:\t\tS-1-5-21-3330352180-2382769307-1436459521-1112\n\tAccount Name:\t\tpgustavo\n\tAccount Domain:\t\tSHIRE.COM\n\tLogon ID:\t\t0x91DDBE\n\tLinked Logon ID:\t\t0x0\n\tNetwork Account Name:\t-\n\tNetwork Account Domain:\t-\n\tLogon GUID:\t\t{d6b23455-36ef-e6ba-1e88-b87986b8158a}\n\nProcess Information:\n\tProcess ID:\t\t0x0\n\tProcess Name:\t\t-\n\nNetwork Information:\n\tWorkstation Name:\t-\n\tSource Network Address:\t172.18.39.105\n\tSource Port:\t\t51545\n\nDetailed Authentication Information:\n\tLogon Process:\t\tKerberos\n\tAuthentication Package:\tKerberos\n\tTransited Services:\t-\n\tPackage Name (NTLM only):\t-\n\tKey Length:\t\t0\n\nThis event is generated when a logon session is created. It is generated on the computer that was accessed.\n\nThe subject fields indicate the account on the local system which requested the logon. This is most commonly a service such as the Server service, or a local process such as Winlogon.exe or Services.exe.\n\nThe logon type field indicates the kind of logon that occurred. The most common types are 2 (interactive) and 3 (network).\n\nThe New Logon fields indicate the account for whom the new logon was created, i.e. the account that was logged on.\n\nThe network fields indicate where a remote logon request originated. Workstation name is not always available and may be left blank in some cases.\n\nThe impersonation level field indicates the extent to which a process in the logon session can impersonate.\n\nThe authentication information fields provide detailed information about this specific logon request.\n\t- Logon GUID is a unique identifier that can be used to correlate this event with a KDC event.\n\t- Transited services indicate which intermediate services have participated in this logon request.\n\t- Package name indicates which sub-protocol was used among the NTLM protocols.\n\t- Key length indicates the length of the generated session key. This will be 0 if no session key was requested.","agent":{"version":"7.4.0","type":"winlogbeat","ephemeral_id":"81582c0c-9ac2-4a94-ad39-6e6f4ce9d096","hostname":"WECServer","id":"72887cd5-18d3-415c-ada9-cfb237f9309f"},"ecs":{"version":"1.1.0"},"host":{"name":"WECServer"}}
{"@timestamp":"2019-10-27T06:41:40.208Z","@metadata":{"beat":"winlogbeat","type":"_doc","version":"7.4.0","topic":"winlogbeat"},"log":{"level":"information"},"message":"Group membership information.\n\nSubject:\n\tSecurity ID:\t\tS-1-0-0\n\tAccount Name:\t\t-\n\tAccount Domain:\t\t-\n\tLogon ID:\t\t0x0\n\nLogon Type:\t\t\t3\n\nNew Logon:\n\tSecurity ID:\t\tS-1-5-21-3330352180-2382769307-1436459521-1112\n\tAccount Name:\t\tpgustavo\n\tAccount Domain:\t\tSHIRE.COM\n\tLogon ID:\t\t0x91DDBE\n\nEvent in sequence:\t\t1 of 1\n\nGroup Membership:\t\t\t\n\t\t%{S-1-5-21-3330352180-2382769307-1436459521-513}\n\t\t%{S-1-1-0}\n\t\t%{S-1-5-32-545}\n\t\t%{S-1-5-32-554}\n\t\t%{S-1-5-32-555}\n\t\t%{S-1-5-32-544}\n\t\t%{S-1-5-2}\n\t\t%{S-1-5-11}\n\t\t%{S-1-5-15}\n\t\t%{S-1-5-21-3330352180-2382769307-1436459521-512}\n\t\t%{S-1-5-21-3330352180-2382769307-1436459521-519}\n\t\t%{S-1-5-21-3330352180-2382769307-1436459521-518}\n\t\t%{S-1-18-1}\n\t\t%{S-1-5-21-3330352180-2382769307-1436459521-572}\n\t\t%{S-1-16-12288}\n\nThe subject fields indicate the account on the local system which requested the logon. This is most commonly a service such as the Server service, or a local process such as Winlogon.exe or Services.exe.\n\nThe logon type field indicates the kind of logon that occurred. The most common types are 2 (interactive) and 3 (network).\n\nThe New Logon fields indicate the account for whom the new logon was created, i.e. the account that was logged on.\n\nThis event is generated when the Audit Group Membership subcategory is configured.  The Logon ID field can be used to correlate this event with the corresponding user logon event as well as to any other security audit events generated during this logon session.","winlog":{"task":"Group Membership","keywords":["Audit Success"],"computer_name":"HFDC01.shire.com","provider_guid":"{54849625-5478-4994-a5ba-3e3b0328c30d}","activity_id":"{824d2e3a-8c72-0000-912e-4d82728cd501}","event_id":4627,"opcode":"Info","provider_name":"Microsoft-Windows-Security-Auditing","api":"wineventlog","process":{"pid":776,"thread":{"id":3508}},"event_data":{"TargetDomainName":"SHIRE.COM","EventCountTotal":"1","SubjectUserSid":"S-1-0-0","TargetUserName":"pgustavo","TargetUserSid":"S-1-5-21-3330352180-2382769307-1436459521-1112","LogonType":"3","EventIdx":"1","GroupMembership":"\n\t\t%{S-1-5-21-3330352180-2382769307-1436459521-513}\n\t\t%{S-1-1-0}\n\t\t%{S-1-5-32-545}\n\t\t%{S-1-5-32-554}\n\t\t%{S-1-5-32-555}\n\t\t%{S-1-5-32-544}\n\t\t%{S-1-5-2}\n\t\t%{S-1-5-11}\n\t\t%{S-1-5-15}\n\t\t%{S-1-5-21-3330352180-2382769307-1436459521-512}\n\t\t%{S-1-5-21-3330352180-2382769307-1436459521-519}\n\t\t%{S-1-5-21-3330352180-2382769307-1436459521-518}\n\t\t%{S-1-18-1}\n\t\t%{S-1-5-21-3330352180-2382769307-1436459521-572}\n\t\t%{S-1-16-12288}","SubjectUserName":"-","TargetLogonId":"0x91ddbe","SubjectDomainName":"-","SubjectLogonId":"0x0"},"channel":"Security","record_id":142938},"event":{"created":"2019-10-27T06:41:41.488Z","kind":"event","code":4627,"action":"Group Membership"},"ecs":{"version":"1.1.0"},"host":{"name":"WECServer"},"agent":{"version":"7.4.0","type":"winlogbeat","ephemeral_id":"81582c0c-9ac2-4a94-ad39-6e6f4ce9d096","hostname":"WECServer","id":"72887cd5-18d3-415c-ada9-cfb237f9309f"}}
{"@timestamp":"2019-10-27T06:41:40.209Z","@metadata":{"beat":"winlogbeat","type":"_doc","version":"7.4.0","topic":"winlogbeat"},"winlog":{"channel":"Security","provider_name":"Microsoft-Windows-Security-Auditing","api":"wineventlog","keywords":["Audit Success"],"provider_guid":"{54849625-5478-4994-a5ba-3e3b0328c30d}","task":"File Share","opcode":"Info","event_data":{"SubjectUserName":"pgustavo","IpPort":"51545","ShareName":"\\\\*\\IPC$","SubjectDomainName":"shire","AccessMask":"0x1","AccessList":"%%4416\n\t\t\t\t","ObjectType":"File","IpAddress":"172.18.39.105","SubjectUserSid":"S-1-5-21-3330352180-2382769307-1436459521-1112","SubjectLogonId":"0x91ddbe"},"event_id":5140,"record_id":142939,"computer_name":"HFDC01.shire.com","version":1,"process":{"pid":4,"thread":{"id":2360}}},"event":{"kind":"event","code":5140,"action":"File Share","created":"2019-10-27T06:41:41.488Z"},"log":{"level":"information"},"message":"A network share object was accessed.\n\t\nSubject:\n\tSecurity ID:\t\tS-1-5-21-3330352180-2382769307-1436459521-1112\n\tAccount Name:\t\tpgustavo\n\tAccount Domain:\t\tshire\n\tLogon ID:\t\t0x91DDBE\n\nNetwork Information:\t\n\tObject Type:\t\tFile\n\tSource Address:\t\t172.18.39.105\n\tSource Port:\t\t51545\n\t\nShare Information:\n\tShare Name:\t\t\\\\*\\IPC$\n\tShare Path:\t\t\n\nAccess Request Information:\n\tAccess Mask:\t\t0x1\n\tAccesses:\t\tReadData (or ListDirectory)\n\t\t\t\t","ecs":{"version":"1.1.0"},"host":{"name":"WECServer"},"agent":{"hostname":"WECServer","id":"72887cd5-18d3-415c-ada9-cfb237f9309f","version":"7.4.0","type":"winlogbeat","ephemeral_id":"81582c0c-9ac2-4a94-ad39-6e6f4ce9d096"}}
{"@timestamp":"2019-10-27T06:41:40.210Z","@metadata":{"beat":"winlogbeat","type":"_doc","version":"7.4.0","topic":"winlogbeat"},"event":{"code":5145,"action":"Detailed File Share","created":"2019-10-27T06:41:41.488Z","kind":"event"},"log":{"level":"information"},"message":"A network share object was checked to see whether client can be granted desired access.\n\t\nSubject:\n\tSecurity ID:\t\tS-1-5-21-3330352180-2382769307-1436459521-1112\n\tAccount Name:\t\tpgustavo\n\tAccount Domain:\t\tshire\n\tLogon ID:\t\t0x91DDBE\n\nNetwork Information:\t\n\tObject Type:\t\tFile\n\tSource Address:\t\t172.18.39.105\n\tSource Port:\t\t51545\n\t\nShare Information:\n\tShare Name:\t\t\\\\*\\IPC$\n\tShare Path:\t\t\n\tRelative Target Name:\tlsarpc\n\nAccess Request Information:\n\tAccess Mask:\t\t0x12019F\n\tAccesses:\t\tREAD_CONTROL\n\t\t\t\tSYNCHRONIZE\n\t\t\t\tReadData (or ListDirectory)\n\t\t\t\tWriteData (or AddFile)\n\t\t\t\tAppendData (or AddSubdirectory or CreatePipeInstance)\n\t\t\t\tReadEA\n\t\t\t\tWriteEA\n\t\t\t\tReadAttributes\n\t\t\t\tWriteAttributes\n\t\t\t\t\nAccess Check Results:\n\t-","winlog":{"event_data":{"SubjectDomainName":"shire","ShareName":"\\\\*\\IPC$","AccessMask":"0x12019f","IpAddress":"172.18.39.105","IpPort":"51545","AccessList":"%%1538\n\t\t\t\t%%1541\n\t\t\t\t%%4416\n\t\t\t\t%%4417\n\t\t\t\t%%4418\n\t\t\t\t%%4419\n\t\t\t\t%%4420\n\t\t\t\t%%4423\n\t\t\t\t%%4424\n\t\t\t\t","AccessReason":"-","SubjectUserName":"pgustavo","RelativeTargetName":"lsarpc","SubjectUserSid":"S-1-5-21-3330352180-2382769307-1436459521-1112","ObjectType":"File","SubjectLogonId":"0x91ddbe"},"channel":"Security","provider_name":"Microsoft-Windows-Security-Auditing","record_id":142940,"api":"wineventlog","opcode":"Info","event_id":5145,"keywords":["Audit Success"],"process":{"pid":4,"thread":{"id":2360}},"task":"Detailed File Share","computer_name":"HFDC01.shire.com","provider_guid":"{54849625-5478-4994-a5ba-3e3b0328c30d}"},"ecs":{"version":"1.1.0"},"host":{"name":"WECServer"},"agent":{"ephemeral_id":"81582c0c-9ac2-4a94-ad39-6e6f4ce9d096","hostname":"WECServer","id":"72887cd5-18d3-415c-ada9-cfb237f9309f","version":"7.4.0","type":"winlogbeat"}}
{"@timestamp":"2019-10-27T06:41:40.215Z","@metadata":{"beat":"winlogbeat","type":"_doc","version":"7.4.0","topic":"winlogbeat"},"host":{"name":"WECServer"},"winlog":{"channel":"Security","record_id":142941,"provider_name":"Microsoft-Windows-Security-Auditing","opcode":"Info","provider_guid":"{54849625-5478-4994-a5ba-3e3b0328c30d}","api":"wineventlog","keywords":["Audit Success"],"process":{"pid":4,"thread":{"id":2360}},"event_id":5145,"computer_name":"HFDC01.shire.com","event_data":{"IpAddress":"172.18.39.105","AccessMask":"0x12019f","SubjectUserSid":"S-1-5-21-3330352180-2382769307-1436459521-1112","ObjectType":"File","RelativeTargetName":"lsarpc","SubjectUserName":"pgustavo","SubjectDomainName":"shire","IpPort":"51545","ShareName":"\\\\*\\IPC$","AccessList":"%%1538\n\t\t\t\t%%1541\n\t\t\t\t%%4416\n\t\t\t\t%%4417\n\t\t\t\t%%4418\n\t\t\t\t%%4419\n\t\t\t\t%%4420\n\t\t\t\t%%4423\n\t\t\t\t%%4424\n\t\t\t\t","AccessReason":"-","SubjectLogonId":"0x91ddbe"},"task":"Detailed File Share"},"event":{"kind":"event","code":5145,"action":"Detailed File Share","created":"2019-10-27T06:41:42.493Z"},"log":{"level":"information"},"message":"A network share object was checked to see whether client can be granted desired access.\n\t\nSubject:\n\tSecurity ID:\t\tS-1-5-21-3330352180-2382769307-1436459521-1112\n\tAccount Name:\t\tpgustavo\n\tAccount Domain:\t\tshire\n\tLogon ID:\t\t0x91DDBE\n\nNetwork Information:\t\n\tObject Type:\t\tFile\n\tSource Address:\t\t172.18.39.105\n\tSource Port:\t\t51545\n\t\nShare Information:\n\tShare Name:\t\t\\\\*\\IPC$\n\tShare Path:\t\t\n\tRelative Target Name:\tlsarpc\n\nAccess Request Information:\n\tAccess Mask:\t\t0x12019F\n\tAccesses:\t\tREAD_CONTROL\n\t\t\t\tSYNCHRONIZE\n\t\t\t\tReadData (or ListDirectory)\n\t\t\t\tWriteData (or AddFile)\n\t\t\t\tAppendData (or AddSubdirectory or CreatePipeInstance)\n\t\t\t\tReadEA\n\t\t\t\tWriteEA\n\t\t\t\tReadAttributes\n\t\t\t\tWriteAttributes\n\t\t\t\t\nAccess Check Results:\n\t-","agent":{"version":"7.4.0","type":"winlogbeat","ephemeral_id":"81582c0c-9ac2-4a94-ad39-6e6f4ce9d096","hostname":"WECServer","id":"72887cd5-18d3-415c-ada9-cfb237f9309f"},"ecs":{"version":"1.1.0"}}
{"@timestamp":"2019-10-27T06:41:40.221Z","@metadata":{"beat":"winlogbeat","type":"_doc","version":"7.4.0","topic":"winlogbeat"},"message":"An operation was performed on an object.\n\nSubject :\n\tSecurity ID:\t\tS-1-5-21-3330352180-2382769307-1436459521-1112\n\tAccount Name:\t\tpgustavo\n\tAccount Domain:\t\tshire\n\tLogon ID:\t\t0x919CF7\n\nObject:\n\tObject Server:\t\tDS\n\tObject Type:\t\t%{19195a5b-6da0-11d0-afd3-00c04fd930c9}\n\tObject Name:\t\t%{5f151872-d155-44b2-b4e3-86776be6cb1b}\n\tHandle ID:\t\t0x0\n\nOperation:\n\tOperation Type:\t\tObject Access\n\tAccesses:\t\tControl Access\n\t\t\t\t\n\tAccess Mask:\t\t0x100\n\tProperties:\t\tControl Access\n\t\t{1131f6aa-9c07-11d1-f79f-00c04fc2dcd2}\n\t{19195a5b-6da0-11d0-afd3-00c04fd930c9}\n\n\nAdditional Information:\n\tParameter 1:\t\t-\n\tParameter 2:\t\t","ecs":{"version":"1.1.0"},"host":{"name":"WECServer"},"agent":{"type":"winlogbeat","ephemeral_id":"81582c0c-9ac2-4a94-ad39-6e6f4ce9d096","hostname":"WECServer","id":"72887cd5-18d3-415c-ada9-cfb237f9309f","version":"7.4.0"},"winlog":{"record_id":142942,"provider_guid":"{54849625-5478-4994-a5ba-3e3b0328c30d}","process":{"pid":776,"thread":{"id":892}},"channel":"Security","event_data":{"SubjectLogonId":"0x919cf7","OperationType":"Object Access","AccessMask":"0x100","AccessList":"%%7688\n\t\t\t\t","Properties":"%%7688\n\t\t{1131f6aa-9c07-11d1-f79f-00c04fc2dcd2}\n\t{19195a5b-6da0-11d0-afd3-00c04fd930c9}","ObjectType":"%{19195a5b-6da0-11d0-afd3-00c04fd930c9}","HandleId":"0x0","AdditionalInfo":"-","SubjectUserName":"pgustavo","SubjectUserSid":"S-1-5-21-3330352180-2382769307-1436459521-1112","SubjectDomainName":"shire","ObjectName":"%{5f151872-d155-44b2-b4e3-86776be6cb1b}","ObjectServer":"DS"},"event_id":4662,"provider_name":"Microsoft-Windows-Security-Auditing","api":"wineventlog","computer_name":"HFDC01.shire.com","keywords":["Audit Success"],"opcode":"Info","task":"Directory Service Access"},"event":{"code":4662,"action":"Directory Service Access","created":"2019-10-27T06:41:42.493Z","kind":"event"},"log":{"level":"information"}}
{"@timestamp":"2019-10-27T06:41:40.221Z","@metadata":{"beat":"winlogbeat","type":"_doc","version":"7.4.0","topic":"winlogbeat"},"host":{"name":"WECServer"},"agent":{"hostname":"WECServer","id":"72887cd5-18d3-415c-ada9-cfb237f9309f","version":"7.4.0","type":"winlogbeat","ephemeral_id":"81582c0c-9ac2-4a94-ad39-6e6f4ce9d096"},"winlog":{"opcode":"Info","event_data":{"SubjectUserSid":"S-1-5-21-3330352180-2382769307-1436459521-1112","SubjectDomainName":"shire","AdditionalInfo":"-","HandleId":"0x0","ObjectType":"%{19195a5b-6da0-11d0-afd3-00c04fd930c9}","AccessMask":"0x100","SubjectUserName":"pgustavo","SubjectLogonId":"0x919cf7","ObjectName":"%{5f151872-d155-44b2-b4e3-86776be6cb1b}","OperationType":"Object Access","Properties":"%%7688\n\t\t{1131f6ad-9c07-11d1-f79f-00c04fc2dcd2}\n\t{19195a5b-6da0-11d0-afd3-00c04fd930c9}","ObjectServer":"DS","AccessList":"%%7688\n\t\t\t\t"},"event_id":4662,"provider_name":"Microsoft-Windows-Security-Auditing","provider_guid":"{54849625-5478-4994-a5ba-3e3b0328c30d}","channel":"Security","task":"Directory Service Access","api":"wineventlog","record_id":142943,"keywords":["Audit Success"],"computer_name":"HFDC01.shire.com","process":{"thread":{"id":892},"pid":776}},"event":{"kind":"event","code":4662,"action":"Directory Service Access","created":"2019-10-27T06:41:42.493Z"},"log":{"level":"information"},"message":"An operation was performed on an object.\n\nSubject :\n\tSecurity ID:\t\tS-1-5-21-3330352180-2382769307-1436459521-1112\n\tAccount Name:\t\tpgustavo\n\tAccount Domain:\t\tshire\n\tLogon ID:\t\t0x919CF7\n\nObject:\n\tObject Server:\t\tDS\n\tObject Type:\t\t%{19195a5b-6da0-11d0-afd3-00c04fd930c9}\n\tObject Name:\t\t%{5f151872-d155-44b2-b4e3-86776be6cb1b}\n\tHandle ID:\t\t0x0\n\nOperation:\n\tOperation Type:\t\tObject Access\n\tAccesses:\t\tControl Access\n\t\t\t\t\n\tAccess Mask:\t\t0x100\n\tProperties:\t\tControl Access\n\t\t{1131f6ad-9c07-11d1-f79f-00c04fc2dcd2}\n\t{19195a5b-6da0-11d0-afd3-00c04fd930c9}\n\n\nAdditional Information:\n\tParameter 1:\t\t-\n\tParameter 2:\t\t","ecs":{"version":"1.1.0"}}
{"@timestamp":"2019-10-27T06:41:40.208Z","@metadata":{"beat":"winlogbeat","type":"_doc","version":"7.4.0","topic":"winlogbeat"},"ecs":{"version":"1.1.0"},"host":{"name":"WECServer"},"agent":{"ephemeral_id":"81582c0c-9ac2-4a94-ad39-6e6f4ce9d096","hostname":"WECServer","id":"72887cd5-18d3-415c-ada9-cfb237f9309f","version":"7.4.0","type":"winlogbeat"},"message":"RawAccessRead detected:\nRuleName: \nUtcTime: 2019-10-27 06:41:40.205\nProcessGuid: {e7604876-0806-5db5-0000-0010e3580000}\nProcessId: 776\nImage: C:\\Windows\\System32\\lsass.exe\nDevice: \\Device\\HarddiskVolume1","winlog":{"event_data":{"UtcTime":"2019-10-27 06:41:40.205","ProcessGuid":"{e7604876-0806-5db5-0000-0010e3580000}","ProcessId":"776","Image":"C:\\Windows\\System32\\lsass.exe","Device":"\\Device\\HarddiskVolume1"},"event_id":9,"provider_guid":"{5770385f-c22a-43e0-bf4c-06f5698ffbd9}","process":{"pid":2860,"thread":{"id":3700}},"channel":"Microsoft-Windows-Sysmon/Operational","record_id":254664,"task":"RawAccessRead detected (rule: RawAccessRead)","user":{"type":"User","identifier":"S-1-5-18","name":"SYSTEM","domain":"NT AUTHORITY"},"version":2,"provider_name":"Microsoft-Windows-Sysmon","opcode":"Info","api":"wineventlog","computer_name":"HFDC01.shire.com"},"event":{"kind":"event","code":9,"action":"RawAccessRead detected (rule: RawAccessRead)","created":"2019-10-27T06:41:42.493Z"},"log":{"level":"information"}}
{"@timestamp":"2019-10-27T06:41:40.208Z","@metadata":{"beat":"winlogbeat","type":"_doc","version":"7.4.0","topic":"winlogbeat"},"host":{"name":"WECServer"},"agent":{"ephemeral_id":"81582c0c-9ac2-4a94-ad39-6e6f4ce9d096","hostname":"WECServer","id":"72887cd5-18d3-415c-ada9-cfb237f9309f","version":"7.4.0","type":"winlogbeat"},"winlog":{"process":{"pid":2860,"thread":{"id":3700}},"channel":"Microsoft-Windows-Sysmon/Operational","opcode":"Info","event_id":9,"computer_name":"HFDC01.shire.com","user":{"identifier":"S-1-5-18","name":"SYSTEM","domain":"NT AUTHORITY","type":"User"},"record_id":254665,"task":"RawAccessRead detected (rule: RawAccessRead)","event_data":{"Device":"\\Device\\HarddiskVolume1","UtcTime":"2019-10-27 06:41:40.205","ProcessGuid":"{e7604876-0806-5db5-0000-0010e3580000}","ProcessId":"776","Image":"C:\\Windows\\System32\\lsass.exe"},"provider_name":"Microsoft-Windows-Sysmon","api":"wineventlog","provider_guid":"{5770385f-c22a-43e0-bf4c-06f5698ffbd9}","version":2},"event":{"created":"2019-10-27T06:41:42.493Z","kind":"event","code":9,"action":"RawAccessRead detected (rule: RawAccessRead)"},"log":{"level":"information"},"message":"RawAccessRead detected:\nRuleName: \nUtcTime: 2019-10-27 06:41:40.205\nProcessGuid: {e7604876-0806-5db5-0000-0010e3580000}\nProcessId: 776\nImage: C:\\Windows\\System32\\lsass.exe\nDevice: \\Device\\HarddiskVolume1","ecs":{"version":"1.1.0"}}
{"@timestamp":"2019-10-27T06:41:40.210Z","@metadata":{"beat":"winlogbeat","type":"_doc","version":"7.4.0","topic":"winlogbeat"},"event":{"code":18,"action":"Pipe Connected (rule: PipeEvent)","created":"2019-10-27T06:41:42.493Z","kind":"event"},"log":{"level":"information"},"message":"Pipe Connected:\nRuleName: \nEventType: ConnectPipe\nUtcTime: 2019-10-27 06:41:40.205\nProcessGuid: {e7604876-0803-5db5-0000-0010eb030000}\nProcessId: 4\nPipeName: \\lsass\nImage: System","winlog":{"record_id":254666,"task":"Pipe Connected (rule: PipeEvent)","opcode":"Info","version":1,"provider_name":"Microsoft-Windows-Sysmon","api":"wineventlog","user":{"type":"User","identifier":"S-1-5-18","name":"SYSTEM","domain":"NT AUTHORITY"},"event_data":{"Image":"System","EventType":"ConnectPipe","UtcTime":"2019-10-27 06:41:40.205","ProcessGuid":"{e7604876-0803-5db5-0000-0010eb030000}","ProcessId":"4","PipeName":"\\lsass"},"computer_name":"HFDC01.shire.com","channel":"Microsoft-Windows-Sysmon/Operational","provider_guid":"{5770385f-c22a-43e0-bf4c-06f5698ffbd9}","process":{"pid":2860,"thread":{"id":3700}},"event_id":18},"ecs":{"version":"1.1.0"},"host":{"name":"WECServer"},"agent":{"hostname":"WECServer","id":"72887cd5-18d3-415c-ada9-cfb237f9309f","version":"7.4.0","type":"winlogbeat","ephemeral_id":"81582c0c-9ac2-4a94-ad39-6e6f4ce9d096"}}
{"@timestamp":"2019-10-27T06:41:40.215Z","@metadata":{"beat":"winlogbeat","type":"_doc","version":"7.4.0","topic":"winlogbeat"},"host":{"name":"WECServer"},"agent":{"id":"72887cd5-18d3-415c-ada9-cfb237f9309f","version":"7.4.0","type":"winlogbeat","ephemeral_id":"81582c0c-9ac2-4a94-ad39-6e6f4ce9d096","hostname":"WECServer"},"winlog":{"provider_name":"Microsoft-Windows-Sysmon","version":1,"user":{"domain":"NT AUTHORITY","type":"User","identifier":"S-1-5-18","name":"SYSTEM"},"api":"wineventlog","computer_name":"HFDC01.shire.com","opcode":"Info","process":{"thread":{"id":3700},"pid":2860},"channel":"Microsoft-Windows-Sysmon/Operational","event_id":18,"record_id":254667,"event_data":{"UtcTime":"2019-10-27 06:41:40.205","ProcessGuid":"{e7604876-0803-5db5-0000-0010eb030000}","ProcessId":"4","PipeName":"\\lsass","Image":"System","EventType":"ConnectPipe"},"task":"Pipe Connected (rule: PipeEvent)","provider_guid":"{5770385f-c22a-43e0-bf4c-06f5698ffbd9}"},"event":{"created":"2019-10-27T06:41:42.493Z","kind":"event","code":18,"action":"Pipe Connected (rule: PipeEvent)"},"log":{"level":"information"},"message":"Pipe Connected:\nRuleName: \nEventType: ConnectPipe\nUtcTime: 2019-10-27 06:41:40.205\nProcessGuid: {e7604876-0803-5db5-0000-0010eb030000}\nProcessId: 4\nPipeName: \\lsass\nImage: System","ecs":{"version":"1.1.0"}}
